[2026-01-25T14:13:29.406+0000] {taskinstance.py:1956} INFO - Dependencies all met for dep_context=non-requeueable deps ti=<TaskInstance: flatten_data.process_xml manual__2026-01-25T14:00:57.684748+00:00 [queued]>
[2026-01-25T14:13:29.410+0000] {taskinstance.py:1956} INFO - Dependencies all met for dep_context=requeueable deps ti=<TaskInstance: flatten_data.process_xml manual__2026-01-25T14:00:57.684748+00:00 [queued]>
[2026-01-25T14:13:29.411+0000] {taskinstance.py:2170} INFO - Starting attempt 3 of 4
[2026-01-25T14:13:29.418+0000] {taskinstance.py:2191} INFO - Executing <Task(PostgresOperator): process_xml> on 2026-01-25 14:00:57.684748+00:00
[2026-01-25T14:13:29.422+0000] {standard_task_runner.py:60} INFO - Started process 383 to run task
[2026-01-25T14:13:29.427+0000] {standard_task_runner.py:87} INFO - Running: ['***', 'tasks', 'run', 'flatten_data', 'process_xml', 'manual__2026-01-25T14:00:57.684748+00:00', '--job-id', '13', '--raw', '--subdir', 'DAGS_FOLDER/flatten_dag.py', '--cfg-path', '/tmp/tmpw8snzsj5']
[2026-01-25T14:13:29.432+0000] {standard_task_runner.py:88} INFO - Job 13: Subtask process_xml
[2026-01-25T14:13:29.458+0000] {logging_mixin.py:188} WARNING - /home/***/.local/lib/python3.11/site-packages/***/settings.py:194 DeprecationWarning: The sql_alchemy_conn option in [core] has been moved to the sql_alchemy_conn option in [database] - the old setting has been used, but please update your config.
[2026-01-25T14:13:29.490+0000] {task_command.py:423} INFO - Running <TaskInstance: flatten_data.process_xml manual__2026-01-25T14:00:57.684748+00:00 [running]> on host dd5b6a24436d
[2026-01-25T14:13:29.556+0000] {taskinstance.py:2480} INFO - Exporting env vars: AIRFLOW_CTX_DAG_OWNER='student' AIRFLOW_CTX_DAG_ID='flatten_data' AIRFLOW_CTX_TASK_ID='process_xml' AIRFLOW_CTX_EXECUTION_DATE='2026-01-25T14:00:57.684748+00:00' AIRFLOW_CTX_TRY_NUMBER='3' AIRFLOW_CTX_DAG_RUN_ID='manual__2026-01-25T14:00:57.684748+00:00'
[2026-01-25T14:13:29.557+0000] {sql.py:276} INFO - Executing: 
        TRUNCATE TABLE flat_foods;
        
        -- Вариант 1: Простой и работающий
        INSERT INTO flat_foods (
            food_name, manufacturer, serving_size,
            calories_total, calories_fat,
            total_fat, saturated_fat, cholesterol, sodium,
            carb, fiber, protein,
            vitamin_a, vitamin_c, calcium, iron
        )
        SELECT 
            (xpath('//food[' || idx || ']/name/text()', xml_data::xml))[1]::text as food_name,
            (xpath('//food[' || idx || ']/mfr/text()', xml_data::xml))[1]::text as manufacturer,
            (xpath('//food[' || idx || ']/serving/text()', xml_data::xml))[1]::text as serving_size,
            NULLIF((xpath('//food[' || idx || ']/calories/@total', xml_data::xml))[1]::text, '')::int as calories_total,
            NULLIF((xpath('//food[' || idx || ']/calories/@fat', xml_data::xml))[1]::text, '')::int as calories_fat,
            (xpath('//food[' || idx || ']/total-fat/text()', xml_data::xml))[1]::text as total_fat,
            (xpath('//food[' || idx || ']/saturated-fat/text()', xml_data::xml))[1]::text as saturated_fat,
            (xpath('//food[' || idx || ']/cholesterol/text()', xml_data::xml))[1]::text as cholesterol,
            (xpath('//food[' || idx || ']/sodium/text()', xml_data::xml))[1]::text as sodium,
            (xpath('//food[' || idx || ']/carb/text()', xml_data::xml))[1]::text as carb,
            (xpath('//food[' || idx || ']/fiber/text()', xml_data::xml))[1]::text as fiber,
            (xpath('//food[' || idx || ']/protein/text()', xml_data::xml))[1]::text as protein,
            COALESCE((xpath('//food[' || idx || ']/vitamins/a/text()', xml_data::xml))[1]::text, '0') as vitamin_a,
            COALESCE((xpath('//food[' || idx || ']/vitamins/c/text()', xml_data::xml))[1]::text, '0') as vitamin_c,
            COALESCE((xpath('//food[' || idx || ']/minerals/ca/text()', xml_data::xml))[1]::text, '0') as calcium,
            COALESCE((xpath('//food[' || idx || ']/minerals/fe/text()', xml_data::xml))[1]::text, '0') as iron
        FROM raw_xml
        CROSS JOIN generate_series(1, 20) as idx  -- Достаточно для 10 продуктов
        WHERE (xpath('//food[' || idx || ']/name/text()', xml_data::xml))[1] IS NOT NULL;
        
[2026-01-25T14:13:29.557+0000] {crypto.py:82} WARNING - empty cryptography key - values will not be stored encrypted.
[2026-01-25T14:13:29.558+0000] {base.py:83} INFO - Using connection ID 'postgres_data' for task execution.
[2026-01-25T14:13:29.560+0000] {base.py:83} INFO - Using connection ID 'postgres_data' for task execution.
[2026-01-25T14:13:29.563+0000] {sql.py:450} INFO - Running statement: 
        TRUNCATE TABLE flat_foods;
        
        -- Вариант 1: Простой и работающий
        INSERT INTO flat_foods (
            food_name, manufacturer, serving_size,
            calories_total, calories_fat,
            total_fat, saturated_fat, cholesterol, sodium,
            carb, fiber, protein,
            vitamin_a, vitamin_c, calcium, iron
        )
        SELECT 
            (xpath('//food[' || idx || ']/name/text()', xml_data::xml))[1]::text as food_name,
            (xpath('//food[' || idx || ']/mfr/text()', xml_data::xml))[1]::text as manufacturer,
            (xpath('//food[' || idx || ']/serving/text()', xml_data::xml))[1]::text as serving_size,
            NULLIF((xpath('//food[' || idx || ']/calories/@total', xml_data::xml))[1]::text, '')::int as calories_total,
            NULLIF((xpath('//food[' || idx || ']/calories/@fat', xml_data::xml))[1]::text, '')::int as calories_fat,
            (xpath('//food[' || idx || ']/total-fat/text()', xml_data::xml))[1]::text as total_fat,
            (xpath('//food[' || idx || ']/saturated-fat/text()', xml_data::xml))[1]::text as saturated_fat,
            (xpath('//food[' || idx || ']/cholesterol/text()', xml_data::xml))[1]::text as cholesterol,
            (xpath('//food[' || idx || ']/sodium/text()', xml_data::xml))[1]::text as sodium,
            (xpath('//food[' || idx || ']/carb/text()', xml_data::xml))[1]::text as carb,
            (xpath('//food[' || idx || ']/fiber/text()', xml_data::xml))[1]::text as fiber,
            (xpath('//food[' || idx || ']/protein/text()', xml_data::xml))[1]::text as protein,
            COALESCE((xpath('//food[' || idx || ']/vitamins/a/text()', xml_data::xml))[1]::text, '0') as vitamin_a,
            COALESCE((xpath('//food[' || idx || ']/vitamins/c/text()', xml_data::xml))[1]::text, '0') as vitamin_c,
            COALESCE((xpath('//food[' || idx || ']/minerals/ca/text()', xml_data::xml))[1]::text, '0') as calcium,
            COALESCE((xpath('//food[' || idx || ']/minerals/fe/text()', xml_data::xml))[1]::text, '0') as iron
        FROM raw_xml
        CROSS JOIN generate_series(1, 20) as idx  -- Достаточно для 10 продуктов
        WHERE (xpath('//food[' || idx || ']/name/text()', xml_data::xml))[1] IS NOT NULL;
        , parameters: None
[2026-01-25T14:13:29.607+0000] {sql.py:459} INFO - Rows affected: 10
[2026-01-25T14:13:29.614+0000] {taskinstance.py:1138} INFO - Marking task as SUCCESS. dag_id=flatten_data, task_id=process_xml, execution_date=20260125T140057, start_date=20260125T141329, end_date=20260125T141329
[2026-01-25T14:13:29.647+0000] {local_task_job_runner.py:234} INFO - Task exited with return code 0
[2026-01-25T14:13:29.682+0000] {taskinstance.py:3280} INFO - 0 downstream tasks scheduled from follow-on schedule check
