[2026-01-26T08:13:19.548+0000] {taskinstance.py:1956} INFO - Dependencies all met for dep_context=non-requeueable deps ti=<TaskInstance: flatten_data.process_json manual__2026-01-26T08:13:17.837703+00:00 [queued]>
[2026-01-26T08:13:19.553+0000] {taskinstance.py:1956} INFO - Dependencies all met for dep_context=requeueable deps ti=<TaskInstance: flatten_data.process_json manual__2026-01-26T08:13:17.837703+00:00 [queued]>
[2026-01-26T08:13:19.554+0000] {taskinstance.py:2170} INFO - Starting attempt 1 of 2
[2026-01-26T08:13:19.561+0000] {taskinstance.py:2191} INFO - Executing <Task(PostgresOperator): process_json> on 2026-01-26 08:13:17.837703+00:00
[2026-01-26T08:13:19.576+0000] {standard_task_runner.py:60} INFO - Started process 232 to run task
[2026-01-26T08:13:19.582+0000] {standard_task_runner.py:87} INFO - Running: ['***', 'tasks', 'run', 'flatten_data', 'process_json', 'manual__2026-01-26T08:13:17.837703+00:00', '--job-id', '2', '--raw', '--subdir', 'DAGS_FOLDER/flatten_dag.py', '--cfg-path', '/tmp/tmpiqx6mrgx']
[2026-01-26T08:13:19.587+0000] {standard_task_runner.py:88} INFO - Job 2: Subtask process_json
[2026-01-26T08:13:19.920+0000] {logging_mixin.py:188} WARNING - /home/***/.local/lib/python3.11/site-packages/***/settings.py:194 DeprecationWarning: The sql_alchemy_conn option in [core] has been moved to the sql_alchemy_conn option in [database] - the old setting has been used, but please update your config.
[2026-01-26T08:13:20.110+0000] {task_command.py:423} INFO - Running <TaskInstance: flatten_data.process_json manual__2026-01-26T08:13:17.837703+00:00 [running]> on host 5c7de1fad901
[2026-01-26T08:13:20.185+0000] {taskinstance.py:2480} INFO - Exporting env vars: AIRFLOW_CTX_DAG_OWNER='student' AIRFLOW_CTX_DAG_ID='flatten_data' AIRFLOW_CTX_TASK_ID='process_json' AIRFLOW_CTX_EXECUTION_DATE='2026-01-26T08:13:17.837703+00:00' AIRFLOW_CTX_TRY_NUMBER='1' AIRFLOW_CTX_DAG_RUN_ID='manual__2026-01-26T08:13:17.837703+00:00'
[2026-01-26T08:13:20.188+0000] {sql.py:276} INFO - Executing: 
        
        TRUNCATE TABLE flat_pets;
        
        INSERT INTO flat_pets (name, species, fav_foods, birth_year, photo)
        SELECT 
            pet->>'name' as name,
            pet->>'species' as species,
            CASE 
                WHEN pet->'favFoods' IS NOT NULL 
                THEN array_to_string(
                    ARRAY(
                        SELECT jsonb_array_elements_text(pet->'favFoods')
                    ), 
                    ', '
                )
                ELSE NULL
            END as fav_foods,
            (pet->>'birthYear')::int as birth_year,
            pet->>'photo' as photo
        FROM raw_json,
        LATERAL jsonb_array_elements(json_data->'pets') as pet;
        
[2026-01-26T08:13:20.190+0000] {crypto.py:82} WARNING - empty cryptography key - values will not be stored encrypted.
[2026-01-26T08:13:20.191+0000] {base.py:83} INFO - Using connection ID 'postgres_data' for task execution.
[2026-01-26T08:13:20.196+0000] {base.py:83} INFO - Using connection ID 'postgres_data' for task execution.
[2026-01-26T08:13:20.202+0000] {sql.py:450} INFO - Running statement: 
        
        TRUNCATE TABLE flat_pets;
        
        INSERT INTO flat_pets (name, species, fav_foods, birth_year, photo)
        SELECT 
            pet->>'name' as name,
            pet->>'species' as species,
            CASE 
                WHEN pet->'favFoods' IS NOT NULL 
                THEN array_to_string(
                    ARRAY(
                        SELECT jsonb_array_elements_text(pet->'favFoods')
                    ), 
                    ', '
                )
                ELSE NULL
            END as fav_foods,
            (pet->>'birthYear')::int as birth_year,
            pet->>'photo' as photo
        FROM raw_json,
        LATERAL jsonb_array_elements(json_data->'pets') as pet;
        , parameters: None
[2026-01-26T08:13:20.224+0000] {sql.py:459} INFO - Rows affected: 3
[2026-01-26T08:13:20.241+0000] {taskinstance.py:1138} INFO - Marking task as SUCCESS. dag_id=flatten_data, task_id=process_json, execution_date=20260126T081317, start_date=20260126T081319, end_date=20260126T081320
[2026-01-26T08:13:20.284+0000] {local_task_job_runner.py:234} INFO - Task exited with return code 0
[2026-01-26T08:13:20.303+0000] {taskinstance.py:3280} INFO - 1 downstream tasks scheduled from follow-on schedule check
