[2026-03-03T17:42:24.848+0000] {local_task_job_runner.py:120} INFO - ::group::Pre task execution logs
[2026-03-03T17:42:24.985+0000] {taskinstance.py:2073} INFO - Dependencies all met for dep_context=non-requeueable deps ti=<TaskInstance: logistics_analytics.ddl_ticket_flow scheduled__2026-03-02T00:00:00+00:00 [queued]>
[2026-03-03T17:42:24.992+0000] {taskinstance.py:2073} INFO - Dependencies all met for dep_context=requeueable deps ti=<TaskInstance: logistics_analytics.ddl_ticket_flow scheduled__2026-03-02T00:00:00+00:00 [queued]>
[2026-03-03T17:42:24.993+0000] {taskinstance.py:2303} INFO - Starting attempt 1 of 2
[2026-03-03T17:42:25.016+0000] {taskinstance.py:2327} INFO - Executing <Task(PostgresOperator): ddl_ticket_flow> on 2026-03-02 00:00:00+00:00
[2026-03-03T17:42:25.030+0000] {standard_task_runner.py:63} INFO - Started process 178 to run task
[2026-03-03T17:42:25.035+0000] {standard_task_runner.py:90} INFO - Running: ['airflow', 'tasks', 'run', 'logistics_analytics', 'ddl_ticket_flow', 'scheduled__2026-03-02T00:00:00+00:00', '--job-id', '10', '--raw', '--subdir', 'DAGS_FOLDER/logistics_analytics_dag.py', '--cfg-path', '/tmp/tmpk18lgloh']
[2026-03-03T17:42:25.039+0000] {standard_task_runner.py:91} INFO - Job 10: Subtask ddl_ticket_flow
[2026-03-03T17:42:25.118+0000] {task_command.py:426} INFO - Running <TaskInstance: logistics_analytics.ddl_ticket_flow scheduled__2026-03-02T00:00:00+00:00 [running]> on host 0123928c5be5
[2026-03-03T17:42:25.205+0000] {taskinstance.py:2644} INFO - Exporting env vars: AIRFLOW_CTX_DAG_OWNER='xxx' AIRFLOW_CTX_DAG_ID='logistics_analytics' AIRFLOW_CTX_TASK_ID='ddl_ticket_flow' AIRFLOW_CTX_EXECUTION_DATE='2026-03-02T00:00:00+00:00' AIRFLOW_CTX_TRY_NUMBER='1' AIRFLOW_CTX_DAG_RUN_ID='scheduled__2026-03-02T00:00:00+00:00'
[2026-03-03T17:42:25.206+0000] {taskinstance.py:430} INFO - ::endgroup::
[2026-03-03T17:42:25.217+0000] {sql.py:276} INFO - Executing: 
        CREATE SCHEMA IF NOT EXISTS log_marts;
        CREATE TABLE IF NOT EXISTS log_marts.ticket_flow_daily (
            snapshot_date DATE NOT NULL, issue_type TEXT NOT NULL, status TEXT NOT NULL,
            tickets_count INTEGER NOT NULL, avg_resolution_time_hours NUMERIC(12, 2),
            open_tickets_count INTEGER, reopened_tickets_count INTEGER,
            PRIMARY KEY (snapshot_date, issue_type, status));
        
[2026-03-03T17:42:25.218+0000] {crypto.py:82} WARNING - empty cryptography key - values will not be stored encrypted.
[2026-03-03T17:42:25.218+0000] {base.py:84} INFO - Using connection ID 'postgres_analytics' for task execution.
[2026-03-03T17:42:25.277+0000] {base.py:84} INFO - Using connection ID 'postgres_analytics' for task execution.
[2026-03-03T17:42:25.285+0000] {sql.py:457} INFO - Running statement: 
        CREATE SCHEMA IF NOT EXISTS log_marts;
        CREATE TABLE IF NOT EXISTS log_marts.ticket_flow_daily (
            snapshot_date DATE NOT NULL, issue_type TEXT NOT NULL, status TEXT NOT NULL,
            tickets_count INTEGER NOT NULL, avg_resolution_time_hours NUMERIC(12, 2),
            open_tickets_count INTEGER, reopened_tickets_count INTEGER,
            PRIMARY KEY (snapshot_date, issue_type, status));
        , parameters: None
[2026-03-03T17:42:25.301+0000] {logging_mixin.py:188} WARNING - /home/airflow/.local/lib/python3.12/site-packages/airflow/providers/common/sql/hooks/sql.py:407 AirflowProviderDeprecationWarning: Call to deprecated method _make_common_data_structure. (The `_make_serializable` method is deprecated and support will be removed in a future version of the common.sql provider. Please update the DbApiHook's provider to a version based on common.sql >= 1.9.1.)
[2026-03-03T17:42:25.303+0000] {taskinstance.py:441} INFO - ::group::Post task execution logs
[2026-03-03T17:42:25.323+0000] {taskinstance.py:1205} INFO - Marking task as SUCCESS. dag_id=logistics_analytics, task_id=ddl_ticket_flow, execution_date=20260302T000000, start_date=20260303T174224, end_date=20260303T174225
[2026-03-03T17:42:25.343+0000] {local_task_job_runner.py:240} INFO - Task exited with return code 0
[2026-03-03T17:42:25.356+0000] {logging_mixin.py:188} WARNING - /home/airflow/.local/lib/python3.12/site-packages/airflow/models/baseoperator.py:1296 AirflowProviderDeprecationWarning: Call to deprecated class PostgresOperator. (Please use `airflow.providers.common.sql.operators.sql.SQLExecuteQueryOperator`.Also, you can provide `hook_params={'schema': <database>}`.)
[2026-03-03T17:42:25.364+0000] {taskinstance.py:3482} INFO - 1 downstream tasks scheduled from follow-on schedule check
[2026-03-03T17:42:25.365+0000] {local_task_job_runner.py:222} INFO - ::endgroup::
