[2026-01-25T14:13:29.405+0000] {taskinstance.py:1956} INFO - Dependencies all met for dep_context=non-requeueable deps ti=<TaskInstance: flatten_data.process_json manual__2026-01-25T14:00:57.684748+00:00 [queued]>
[2026-01-25T14:13:29.410+0000] {taskinstance.py:1956} INFO - Dependencies all met for dep_context=requeueable deps ti=<TaskInstance: flatten_data.process_json manual__2026-01-25T14:00:57.684748+00:00 [queued]>
[2026-01-25T14:13:29.411+0000] {taskinstance.py:2170} INFO - Starting attempt 5 of 6
[2026-01-25T14:13:29.418+0000] {taskinstance.py:2191} INFO - Executing <Task(PostgresOperator): process_json> on 2026-01-25 14:00:57.684748+00:00
[2026-01-25T14:13:29.422+0000] {standard_task_runner.py:60} INFO - Started process 384 to run task
[2026-01-25T14:13:29.424+0000] {standard_task_runner.py:87} INFO - Running: ['***', 'tasks', 'run', 'flatten_data', 'process_json', 'manual__2026-01-25T14:00:57.684748+00:00', '--job-id', '12', '--raw', '--subdir', 'DAGS_FOLDER/flatten_dag.py', '--cfg-path', '/tmp/tmp9c8n82v5']
[2026-01-25T14:13:29.430+0000] {standard_task_runner.py:88} INFO - Job 12: Subtask process_json
[2026-01-25T14:13:29.455+0000] {logging_mixin.py:188} WARNING - /home/***/.local/lib/python3.11/site-packages/***/settings.py:194 DeprecationWarning: The sql_alchemy_conn option in [core] has been moved to the sql_alchemy_conn option in [database] - the old setting has been used, but please update your config.
[2026-01-25T14:13:29.487+0000] {task_command.py:423} INFO - Running <TaskInstance: flatten_data.process_json manual__2026-01-25T14:00:57.684748+00:00 [running]> on host dd5b6a24436d
[2026-01-25T14:13:29.547+0000] {taskinstance.py:2480} INFO - Exporting env vars: AIRFLOW_CTX_DAG_OWNER='student' AIRFLOW_CTX_DAG_ID='flatten_data' AIRFLOW_CTX_TASK_ID='process_json' AIRFLOW_CTX_EXECUTION_DATE='2026-01-25T14:00:57.684748+00:00' AIRFLOW_CTX_TRY_NUMBER='5' AIRFLOW_CTX_DAG_RUN_ID='manual__2026-01-25T14:00:57.684748+00:00'
[2026-01-25T14:13:29.548+0000] {sql.py:276} INFO - Executing: 
        TRUNCATE TABLE flat_pets;
        
        INSERT INTO flat_pets (name, species, fav_foods, birth_year, photo)
        SELECT 
            pet->>'name' as name,
            pet->>'species' as species,
            CASE 
                WHEN pet->'favFoods' IS NOT NULL 
                THEN array_to_string(
                    ARRAY(
                        SELECT jsonb_array_elements_text(pet->'favFoods')
                    ), 
                    ', '
                )
                ELSE NULL
            END as fav_foods,
            (pet->>'birthYear')::int as birth_year,
            pet->>'photo' as photo
        FROM raw_json,
        LATERAL jsonb_array_elements(json_data->'pets') as pet;
        
[2026-01-25T14:13:29.549+0000] {crypto.py:82} WARNING - empty cryptography key - values will not be stored encrypted.
[2026-01-25T14:13:29.549+0000] {base.py:83} INFO - Using connection ID 'postgres_data' for task execution.
[2026-01-25T14:13:29.556+0000] {base.py:83} INFO - Using connection ID 'postgres_data' for task execution.
[2026-01-25T14:13:29.561+0000] {sql.py:450} INFO - Running statement: 
        TRUNCATE TABLE flat_pets;
        
        INSERT INTO flat_pets (name, species, fav_foods, birth_year, photo)
        SELECT 
            pet->>'name' as name,
            pet->>'species' as species,
            CASE 
                WHEN pet->'favFoods' IS NOT NULL 
                THEN array_to_string(
                    ARRAY(
                        SELECT jsonb_array_elements_text(pet->'favFoods')
                    ), 
                    ', '
                )
                ELSE NULL
            END as fav_foods,
            (pet->>'birthYear')::int as birth_year,
            pet->>'photo' as photo
        FROM raw_json,
        LATERAL jsonb_array_elements(json_data->'pets') as pet;
        , parameters: None
[2026-01-25T14:13:29.572+0000] {sql.py:459} INFO - Rows affected: 3
[2026-01-25T14:13:29.585+0000] {taskinstance.py:1138} INFO - Marking task as SUCCESS. dag_id=flatten_data, task_id=process_json, execution_date=20260125T140057, start_date=20260125T141329, end_date=20260125T141329
[2026-01-25T14:13:29.605+0000] {local_task_job_runner.py:234} INFO - Task exited with return code 0
[2026-01-25T14:13:29.627+0000] {taskinstance.py:3280} INFO - 1 downstream tasks scheduled from follow-on schedule check
