[2026-01-25T14:11:23.084+0000] {taskinstance.py:1956} INFO - Dependencies all met for dep_context=non-requeueable deps ti=<TaskInstance: flatten_data.process_xml_detailed manual__2026-01-25T14:00:57.684748+00:00 [queued]>
[2026-01-25T14:11:23.091+0000] {taskinstance.py:1956} INFO - Dependencies all met for dep_context=requeueable deps ti=<TaskInstance: flatten_data.process_xml_detailed manual__2026-01-25T14:00:57.684748+00:00 [queued]>
[2026-01-25T14:11:23.091+0000] {taskinstance.py:2170} INFO - Starting attempt 2 of 3
[2026-01-25T14:11:23.106+0000] {taskinstance.py:2191} INFO - Executing <Task(PostgresOperator): process_xml_detailed> on 2026-01-25 14:00:57.684748+00:00
[2026-01-25T14:11:23.113+0000] {standard_task_runner.py:60} INFO - Started process 348 to run task
[2026-01-25T14:11:23.116+0000] {standard_task_runner.py:87} INFO - Running: ['***', 'tasks', 'run', 'flatten_data', 'process_xml_detailed', 'manual__2026-01-25T14:00:57.684748+00:00', '--job-id', '10', '--raw', '--subdir', 'DAGS_FOLDER/flatten_dag.py', '--cfg-path', '/tmp/tmp7qc8_f3k']
[2026-01-25T14:11:23.118+0000] {standard_task_runner.py:88} INFO - Job 10: Subtask process_xml_detailed
[2026-01-25T14:11:23.137+0000] {logging_mixin.py:188} WARNING - /home/***/.local/lib/python3.11/site-packages/***/settings.py:194 DeprecationWarning: The sql_alchemy_conn option in [core] has been moved to the sql_alchemy_conn option in [database] - the old setting has been used, but please update your config.
[2026-01-25T14:11:23.174+0000] {task_command.py:423} INFO - Running <TaskInstance: flatten_data.process_xml_detailed manual__2026-01-25T14:00:57.684748+00:00 [running]> on host dd5b6a24436d
[2026-01-25T14:11:23.364+0000] {taskinstance.py:2480} INFO - Exporting env vars: AIRFLOW_CTX_DAG_OWNER='student' AIRFLOW_CTX_DAG_ID='flatten_data' AIRFLOW_CTX_TASK_ID='process_xml_detailed' AIRFLOW_CTX_EXECUTION_DATE='2026-01-25T14:00:57.684748+00:00' AIRFLOW_CTX_TRY_NUMBER='2' AIRFLOW_CTX_DAG_RUN_ID='manual__2026-01-25T14:00:57.684748+00:00'
[2026-01-25T14:11:23.365+0000] {sql.py:276} INFO - Executing: 
        -- Альтернативный вариант с витаминами
        TRUNCATE TABLE flat_foods;
        
        WITH food_items AS (
            SELECT 
                unnest(xpath('//food', xml_data::xml)) as food
            FROM raw_xml
        )
        INSERT INTO flat_foods (
            food_name, manufacturer, serving_size,
            calories_total, calories_fat,
            total_fat, saturated_fat, cholesterol, sodium,
            carb, fiber, protein,
            vitamin_a, vitamin_c, calcium, iron
        )
        SELECT 
            (xpath('./name/text()', food))[1]::text,
            (xpath('./mfr/text()', food))[1]::text,
            (xpath('./serving/text()', food))[1]::text,
            COALESCE(NULLIF((xpath('./calories/@total', food))[1]::text, ''), '0')::int,
            COALESCE(NULLIF((xpath('./calories/@fat', food))[1]::text, ''), '0')::int,
            (xpath('./total-fat/text()', food))[1]::text,
            (xpath('./saturated-fat/text()', food))[1]::text,
            (xpath('./cholesterol/text()', food))[1]::text,
            (xpath('./sodium/text()', food))[1]::text,
            (xpath('./carb/text()', food))[1]::text,
            (xpath('./fiber/text()', food))[1]::text,
            (xpath('./protein/text()', food))[1]::text,
            COALESCE((xpath('./vitamins/a/text()', food))[1]::text, '0'),
            COALESCE((xpath('./vitamins/c/text()', food))[1]::text, '0'),
            COALESCE((xpath('./minerals/ca/text()', food))[1]::text, '0'),
            COALESCE((xpath('./minerals/fe/text()', food))[1]::text, '0')
        FROM food_items;
        
[2026-01-25T14:11:23.368+0000] {crypto.py:82} WARNING - empty cryptography key - values will not be stored encrypted.
[2026-01-25T14:11:23.368+0000] {base.py:83} INFO - Using connection ID 'postgres_data' for task execution.
[2026-01-25T14:11:23.380+0000] {base.py:83} INFO - Using connection ID 'postgres_data' for task execution.
[2026-01-25T14:11:23.413+0000] {sql.py:450} INFO - Running statement: 
        -- Альтернативный вариант с витаминами
        TRUNCATE TABLE flat_foods;
        
        WITH food_items AS (
            SELECT 
                unnest(xpath('//food', xml_data::xml)) as food
            FROM raw_xml
        )
        INSERT INTO flat_foods (
            food_name, manufacturer, serving_size,
            calories_total, calories_fat,
            total_fat, saturated_fat, cholesterol, sodium,
            carb, fiber, protein,
            vitamin_a, vitamin_c, calcium, iron
        )
        SELECT 
            (xpath('./name/text()', food))[1]::text,
            (xpath('./mfr/text()', food))[1]::text,
            (xpath('./serving/text()', food))[1]::text,
            COALESCE(NULLIF((xpath('./calories/@total', food))[1]::text, ''), '0')::int,
            COALESCE(NULLIF((xpath('./calories/@fat', food))[1]::text, ''), '0')::int,
            (xpath('./total-fat/text()', food))[1]::text,
            (xpath('./saturated-fat/text()', food))[1]::text,
            (xpath('./cholesterol/text()', food))[1]::text,
            (xpath('./sodium/text()', food))[1]::text,
            (xpath('./carb/text()', food))[1]::text,
            (xpath('./fiber/text()', food))[1]::text,
            (xpath('./protein/text()', food))[1]::text,
            COALESCE((xpath('./vitamins/a/text()', food))[1]::text, '0'),
            COALESCE((xpath('./vitamins/c/text()', food))[1]::text, '0'),
            COALESCE((xpath('./minerals/ca/text()', food))[1]::text, '0'),
            COALESCE((xpath('./minerals/fe/text()', food))[1]::text, '0')
        FROM food_items;
        , parameters: None
[2026-01-25T14:11:23.457+0000] {sql.py:459} INFO - Rows affected: 10
[2026-01-25T14:11:23.491+0000] {taskinstance.py:1138} INFO - Marking task as SUCCESS. dag_id=flatten_data, task_id=process_xml_detailed, execution_date=20260125T140057, start_date=20260125T141123, end_date=20260125T141123
[2026-01-25T14:11:23.551+0000] {local_task_job_runner.py:234} INFO - Task exited with return code 0
[2026-01-25T14:11:23.607+0000] {taskinstance.py:3280} INFO - 0 downstream tasks scheduled from follow-on schedule check
