[2026-01-26T08:09:27.239+0000] {processor.py:161} INFO - Started process (PID=176) to work on /opt/airflow/dags/flatten_dag.py
[2026-01-26T08:09:27.243+0000] {processor.py:830} INFO - Processing file /opt/airflow/dags/flatten_dag.py for tasks to queue
[2026-01-26T08:09:27.249+0000] {logging_mixin.py:188} INFO - [2026-01-26T08:09:27.247+0000] {dagbag.py:538} INFO - Filling up the DagBag from /opt/airflow/dags/flatten_dag.py
[2026-01-26T08:09:27.336+0000] {processor.py:840} INFO - DAG(s) 'flatten_data' retrieved from /opt/airflow/dags/flatten_dag.py
[2026-01-26T08:09:27.956+0000] {logging_mixin.py:188} INFO - [2026-01-26T08:09:27.953+0000] {override.py:1769} INFO - Created Permission View: can read on DAG:flatten_data
[2026-01-26T08:09:27.981+0000] {logging_mixin.py:188} INFO - [2026-01-26T08:09:27.979+0000] {override.py:1769} INFO - Created Permission View: can edit on DAG:flatten_data
[2026-01-26T08:09:28.003+0000] {logging_mixin.py:188} INFO - [2026-01-26T08:09:28.002+0000] {override.py:1769} INFO - Created Permission View: can delete on DAG:flatten_data
[2026-01-26T08:09:28.004+0000] {logging_mixin.py:188} INFO - [2026-01-26T08:09:28.004+0000] {dag.py:3036} INFO - Sync 1 DAGs
[2026-01-26T08:09:28.026+0000] {logging_mixin.py:188} INFO - [2026-01-26T08:09:28.026+0000] {dag.py:3058} INFO - Creating ORM DAG for flatten_data
[2026-01-26T08:09:28.029+0000] {logging_mixin.py:188} INFO - [2026-01-26T08:09:28.028+0000] {dag.py:3823} INFO - Setting next_dagrun for flatten_data to None, run_after=None
[2026-01-26T08:09:28.062+0000] {processor.py:183} INFO - Processing /opt/airflow/dags/flatten_dag.py took 0.829 seconds
[2026-01-26T08:09:58.973+0000] {processor.py:161} INFO - Started process (PID=195) to work on /opt/airflow/dags/flatten_dag.py
[2026-01-26T08:09:58.976+0000] {processor.py:830} INFO - Processing file /opt/airflow/dags/flatten_dag.py for tasks to queue
[2026-01-26T08:09:58.977+0000] {logging_mixin.py:188} INFO - [2026-01-26T08:09:58.977+0000] {dagbag.py:538} INFO - Filling up the DagBag from /opt/airflow/dags/flatten_dag.py
[2026-01-26T08:09:59.075+0000] {processor.py:840} INFO - DAG(s) 'flatten_data' retrieved from /opt/airflow/dags/flatten_dag.py
[2026-01-26T08:09:59.290+0000] {logging_mixin.py:188} INFO - [2026-01-26T08:09:59.290+0000] {dag.py:3036} INFO - Sync 1 DAGs
[2026-01-26T08:09:59.361+0000] {logging_mixin.py:188} INFO - [2026-01-26T08:09:59.360+0000] {dag.py:3823} INFO - Setting next_dagrun for flatten_data to None, run_after=None
[2026-01-26T08:09:59.405+0000] {processor.py:183} INFO - Processing /opt/airflow/dags/flatten_dag.py took 0.440 seconds
[2026-01-26T08:10:30.379+0000] {processor.py:161} INFO - Started process (PID=200) to work on /opt/airflow/dags/flatten_dag.py
[2026-01-26T08:10:30.381+0000] {processor.py:830} INFO - Processing file /opt/airflow/dags/flatten_dag.py for tasks to queue
[2026-01-26T08:10:30.383+0000] {logging_mixin.py:188} INFO - [2026-01-26T08:10:30.382+0000] {dagbag.py:538} INFO - Filling up the DagBag from /opt/airflow/dags/flatten_dag.py
[2026-01-26T08:10:30.418+0000] {processor.py:840} INFO - DAG(s) 'flatten_data' retrieved from /opt/airflow/dags/flatten_dag.py
[2026-01-26T08:10:30.455+0000] {logging_mixin.py:188} INFO - [2026-01-26T08:10:30.455+0000] {dag.py:3036} INFO - Sync 1 DAGs
[2026-01-26T08:10:30.472+0000] {logging_mixin.py:188} INFO - [2026-01-26T08:10:30.472+0000] {dag.py:3823} INFO - Setting next_dagrun for flatten_data to None, run_after=None
[2026-01-26T08:10:30.489+0000] {processor.py:183} INFO - Processing /opt/airflow/dags/flatten_dag.py took 0.117 seconds
[2026-01-26T08:11:00.794+0000] {processor.py:161} INFO - Started process (PID=205) to work on /opt/airflow/dags/flatten_dag.py
[2026-01-26T08:11:00.795+0000] {processor.py:830} INFO - Processing file /opt/airflow/dags/flatten_dag.py for tasks to queue
[2026-01-26T08:11:00.796+0000] {logging_mixin.py:188} INFO - [2026-01-26T08:11:00.796+0000] {dagbag.py:538} INFO - Filling up the DagBag from /opt/airflow/dags/flatten_dag.py
[2026-01-26T08:11:00.811+0000] {processor.py:840} INFO - DAG(s) 'flatten_data' retrieved from /opt/airflow/dags/flatten_dag.py
[2026-01-26T08:11:00.836+0000] {logging_mixin.py:188} INFO - [2026-01-26T08:11:00.836+0000] {dag.py:3036} INFO - Sync 1 DAGs
[2026-01-26T08:11:00.847+0000] {logging_mixin.py:188} INFO - [2026-01-26T08:11:00.847+0000] {dag.py:3823} INFO - Setting next_dagrun for flatten_data to None, run_after=None
[2026-01-26T08:11:00.858+0000] {processor.py:183} INFO - Processing /opt/airflow/dags/flatten_dag.py took 0.069 seconds
[2026-01-26T08:11:31.383+0000] {processor.py:161} INFO - Started process (PID=210) to work on /opt/airflow/dags/flatten_dag.py
[2026-01-26T08:11:31.386+0000] {processor.py:830} INFO - Processing file /opt/airflow/dags/flatten_dag.py for tasks to queue
[2026-01-26T08:11:31.387+0000] {logging_mixin.py:188} INFO - [2026-01-26T08:11:31.386+0000] {dagbag.py:538} INFO - Filling up the DagBag from /opt/airflow/dags/flatten_dag.py
[2026-01-26T08:11:31.421+0000] {processor.py:840} INFO - DAG(s) 'flatten_data' retrieved from /opt/airflow/dags/flatten_dag.py
[2026-01-26T08:11:31.466+0000] {logging_mixin.py:188} INFO - [2026-01-26T08:11:31.465+0000] {dag.py:3036} INFO - Sync 1 DAGs
[2026-01-26T08:11:31.480+0000] {logging_mixin.py:188} INFO - [2026-01-26T08:11:31.480+0000] {dag.py:3823} INFO - Setting next_dagrun for flatten_data to None, run_after=None
[2026-01-26T08:11:31.498+0000] {processor.py:183} INFO - Processing /opt/airflow/dags/flatten_dag.py took 0.121 seconds
[2026-01-26T08:12:01.820+0000] {processor.py:161} INFO - Started process (PID=215) to work on /opt/airflow/dags/flatten_dag.py
[2026-01-26T08:12:01.821+0000] {processor.py:830} INFO - Processing file /opt/airflow/dags/flatten_dag.py for tasks to queue
[2026-01-26T08:12:01.822+0000] {logging_mixin.py:188} INFO - [2026-01-26T08:12:01.821+0000] {dagbag.py:538} INFO - Filling up the DagBag from /opt/airflow/dags/flatten_dag.py
[2026-01-26T08:12:01.841+0000] {processor.py:840} INFO - DAG(s) 'flatten_data' retrieved from /opt/airflow/dags/flatten_dag.py
[2026-01-26T08:12:01.870+0000] {logging_mixin.py:188} INFO - [2026-01-26T08:12:01.870+0000] {dag.py:3036} INFO - Sync 1 DAGs
[2026-01-26T08:12:01.887+0000] {logging_mixin.py:188} INFO - [2026-01-26T08:12:01.887+0000] {dag.py:3823} INFO - Setting next_dagrun for flatten_data to None, run_after=None
[2026-01-26T08:12:01.898+0000] {processor.py:183} INFO - Processing /opt/airflow/dags/flatten_dag.py took 0.083 seconds
[2026-01-26T08:12:32.393+0000] {processor.py:161} INFO - Started process (PID=220) to work on /opt/airflow/dags/flatten_dag.py
[2026-01-26T08:12:32.395+0000] {processor.py:830} INFO - Processing file /opt/airflow/dags/flatten_dag.py for tasks to queue
[2026-01-26T08:12:32.396+0000] {logging_mixin.py:188} INFO - [2026-01-26T08:12:32.395+0000] {dagbag.py:538} INFO - Filling up the DagBag from /opt/airflow/dags/flatten_dag.py
[2026-01-26T08:12:32.419+0000] {processor.py:840} INFO - DAG(s) 'flatten_data' retrieved from /opt/airflow/dags/flatten_dag.py
[2026-01-26T08:12:32.457+0000] {logging_mixin.py:188} INFO - [2026-01-26T08:12:32.457+0000] {dag.py:3036} INFO - Sync 1 DAGs
[2026-01-26T08:12:32.467+0000] {logging_mixin.py:188} INFO - [2026-01-26T08:12:32.467+0000] {dag.py:3823} INFO - Setting next_dagrun for flatten_data to None, run_after=None
[2026-01-26T08:12:32.480+0000] {processor.py:183} INFO - Processing /opt/airflow/dags/flatten_dag.py took 0.092 seconds
[2026-01-26T08:13:03.447+0000] {processor.py:161} INFO - Started process (PID=226) to work on /opt/airflow/dags/flatten_dag.py
[2026-01-26T08:13:03.450+0000] {processor.py:830} INFO - Processing file /opt/airflow/dags/flatten_dag.py for tasks to queue
[2026-01-26T08:13:03.453+0000] {logging_mixin.py:188} INFO - [2026-01-26T08:13:03.451+0000] {dagbag.py:538} INFO - Filling up the DagBag from /opt/airflow/dags/flatten_dag.py
[2026-01-26T08:13:03.508+0000] {processor.py:840} INFO - DAG(s) 'flatten_data' retrieved from /opt/airflow/dags/flatten_dag.py
[2026-01-26T08:13:03.565+0000] {logging_mixin.py:188} INFO - [2026-01-26T08:13:03.565+0000] {dag.py:3036} INFO - Sync 1 DAGs
[2026-01-26T08:13:03.578+0000] {logging_mixin.py:188} INFO - [2026-01-26T08:13:03.578+0000] {dag.py:3823} INFO - Setting next_dagrun for flatten_data to None, run_after=None
[2026-01-26T08:13:03.596+0000] {processor.py:183} INFO - Processing /opt/airflow/dags/flatten_dag.py took 0.162 seconds
[2026-01-26T08:13:34.494+0000] {processor.py:161} INFO - Started process (PID=235) to work on /opt/airflow/dags/flatten_dag.py
[2026-01-26T08:13:34.496+0000] {processor.py:830} INFO - Processing file /opt/airflow/dags/flatten_dag.py for tasks to queue
[2026-01-26T08:13:34.498+0000] {logging_mixin.py:188} INFO - [2026-01-26T08:13:34.497+0000] {dagbag.py:538} INFO - Filling up the DagBag from /opt/airflow/dags/flatten_dag.py
[2026-01-26T08:13:34.528+0000] {processor.py:840} INFO - DAG(s) 'flatten_data' retrieved from /opt/airflow/dags/flatten_dag.py
[2026-01-26T08:13:34.563+0000] {logging_mixin.py:188} INFO - [2026-01-26T08:13:34.563+0000] {dag.py:3036} INFO - Sync 1 DAGs
[2026-01-26T08:13:34.581+0000] {logging_mixin.py:188} INFO - [2026-01-26T08:13:34.580+0000] {dag.py:3823} INFO - Setting next_dagrun for flatten_data to None, run_after=None
[2026-01-26T08:13:34.596+0000] {processor.py:183} INFO - Processing /opt/airflow/dags/flatten_dag.py took 0.110 seconds
[2026-01-26T08:14:05.242+0000] {processor.py:161} INFO - Started process (PID=240) to work on /opt/airflow/dags/flatten_dag.py
[2026-01-26T08:14:05.249+0000] {processor.py:830} INFO - Processing file /opt/airflow/dags/flatten_dag.py for tasks to queue
[2026-01-26T08:14:05.254+0000] {logging_mixin.py:188} INFO - [2026-01-26T08:14:05.252+0000] {dagbag.py:538} INFO - Filling up the DagBag from /opt/airflow/dags/flatten_dag.py
[2026-01-26T08:14:05.275+0000] {processor.py:840} INFO - DAG(s) 'flatten_data' retrieved from /opt/airflow/dags/flatten_dag.py
[2026-01-26T08:14:05.360+0000] {logging_mixin.py:188} INFO - [2026-01-26T08:14:05.360+0000] {dag.py:3036} INFO - Sync 1 DAGs
[2026-01-26T08:14:05.374+0000] {logging_mixin.py:188} INFO - [2026-01-26T08:14:05.374+0000] {dag.py:3823} INFO - Setting next_dagrun for flatten_data to None, run_after=None
[2026-01-26T08:14:05.393+0000] {processor.py:183} INFO - Processing /opt/airflow/dags/flatten_dag.py took 0.159 seconds
[2026-01-26T08:14:35.917+0000] {processor.py:161} INFO - Started process (PID=245) to work on /opt/airflow/dags/flatten_dag.py
[2026-01-26T08:14:35.919+0000] {processor.py:830} INFO - Processing file /opt/airflow/dags/flatten_dag.py for tasks to queue
[2026-01-26T08:14:35.926+0000] {logging_mixin.py:188} INFO - [2026-01-26T08:14:35.923+0000] {dagbag.py:538} INFO - Filling up the DagBag from /opt/airflow/dags/flatten_dag.py
[2026-01-26T08:14:35.963+0000] {processor.py:840} INFO - DAG(s) 'flatten_data' retrieved from /opt/airflow/dags/flatten_dag.py
[2026-01-26T08:14:35.999+0000] {logging_mixin.py:188} INFO - [2026-01-26T08:14:35.999+0000] {dag.py:3036} INFO - Sync 1 DAGs
[2026-01-26T08:14:36.011+0000] {logging_mixin.py:188} INFO - [2026-01-26T08:14:36.011+0000] {dag.py:3823} INFO - Setting next_dagrun for flatten_data to None, run_after=None
[2026-01-26T08:14:36.025+0000] {processor.py:183} INFO - Processing /opt/airflow/dags/flatten_dag.py took 0.125 seconds
[2026-01-26T08:15:06.545+0000] {processor.py:161} INFO - Started process (PID=250) to work on /opt/airflow/dags/flatten_dag.py
[2026-01-26T08:15:06.547+0000] {processor.py:830} INFO - Processing file /opt/airflow/dags/flatten_dag.py for tasks to queue
[2026-01-26T08:15:06.553+0000] {logging_mixin.py:188} INFO - [2026-01-26T08:15:06.552+0000] {dagbag.py:538} INFO - Filling up the DagBag from /opt/airflow/dags/flatten_dag.py
[2026-01-26T08:15:06.583+0000] {processor.py:840} INFO - DAG(s) 'flatten_data' retrieved from /opt/airflow/dags/flatten_dag.py
[2026-01-26T08:15:06.646+0000] {logging_mixin.py:188} INFO - [2026-01-26T08:15:06.646+0000] {dag.py:3036} INFO - Sync 1 DAGs
[2026-01-26T08:15:06.659+0000] {logging_mixin.py:188} INFO - [2026-01-26T08:15:06.659+0000] {dag.py:3823} INFO - Setting next_dagrun for flatten_data to None, run_after=None
[2026-01-26T08:15:06.674+0000] {processor.py:183} INFO - Processing /opt/airflow/dags/flatten_dag.py took 0.135 seconds
[2026-01-26T08:15:37.373+0000] {processor.py:161} INFO - Started process (PID=255) to work on /opt/airflow/dags/flatten_dag.py
[2026-01-26T08:15:37.377+0000] {processor.py:830} INFO - Processing file /opt/airflow/dags/flatten_dag.py for tasks to queue
[2026-01-26T08:15:37.383+0000] {logging_mixin.py:188} INFO - [2026-01-26T08:15:37.379+0000] {dagbag.py:538} INFO - Filling up the DagBag from /opt/airflow/dags/flatten_dag.py
[2026-01-26T08:15:37.425+0000] {processor.py:840} INFO - DAG(s) 'flatten_data' retrieved from /opt/airflow/dags/flatten_dag.py
[2026-01-26T08:15:37.470+0000] {logging_mixin.py:188} INFO - [2026-01-26T08:15:37.470+0000] {dag.py:3036} INFO - Sync 1 DAGs
[2026-01-26T08:15:37.481+0000] {logging_mixin.py:188} INFO - [2026-01-26T08:15:37.481+0000] {dag.py:3823} INFO - Setting next_dagrun for flatten_data to None, run_after=None
[2026-01-26T08:15:37.491+0000] {processor.py:183} INFO - Processing /opt/airflow/dags/flatten_dag.py took 0.127 seconds
[2026-01-26T08:16:08.054+0000] {processor.py:161} INFO - Started process (PID=260) to work on /opt/airflow/dags/flatten_dag.py
[2026-01-26T08:16:08.059+0000] {processor.py:830} INFO - Processing file /opt/airflow/dags/flatten_dag.py for tasks to queue
[2026-01-26T08:16:08.061+0000] {logging_mixin.py:188} INFO - [2026-01-26T08:16:08.061+0000] {dagbag.py:538} INFO - Filling up the DagBag from /opt/airflow/dags/flatten_dag.py
[2026-01-26T08:16:08.092+0000] {processor.py:840} INFO - DAG(s) 'flatten_data' retrieved from /opt/airflow/dags/flatten_dag.py
[2026-01-26T08:16:08.120+0000] {logging_mixin.py:188} INFO - [2026-01-26T08:16:08.120+0000] {dag.py:3036} INFO - Sync 1 DAGs
[2026-01-26T08:16:08.130+0000] {logging_mixin.py:188} INFO - [2026-01-26T08:16:08.130+0000] {dag.py:3823} INFO - Setting next_dagrun for flatten_data to None, run_after=None
[2026-01-26T08:16:08.141+0000] {processor.py:183} INFO - Processing /opt/airflow/dags/flatten_dag.py took 0.108 seconds
[2026-01-26T08:16:38.620+0000] {processor.py:161} INFO - Started process (PID=265) to work on /opt/airflow/dags/flatten_dag.py
[2026-01-26T08:16:38.622+0000] {processor.py:830} INFO - Processing file /opt/airflow/dags/flatten_dag.py for tasks to queue
[2026-01-26T08:16:38.624+0000] {logging_mixin.py:188} INFO - [2026-01-26T08:16:38.623+0000] {dagbag.py:538} INFO - Filling up the DagBag from /opt/airflow/dags/flatten_dag.py
[2026-01-26T08:16:38.657+0000] {processor.py:840} INFO - DAG(s) 'flatten_data' retrieved from /opt/airflow/dags/flatten_dag.py
[2026-01-26T08:16:38.695+0000] {logging_mixin.py:188} INFO - [2026-01-26T08:16:38.695+0000] {dag.py:3036} INFO - Sync 1 DAGs
[2026-01-26T08:16:38.704+0000] {logging_mixin.py:188} INFO - [2026-01-26T08:16:38.704+0000] {dag.py:3823} INFO - Setting next_dagrun for flatten_data to None, run_after=None
[2026-01-26T08:16:38.713+0000] {processor.py:183} INFO - Processing /opt/airflow/dags/flatten_dag.py took 0.099 seconds
[2026-01-26T08:17:09.419+0000] {processor.py:161} INFO - Started process (PID=270) to work on /opt/airflow/dags/flatten_dag.py
[2026-01-26T08:17:09.421+0000] {processor.py:830} INFO - Processing file /opt/airflow/dags/flatten_dag.py for tasks to queue
[2026-01-26T08:17:09.422+0000] {logging_mixin.py:188} INFO - [2026-01-26T08:17:09.422+0000] {dagbag.py:538} INFO - Filling up the DagBag from /opt/airflow/dags/flatten_dag.py
[2026-01-26T08:17:09.445+0000] {processor.py:840} INFO - DAG(s) 'flatten_data' retrieved from /opt/airflow/dags/flatten_dag.py
[2026-01-26T08:17:09.488+0000] {logging_mixin.py:188} INFO - [2026-01-26T08:17:09.488+0000] {dag.py:3036} INFO - Sync 1 DAGs
[2026-01-26T08:17:09.500+0000] {logging_mixin.py:188} INFO - [2026-01-26T08:17:09.500+0000] {dag.py:3823} INFO - Setting next_dagrun for flatten_data to None, run_after=None
[2026-01-26T08:17:09.516+0000] {processor.py:183} INFO - Processing /opt/airflow/dags/flatten_dag.py took 0.101 seconds
[2026-01-26T08:17:40.058+0000] {processor.py:161} INFO - Started process (PID=275) to work on /opt/airflow/dags/flatten_dag.py
[2026-01-26T08:17:40.061+0000] {processor.py:830} INFO - Processing file /opt/airflow/dags/flatten_dag.py for tasks to queue
[2026-01-26T08:17:40.064+0000] {logging_mixin.py:188} INFO - [2026-01-26T08:17:40.063+0000] {dagbag.py:538} INFO - Filling up the DagBag from /opt/airflow/dags/flatten_dag.py
[2026-01-26T08:17:40.101+0000] {processor.py:840} INFO - DAG(s) 'flatten_data' retrieved from /opt/airflow/dags/flatten_dag.py
[2026-01-26T08:17:40.137+0000] {logging_mixin.py:188} INFO - [2026-01-26T08:17:40.137+0000] {dag.py:3036} INFO - Sync 1 DAGs
[2026-01-26T08:17:40.148+0000] {logging_mixin.py:188} INFO - [2026-01-26T08:17:40.148+0000] {dag.py:3823} INFO - Setting next_dagrun for flatten_data to None, run_after=None
[2026-01-26T08:17:40.164+0000] {processor.py:183} INFO - Processing /opt/airflow/dags/flatten_dag.py took 0.115 seconds
[2026-01-26T08:18:10.443+0000] {processor.py:161} INFO - Started process (PID=280) to work on /opt/airflow/dags/flatten_dag.py
[2026-01-26T08:18:10.448+0000] {processor.py:830} INFO - Processing file /opt/airflow/dags/flatten_dag.py for tasks to queue
[2026-01-26T08:18:10.449+0000] {logging_mixin.py:188} INFO - [2026-01-26T08:18:10.448+0000] {dagbag.py:538} INFO - Filling up the DagBag from /opt/airflow/dags/flatten_dag.py
[2026-01-26T08:18:10.475+0000] {processor.py:840} INFO - DAG(s) 'flatten_data' retrieved from /opt/airflow/dags/flatten_dag.py
[2026-01-26T08:18:10.511+0000] {logging_mixin.py:188} INFO - [2026-01-26T08:18:10.511+0000] {dag.py:3036} INFO - Sync 1 DAGs
[2026-01-26T08:18:10.520+0000] {logging_mixin.py:188} INFO - [2026-01-26T08:18:10.520+0000] {dag.py:3823} INFO - Setting next_dagrun for flatten_data to None, run_after=None
[2026-01-26T08:18:10.533+0000] {processor.py:183} INFO - Processing /opt/airflow/dags/flatten_dag.py took 0.096 seconds
[2026-01-26T08:18:40.662+0000] {processor.py:161} INFO - Started process (PID=285) to work on /opt/airflow/dags/flatten_dag.py
[2026-01-26T08:18:40.665+0000] {processor.py:830} INFO - Processing file /opt/airflow/dags/flatten_dag.py for tasks to queue
[2026-01-26T08:18:40.666+0000] {logging_mixin.py:188} INFO - [2026-01-26T08:18:40.665+0000] {dagbag.py:538} INFO - Filling up the DagBag from /opt/airflow/dags/flatten_dag.py
[2026-01-26T08:18:40.688+0000] {processor.py:840} INFO - DAG(s) 'flatten_data' retrieved from /opt/airflow/dags/flatten_dag.py
[2026-01-26T08:18:40.722+0000] {logging_mixin.py:188} INFO - [2026-01-26T08:18:40.722+0000] {dag.py:3036} INFO - Sync 1 DAGs
[2026-01-26T08:18:40.739+0000] {logging_mixin.py:188} INFO - [2026-01-26T08:18:40.738+0000] {dag.py:3823} INFO - Setting next_dagrun for flatten_data to None, run_after=None
[2026-01-26T08:18:40.755+0000] {processor.py:183} INFO - Processing /opt/airflow/dags/flatten_dag.py took 0.103 seconds
[2026-01-26T08:19:11.391+0000] {processor.py:161} INFO - Started process (PID=290) to work on /opt/airflow/dags/flatten_dag.py
[2026-01-26T08:19:11.397+0000] {processor.py:830} INFO - Processing file /opt/airflow/dags/flatten_dag.py for tasks to queue
[2026-01-26T08:19:11.400+0000] {logging_mixin.py:188} INFO - [2026-01-26T08:19:11.398+0000] {dagbag.py:538} INFO - Filling up the DagBag from /opt/airflow/dags/flatten_dag.py
[2026-01-26T08:19:11.451+0000] {processor.py:840} INFO - DAG(s) 'flatten_data' retrieved from /opt/airflow/dags/flatten_dag.py
[2026-01-26T08:19:11.491+0000] {logging_mixin.py:188} INFO - [2026-01-26T08:19:11.491+0000] {dag.py:3036} INFO - Sync 1 DAGs
[2026-01-26T08:19:11.505+0000] {logging_mixin.py:188} INFO - [2026-01-26T08:19:11.505+0000] {dag.py:3823} INFO - Setting next_dagrun for flatten_data to None, run_after=None
[2026-01-26T08:19:11.523+0000] {processor.py:183} INFO - Processing /opt/airflow/dags/flatten_dag.py took 0.155 seconds
[2026-01-26T08:19:41.948+0000] {processor.py:161} INFO - Started process (PID=295) to work on /opt/airflow/dags/flatten_dag.py
[2026-01-26T08:19:41.952+0000] {processor.py:830} INFO - Processing file /opt/airflow/dags/flatten_dag.py for tasks to queue
[2026-01-26T08:19:41.954+0000] {logging_mixin.py:188} INFO - [2026-01-26T08:19:41.953+0000] {dagbag.py:538} INFO - Filling up the DagBag from /opt/airflow/dags/flatten_dag.py
[2026-01-26T08:19:41.972+0000] {processor.py:840} INFO - DAG(s) 'flatten_data' retrieved from /opt/airflow/dags/flatten_dag.py
[2026-01-26T08:19:42.005+0000] {logging_mixin.py:188} INFO - [2026-01-26T08:19:42.004+0000] {dag.py:3036} INFO - Sync 1 DAGs
[2026-01-26T08:19:42.013+0000] {logging_mixin.py:188} INFO - [2026-01-26T08:19:42.013+0000] {dag.py:3823} INFO - Setting next_dagrun for flatten_data to None, run_after=None
[2026-01-26T08:19:42.024+0000] {processor.py:183} INFO - Processing /opt/airflow/dags/flatten_dag.py took 0.120 seconds
[2026-01-26T08:20:12.563+0000] {processor.py:161} INFO - Started process (PID=300) to work on /opt/airflow/dags/flatten_dag.py
[2026-01-26T08:20:12.566+0000] {processor.py:830} INFO - Processing file /opt/airflow/dags/flatten_dag.py for tasks to queue
[2026-01-26T08:20:12.568+0000] {logging_mixin.py:188} INFO - [2026-01-26T08:20:12.567+0000] {dagbag.py:538} INFO - Filling up the DagBag from /opt/airflow/dags/flatten_dag.py
[2026-01-26T08:20:12.600+0000] {processor.py:840} INFO - DAG(s) 'flatten_data' retrieved from /opt/airflow/dags/flatten_dag.py
[2026-01-26T08:20:12.646+0000] {logging_mixin.py:188} INFO - [2026-01-26T08:20:12.645+0000] {dag.py:3036} INFO - Sync 1 DAGs
[2026-01-26T08:20:12.654+0000] {logging_mixin.py:188} INFO - [2026-01-26T08:20:12.654+0000] {dag.py:3823} INFO - Setting next_dagrun for flatten_data to None, run_after=None
[2026-01-26T08:20:12.664+0000] {processor.py:183} INFO - Processing /opt/airflow/dags/flatten_dag.py took 0.110 seconds
[2026-01-26T08:20:43.223+0000] {processor.py:161} INFO - Started process (PID=305) to work on /opt/airflow/dags/flatten_dag.py
[2026-01-26T08:20:43.225+0000] {processor.py:830} INFO - Processing file /opt/airflow/dags/flatten_dag.py for tasks to queue
[2026-01-26T08:20:43.226+0000] {logging_mixin.py:188} INFO - [2026-01-26T08:20:43.225+0000] {dagbag.py:538} INFO - Filling up the DagBag from /opt/airflow/dags/flatten_dag.py
[2026-01-26T08:20:43.247+0000] {processor.py:840} INFO - DAG(s) 'flatten_data' retrieved from /opt/airflow/dags/flatten_dag.py
[2026-01-26T08:20:43.283+0000] {logging_mixin.py:188} INFO - [2026-01-26T08:20:43.283+0000] {dag.py:3036} INFO - Sync 1 DAGs
[2026-01-26T08:20:43.292+0000] {logging_mixin.py:188} INFO - [2026-01-26T08:20:43.292+0000] {dag.py:3823} INFO - Setting next_dagrun for flatten_data to None, run_after=None
[2026-01-26T08:20:43.304+0000] {processor.py:183} INFO - Processing /opt/airflow/dags/flatten_dag.py took 0.092 seconds
[2026-01-26T08:21:13.895+0000] {processor.py:161} INFO - Started process (PID=310) to work on /opt/airflow/dags/flatten_dag.py
[2026-01-26T08:21:13.897+0000] {processor.py:830} INFO - Processing file /opt/airflow/dags/flatten_dag.py for tasks to queue
[2026-01-26T08:21:13.908+0000] {logging_mixin.py:188} INFO - [2026-01-26T08:21:13.907+0000] {dagbag.py:538} INFO - Filling up the DagBag from /opt/airflow/dags/flatten_dag.py
[2026-01-26T08:21:13.931+0000] {processor.py:840} INFO - DAG(s) 'flatten_data' retrieved from /opt/airflow/dags/flatten_dag.py
[2026-01-26T08:21:14.035+0000] {logging_mixin.py:188} INFO - [2026-01-26T08:21:14.035+0000] {dag.py:3036} INFO - Sync 1 DAGs
[2026-01-26T08:21:14.046+0000] {logging_mixin.py:188} INFO - [2026-01-26T08:21:14.046+0000] {dag.py:3823} INFO - Setting next_dagrun for flatten_data to None, run_after=None
[2026-01-26T08:21:14.056+0000] {processor.py:183} INFO - Processing /opt/airflow/dags/flatten_dag.py took 0.227 seconds
[2026-01-26T08:21:44.322+0000] {processor.py:161} INFO - Started process (PID=315) to work on /opt/airflow/dags/flatten_dag.py
[2026-01-26T08:21:44.324+0000] {processor.py:830} INFO - Processing file /opt/airflow/dags/flatten_dag.py for tasks to queue
[2026-01-26T08:21:44.325+0000] {logging_mixin.py:188} INFO - [2026-01-26T08:21:44.325+0000] {dagbag.py:538} INFO - Filling up the DagBag from /opt/airflow/dags/flatten_dag.py
[2026-01-26T08:21:44.342+0000] {processor.py:840} INFO - DAG(s) 'flatten_data' retrieved from /opt/airflow/dags/flatten_dag.py
[2026-01-26T08:21:44.368+0000] {logging_mixin.py:188} INFO - [2026-01-26T08:21:44.368+0000] {dag.py:3036} INFO - Sync 1 DAGs
[2026-01-26T08:21:44.378+0000] {logging_mixin.py:188} INFO - [2026-01-26T08:21:44.378+0000] {dag.py:3823} INFO - Setting next_dagrun for flatten_data to None, run_after=None
[2026-01-26T08:21:44.388+0000] {processor.py:183} INFO - Processing /opt/airflow/dags/flatten_dag.py took 0.070 seconds
[2026-01-26T08:22:14.696+0000] {processor.py:161} INFO - Started process (PID=320) to work on /opt/airflow/dags/flatten_dag.py
[2026-01-26T08:22:14.698+0000] {processor.py:830} INFO - Processing file /opt/airflow/dags/flatten_dag.py for tasks to queue
[2026-01-26T08:22:14.700+0000] {logging_mixin.py:188} INFO - [2026-01-26T08:22:14.699+0000] {dagbag.py:538} INFO - Filling up the DagBag from /opt/airflow/dags/flatten_dag.py
[2026-01-26T08:22:14.725+0000] {processor.py:840} INFO - DAG(s) 'flatten_data' retrieved from /opt/airflow/dags/flatten_dag.py
[2026-01-26T08:22:14.780+0000] {logging_mixin.py:188} INFO - [2026-01-26T08:22:14.780+0000] {dag.py:3036} INFO - Sync 1 DAGs
[2026-01-26T08:22:14.790+0000] {logging_mixin.py:188} INFO - [2026-01-26T08:22:14.790+0000] {dag.py:3823} INFO - Setting next_dagrun for flatten_data to None, run_after=None
[2026-01-26T08:22:14.801+0000] {processor.py:183} INFO - Processing /opt/airflow/dags/flatten_dag.py took 0.110 seconds
[2026-01-26T08:22:45.297+0000] {processor.py:161} INFO - Started process (PID=325) to work on /opt/airflow/dags/flatten_dag.py
[2026-01-26T08:22:45.299+0000] {processor.py:830} INFO - Processing file /opt/airflow/dags/flatten_dag.py for tasks to queue
[2026-01-26T08:22:45.301+0000] {logging_mixin.py:188} INFO - [2026-01-26T08:22:45.300+0000] {dagbag.py:538} INFO - Filling up the DagBag from /opt/airflow/dags/flatten_dag.py
[2026-01-26T08:22:45.326+0000] {processor.py:840} INFO - DAG(s) 'flatten_data' retrieved from /opt/airflow/dags/flatten_dag.py
[2026-01-26T08:22:45.355+0000] {logging_mixin.py:188} INFO - [2026-01-26T08:22:45.355+0000] {dag.py:3036} INFO - Sync 1 DAGs
[2026-01-26T08:22:45.367+0000] {logging_mixin.py:188} INFO - [2026-01-26T08:22:45.367+0000] {dag.py:3823} INFO - Setting next_dagrun for flatten_data to None, run_after=None
[2026-01-26T08:22:45.380+0000] {processor.py:183} INFO - Processing /opt/airflow/dags/flatten_dag.py took 0.092 seconds
[2026-01-26T08:23:15.703+0000] {processor.py:161} INFO - Started process (PID=330) to work on /opt/airflow/dags/flatten_dag.py
[2026-01-26T08:23:15.706+0000] {processor.py:830} INFO - Processing file /opt/airflow/dags/flatten_dag.py for tasks to queue
[2026-01-26T08:23:15.710+0000] {logging_mixin.py:188} INFO - [2026-01-26T08:23:15.708+0000] {dagbag.py:538} INFO - Filling up the DagBag from /opt/airflow/dags/flatten_dag.py
[2026-01-26T08:23:15.736+0000] {processor.py:840} INFO - DAG(s) 'flatten_data' retrieved from /opt/airflow/dags/flatten_dag.py
[2026-01-26T08:23:15.766+0000] {logging_mixin.py:188} INFO - [2026-01-26T08:23:15.766+0000] {dag.py:3036} INFO - Sync 1 DAGs
[2026-01-26T08:23:15.776+0000] {logging_mixin.py:188} INFO - [2026-01-26T08:23:15.776+0000] {dag.py:3823} INFO - Setting next_dagrun for flatten_data to None, run_after=None
[2026-01-26T08:23:15.789+0000] {processor.py:183} INFO - Processing /opt/airflow/dags/flatten_dag.py took 0.091 seconds
[2026-01-26T08:23:46.372+0000] {processor.py:161} INFO - Started process (PID=335) to work on /opt/airflow/dags/flatten_dag.py
[2026-01-26T08:23:46.374+0000] {processor.py:830} INFO - Processing file /opt/airflow/dags/flatten_dag.py for tasks to queue
[2026-01-26T08:23:46.376+0000] {logging_mixin.py:188} INFO - [2026-01-26T08:23:46.375+0000] {dagbag.py:538} INFO - Filling up the DagBag from /opt/airflow/dags/flatten_dag.py
[2026-01-26T08:23:46.400+0000] {processor.py:840} INFO - DAG(s) 'flatten_data' retrieved from /opt/airflow/dags/flatten_dag.py
[2026-01-26T08:23:46.436+0000] {logging_mixin.py:188} INFO - [2026-01-26T08:23:46.436+0000] {dag.py:3036} INFO - Sync 1 DAGs
[2026-01-26T08:23:46.449+0000] {logging_mixin.py:188} INFO - [2026-01-26T08:23:46.449+0000] {dag.py:3823} INFO - Setting next_dagrun for flatten_data to None, run_after=None
[2026-01-26T08:23:46.463+0000] {processor.py:183} INFO - Processing /opt/airflow/dags/flatten_dag.py took 0.098 seconds
[2026-01-26T08:24:17.000+0000] {processor.py:161} INFO - Started process (PID=340) to work on /opt/airflow/dags/flatten_dag.py
[2026-01-26T08:24:17.003+0000] {processor.py:830} INFO - Processing file /opt/airflow/dags/flatten_dag.py for tasks to queue
[2026-01-26T08:24:17.004+0000] {logging_mixin.py:188} INFO - [2026-01-26T08:24:17.003+0000] {dagbag.py:538} INFO - Filling up the DagBag from /opt/airflow/dags/flatten_dag.py
[2026-01-26T08:24:17.033+0000] {processor.py:840} INFO - DAG(s) 'flatten_data' retrieved from /opt/airflow/dags/flatten_dag.py
[2026-01-26T08:24:17.070+0000] {logging_mixin.py:188} INFO - [2026-01-26T08:24:17.070+0000] {dag.py:3036} INFO - Sync 1 DAGs
[2026-01-26T08:24:17.080+0000] {logging_mixin.py:188} INFO - [2026-01-26T08:24:17.080+0000] {dag.py:3823} INFO - Setting next_dagrun for flatten_data to None, run_after=None
[2026-01-26T08:24:17.090+0000] {processor.py:183} INFO - Processing /opt/airflow/dags/flatten_dag.py took 0.101 seconds
[2026-01-26T08:24:47.812+0000] {processor.py:161} INFO - Started process (PID=345) to work on /opt/airflow/dags/flatten_dag.py
[2026-01-26T08:24:47.827+0000] {processor.py:830} INFO - Processing file /opt/airflow/dags/flatten_dag.py for tasks to queue
[2026-01-26T08:24:47.831+0000] {logging_mixin.py:188} INFO - [2026-01-26T08:24:47.829+0000] {dagbag.py:538} INFO - Filling up the DagBag from /opt/airflow/dags/flatten_dag.py
[2026-01-26T08:24:48.054+0000] {processor.py:840} INFO - DAG(s) 'flatten_data' retrieved from /opt/airflow/dags/flatten_dag.py
[2026-01-26T08:24:48.225+0000] {logging_mixin.py:188} INFO - [2026-01-26T08:24:48.225+0000] {dag.py:3036} INFO - Sync 1 DAGs
[2026-01-26T08:24:48.238+0000] {logging_mixin.py:188} INFO - [2026-01-26T08:24:48.238+0000] {dag.py:3823} INFO - Setting next_dagrun for flatten_data to None, run_after=None
[2026-01-26T08:24:48.250+0000] {processor.py:183} INFO - Processing /opt/airflow/dags/flatten_dag.py took 0.462 seconds
[2026-01-26T08:25:18.660+0000] {processor.py:161} INFO - Started process (PID=350) to work on /opt/airflow/dags/flatten_dag.py
[2026-01-26T08:25:18.663+0000] {processor.py:830} INFO - Processing file /opt/airflow/dags/flatten_dag.py for tasks to queue
[2026-01-26T08:25:18.664+0000] {logging_mixin.py:188} INFO - [2026-01-26T08:25:18.663+0000] {dagbag.py:538} INFO - Filling up the DagBag from /opt/airflow/dags/flatten_dag.py
[2026-01-26T08:25:18.692+0000] {processor.py:840} INFO - DAG(s) 'flatten_data' retrieved from /opt/airflow/dags/flatten_dag.py
[2026-01-26T08:25:18.736+0000] {logging_mixin.py:188} INFO - [2026-01-26T08:25:18.735+0000] {dag.py:3036} INFO - Sync 1 DAGs
[2026-01-26T08:25:18.747+0000] {logging_mixin.py:188} INFO - [2026-01-26T08:25:18.747+0000] {dag.py:3823} INFO - Setting next_dagrun for flatten_data to None, run_after=None
[2026-01-26T08:25:18.760+0000] {processor.py:183} INFO - Processing /opt/airflow/dags/flatten_dag.py took 0.110 seconds
[2026-01-26T08:25:49.154+0000] {processor.py:161} INFO - Started process (PID=355) to work on /opt/airflow/dags/flatten_dag.py
[2026-01-26T08:25:49.157+0000] {processor.py:830} INFO - Processing file /opt/airflow/dags/flatten_dag.py for tasks to queue
[2026-01-26T08:25:49.158+0000] {logging_mixin.py:188} INFO - [2026-01-26T08:25:49.157+0000] {dagbag.py:538} INFO - Filling up the DagBag from /opt/airflow/dags/flatten_dag.py
[2026-01-26T08:25:49.200+0000] {processor.py:840} INFO - DAG(s) 'flatten_data' retrieved from /opt/airflow/dags/flatten_dag.py
[2026-01-26T08:25:49.239+0000] {logging_mixin.py:188} INFO - [2026-01-26T08:25:49.239+0000] {dag.py:3036} INFO - Sync 1 DAGs
[2026-01-26T08:25:49.257+0000] {logging_mixin.py:188} INFO - [2026-01-26T08:25:49.257+0000] {dag.py:3823} INFO - Setting next_dagrun for flatten_data to None, run_after=None
[2026-01-26T08:25:49.271+0000] {processor.py:183} INFO - Processing /opt/airflow/dags/flatten_dag.py took 0.124 seconds
[2026-01-26T08:26:05.493+0000] {processor.py:161} INFO - Started process (PID=360) to work on /opt/airflow/dags/flatten_dag.py
[2026-01-26T08:26:05.496+0000] {processor.py:830} INFO - Processing file /opt/airflow/dags/flatten_dag.py for tasks to queue
[2026-01-26T08:26:05.497+0000] {logging_mixin.py:188} INFO - [2026-01-26T08:26:05.497+0000] {dagbag.py:538} INFO - Filling up the DagBag from /opt/airflow/dags/flatten_dag.py
[2026-01-26T08:26:05.575+0000] {processor.py:840} INFO - DAG(s) 'flatten_data' retrieved from /opt/airflow/dags/flatten_dag.py
[2026-01-26T08:26:05.945+0000] {logging_mixin.py:188} INFO - [2026-01-26T08:26:05.944+0000] {dag.py:3036} INFO - Sync 1 DAGs
[2026-01-26T08:26:06.075+0000] {logging_mixin.py:188} INFO - [2026-01-26T08:26:06.074+0000] {dag.py:3823} INFO - Setting next_dagrun for flatten_data to None, run_after=None
[2026-01-26T08:26:06.201+0000] {processor.py:183} INFO - Processing /opt/airflow/dags/flatten_dag.py took 0.701 seconds
[2026-01-26T08:26:18.547+0000] {processor.py:161} INFO - Started process (PID=365) to work on /opt/airflow/dags/flatten_dag.py
[2026-01-26T08:26:18.549+0000] {processor.py:830} INFO - Processing file /opt/airflow/dags/flatten_dag.py for tasks to queue
[2026-01-26T08:26:18.551+0000] {logging_mixin.py:188} INFO - [2026-01-26T08:26:18.550+0000] {dagbag.py:538} INFO - Filling up the DagBag from /opt/airflow/dags/flatten_dag.py
[2026-01-26T08:26:18.615+0000] {processor.py:840} INFO - DAG(s) 'flatten_data' retrieved from /opt/airflow/dags/flatten_dag.py
[2026-01-26T08:26:18.664+0000] {logging_mixin.py:188} INFO - [2026-01-26T08:26:18.664+0000] {dag.py:3036} INFO - Sync 1 DAGs
[2026-01-26T08:26:18.679+0000] {logging_mixin.py:188} INFO - [2026-01-26T08:26:18.679+0000] {dag.py:3823} INFO - Setting next_dagrun for flatten_data to None, run_after=None
[2026-01-26T08:26:18.701+0000] {processor.py:183} INFO - Processing /opt/airflow/dags/flatten_dag.py took 0.161 seconds
[2026-01-26T08:26:29.958+0000] {processor.py:161} INFO - Started process (PID=370) to work on /opt/airflow/dags/flatten_dag.py
[2026-01-26T08:26:29.959+0000] {processor.py:830} INFO - Processing file /opt/airflow/dags/flatten_dag.py for tasks to queue
[2026-01-26T08:26:29.960+0000] {logging_mixin.py:188} INFO - [2026-01-26T08:26:29.960+0000] {dagbag.py:538} INFO - Filling up the DagBag from /opt/airflow/dags/flatten_dag.py
[2026-01-26T08:26:29.988+0000] {processor.py:840} INFO - DAG(s) 'flatten_data' retrieved from /opt/airflow/dags/flatten_dag.py
[2026-01-26T08:26:30.011+0000] {logging_mixin.py:188} INFO - [2026-01-26T08:26:30.011+0000] {dag.py:3036} INFO - Sync 1 DAGs
[2026-01-26T08:26:30.026+0000] {logging_mixin.py:188} INFO - [2026-01-26T08:26:30.025+0000] {dag.py:3823} INFO - Setting next_dagrun for flatten_data to None, run_after=None
[2026-01-26T08:26:30.064+0000] {processor.py:183} INFO - Processing /opt/airflow/dags/flatten_dag.py took 0.110 seconds
[2026-01-26T08:26:44.290+0000] {processor.py:161} INFO - Started process (PID=375) to work on /opt/airflow/dags/flatten_dag.py
[2026-01-26T08:26:44.292+0000] {processor.py:830} INFO - Processing file /opt/airflow/dags/flatten_dag.py for tasks to queue
[2026-01-26T08:26:44.294+0000] {logging_mixin.py:188} INFO - [2026-01-26T08:26:44.293+0000] {dagbag.py:538} INFO - Filling up the DagBag from /opt/airflow/dags/flatten_dag.py
[2026-01-26T08:26:44.326+0000] {processor.py:840} INFO - DAG(s) 'flatten_data' retrieved from /opt/airflow/dags/flatten_dag.py
[2026-01-26T08:26:44.442+0000] {logging_mixin.py:188} INFO - [2026-01-26T08:26:44.442+0000] {dag.py:3036} INFO - Sync 1 DAGs
[2026-01-26T08:26:44.449+0000] {logging_mixin.py:188} INFO - [2026-01-26T08:26:44.449+0000] {dag.py:3823} INFO - Setting next_dagrun for flatten_data to None, run_after=None
[2026-01-26T08:26:44.470+0000] {processor.py:183} INFO - Processing /opt/airflow/dags/flatten_dag.py took 0.185 seconds
[2026-01-26T08:27:14.914+0000] {processor.py:161} INFO - Started process (PID=380) to work on /opt/airflow/dags/flatten_dag.py
[2026-01-26T08:27:14.925+0000] {processor.py:830} INFO - Processing file /opt/airflow/dags/flatten_dag.py for tasks to queue
[2026-01-26T08:27:14.928+0000] {logging_mixin.py:188} INFO - [2026-01-26T08:27:14.926+0000] {dagbag.py:538} INFO - Filling up the DagBag from /opt/airflow/dags/flatten_dag.py
[2026-01-26T08:27:14.977+0000] {processor.py:840} INFO - DAG(s) 'flatten_data' retrieved from /opt/airflow/dags/flatten_dag.py
[2026-01-26T08:27:15.022+0000] {logging_mixin.py:188} INFO - [2026-01-26T08:27:15.022+0000] {dag.py:3036} INFO - Sync 1 DAGs
[2026-01-26T08:27:15.034+0000] {logging_mixin.py:188} INFO - [2026-01-26T08:27:15.034+0000] {dag.py:3823} INFO - Setting next_dagrun for flatten_data to None, run_after=None
[2026-01-26T08:27:15.052+0000] {processor.py:183} INFO - Processing /opt/airflow/dags/flatten_dag.py took 0.173 seconds
[2026-01-26T08:27:45.386+0000] {processor.py:161} INFO - Started process (PID=385) to work on /opt/airflow/dags/flatten_dag.py
[2026-01-26T08:27:45.388+0000] {processor.py:830} INFO - Processing file /opt/airflow/dags/flatten_dag.py for tasks to queue
[2026-01-26T08:27:45.390+0000] {logging_mixin.py:188} INFO - [2026-01-26T08:27:45.389+0000] {dagbag.py:538} INFO - Filling up the DagBag from /opt/airflow/dags/flatten_dag.py
[2026-01-26T08:27:45.434+0000] {processor.py:840} INFO - DAG(s) 'flatten_data' retrieved from /opt/airflow/dags/flatten_dag.py
[2026-01-26T08:27:45.487+0000] {logging_mixin.py:188} INFO - [2026-01-26T08:27:45.487+0000] {dag.py:3036} INFO - Sync 1 DAGs
[2026-01-26T08:27:45.529+0000] {logging_mixin.py:188} INFO - [2026-01-26T08:27:45.529+0000] {dag.py:3823} INFO - Setting next_dagrun for flatten_data to None, run_after=None
[2026-01-26T08:27:45.592+0000] {processor.py:183} INFO - Processing /opt/airflow/dags/flatten_dag.py took 0.216 seconds
[2026-01-26T08:28:15.817+0000] {processor.py:161} INFO - Started process (PID=390) to work on /opt/airflow/dags/flatten_dag.py
[2026-01-26T08:28:15.820+0000] {processor.py:830} INFO - Processing file /opt/airflow/dags/flatten_dag.py for tasks to queue
[2026-01-26T08:28:15.823+0000] {logging_mixin.py:188} INFO - [2026-01-26T08:28:15.821+0000] {dagbag.py:538} INFO - Filling up the DagBag from /opt/airflow/dags/flatten_dag.py
[2026-01-26T08:28:15.872+0000] {processor.py:840} INFO - DAG(s) 'flatten_data' retrieved from /opt/airflow/dags/flatten_dag.py
[2026-01-26T08:28:15.956+0000] {logging_mixin.py:188} INFO - [2026-01-26T08:28:15.956+0000] {dag.py:3036} INFO - Sync 1 DAGs
[2026-01-26T08:28:15.965+0000] {logging_mixin.py:188} INFO - [2026-01-26T08:28:15.965+0000] {dag.py:3823} INFO - Setting next_dagrun for flatten_data to None, run_after=None
[2026-01-26T08:28:15.975+0000] {processor.py:183} INFO - Processing /opt/airflow/dags/flatten_dag.py took 0.232 seconds
