[2026-03-03T16:19:50.704+0000] {local_task_job_runner.py:120} INFO - ::group::Pre task execution logs
[2026-03-03T16:19:50.875+0000] {taskinstance.py:2073} INFO - Dependencies all met for dep_context=non-requeueable deps ti=<TaskInstance: logistics_mongo_to_postgres_replication.ensure_raw_schema scheduled__2026-03-03T15:00:00+00:00 [queued]>
[2026-03-03T16:19:50.880+0000] {taskinstance.py:2073} INFO - Dependencies all met for dep_context=requeueable deps ti=<TaskInstance: logistics_mongo_to_postgres_replication.ensure_raw_schema scheduled__2026-03-03T15:00:00+00:00 [queued]>
[2026-03-03T16:19:50.880+0000] {taskinstance.py:2303} INFO - Starting attempt 1 of 2
[2026-03-03T16:19:50.889+0000] {taskinstance.py:2327} INFO - Executing <Task(_PythonDecoratedOperator): ensure_raw_schema> on 2026-03-03 15:00:00+00:00
[2026-03-03T16:19:50.902+0000] {standard_task_runner.py:63} INFO - Started process 57 to run task
[2026-03-03T16:19:50.907+0000] {standard_task_runner.py:90} INFO - Running: ['airflow', 'tasks', 'run', 'logistics_mongo_to_postgres_replication', 'ensure_raw_schema', 'scheduled__2026-03-03T15:00:00+00:00', '--job-id', '3', '--raw', '--subdir', 'DAGS_FOLDER/mongo_to_postgres_replication_dag.py', '--cfg-path', '/tmp/tmpua2q0wro']
[2026-03-03T16:19:50.923+0000] {standard_task_runner.py:91} INFO - Job 3: Subtask ensure_raw_schema
[2026-03-03T16:19:50.989+0000] {task_command.py:426} INFO - Running <TaskInstance: logistics_mongo_to_postgres_replication.ensure_raw_schema scheduled__2026-03-03T15:00:00+00:00 [running]> on host d6dbe45132fa
[2026-03-03T16:19:51.099+0000] {taskinstance.py:2644} INFO - Exporting env vars: AIRFLOW_CTX_DAG_OWNER='logistics_***_project' AIRFLOW_CTX_DAG_ID='logistics_mongo_to_postgres_replication' AIRFLOW_CTX_TASK_ID='ensure_raw_schema' AIRFLOW_CTX_EXECUTION_DATE='2026-03-03T15:00:00+00:00' AIRFLOW_CTX_TRY_NUMBER='1' AIRFLOW_CTX_DAG_RUN_ID='scheduled__2026-03-03T15:00:00+00:00'
[2026-03-03T16:19:51.102+0000] {taskinstance.py:430} INFO - ::endgroup::
[2026-03-03T16:19:51.103+0000] {crypto.py:82} WARNING - empty cryptography key - values will not be stored encrypted.
[2026-03-03T16:19:51.104+0000] {base.py:84} INFO - Using connection ID 'postgres_analytics' for task execution.
[2026-03-03T16:19:51.113+0000] {sql.py:457} INFO - Running statement: 
        CREATE SCHEMA IF NOT EXISTS raw;
        , parameters: None
[2026-03-03T16:19:51.120+0000] {base.py:84} INFO - Using connection ID 'postgres_analytics' for task execution.
[2026-03-03T16:19:51.125+0000] {sql.py:457} INFO - Running statement: 
        CREATE TABLE IF NOT EXISTS raw.delivery_sessions (
            session_id TEXT PRIMARY KEY,
            user_id TEXT NOT NULL,
            start_time TIMESTAMPTZ NOT NULL,
            end_time TIMESTAMPTZ NOT NULL,
            session_duration_seconds INTEGER NOT NULL,
            route_points JSONB,
            device JSONB,
            driver_actions JSONB,
            created_at TIMESTAMPTZ DEFAULT NOW(),
            updated_at TIMESTAMPTZ DEFAULT NOW()
        );
        , parameters: None
[2026-03-03T16:19:51.140+0000] {base.py:84} INFO - Using connection ID 'postgres_analytics' for task execution.
[2026-03-03T16:19:51.146+0000] {sql.py:457} INFO - Running statement: 
        CREATE TABLE IF NOT EXISTS raw.delivery_events (
            event_id TEXT PRIMARY KEY,
            timestamp TIMESTAMPTZ NOT NULL,
            event_type TEXT NOT NULL,
            details JSONB,
            created_at TIMESTAMPTZ DEFAULT NOW(),
            updated_at TIMESTAMPTZ DEFAULT NOW()
        );
        , parameters: None
[2026-03-03T16:19:51.152+0000] {base.py:84} INFO - Using connection ID 'postgres_analytics' for task execution.
[2026-03-03T16:19:51.159+0000] {sql.py:457} INFO - Running statement: 
        CREATE TABLE IF NOT EXISTS raw.delivery_tickets (
            ticket_id TEXT PRIMARY KEY,
            user_id TEXT NOT NULL,
            status TEXT NOT NULL,
            issue_type TEXT NOT NULL,
            messages JSONB,
            created_at TIMESTAMPTZ NOT NULL,
            updated_at TIMESTAMPTZ NOT NULL,
            resolution_time_seconds INTEGER,
            messages_count INTEGER
        );
        , parameters: None
[2026-03-03T16:19:51.167+0000] {base.py:84} INFO - Using connection ID 'postgres_analytics' for task execution.
[2026-03-03T16:19:51.181+0000] {sql.py:457} INFO - Running statement: 
        CREATE TABLE IF NOT EXISTS raw.route_recommendations (
            user_id TEXT PRIMARY KEY,
            recommended_routes JSONB,
            last_updated TIMESTAMPTZ NOT NULL,
            created_at TIMESTAMPTZ DEFAULT NOW(),
            updated_at TIMESTAMPTZ DEFAULT NOW()
        );
        , parameters: None
[2026-03-03T16:19:51.190+0000] {base.py:84} INFO - Using connection ID 'postgres_analytics' for task execution.
[2026-03-03T16:19:51.199+0000] {sql.py:457} INFO - Running statement: 
        CREATE TABLE IF NOT EXISTS raw.quality_checks (
            review_id TEXT PRIMARY KEY,
            user_id TEXT NOT NULL,
            object_id TEXT NOT NULL,
            review_text TEXT,
            rating INTEGER,
            moderation_status TEXT,
            flags JSONB,
            submitted_at TIMESTAMPTZ NOT NULL,
            created_at TIMESTAMPTZ DEFAULT NOW(),
            updated_at TIMESTAMPTZ DEFAULT NOW()
        );
        , parameters: None
[2026-03-03T16:19:51.205+0000] {python.py:237} INFO - Done. Returned value was: None
[2026-03-03T16:19:51.209+0000] {taskinstance.py:441} INFO - ::group::Post task execution logs
[2026-03-03T16:19:51.220+0000] {taskinstance.py:1205} INFO - Marking task as SUCCESS. dag_id=logistics_mongo_to_postgres_replication, task_id=ensure_raw_schema, execution_date=20260303T150000, start_date=20260303T161950, end_date=20260303T161951
[2026-03-03T16:19:51.270+0000] {local_task_job_runner.py:240} INFO - Task exited with return code 0
[2026-03-03T16:19:51.308+0000] {taskinstance.py:3482} INFO - 5 downstream tasks scheduled from follow-on schedule check
[2026-03-03T16:19:51.310+0000] {local_task_job_runner.py:222} INFO - ::endgroup::
