[2026-02-10T16:26:17.088+0000] {processor.py:161} INFO - Started process (PID=176) to work on /opt/airflow/dags/weather_load.py
[2026-02-10T16:26:17.092+0000] {processor.py:830} INFO - Processing file /opt/airflow/dags/weather_load.py for tasks to queue
[2026-02-10T16:26:17.099+0000] {logging_mixin.py:188} INFO - [2026-02-10T16:26:17.097+0000] {dagbag.py:538} INFO - Filling up the DagBag from /opt/airflow/dags/weather_load.py
[2026-02-10T16:26:20.427+0000] {processor.py:840} INFO - DAG(s) 'weather_load_hw4' retrieved from /opt/airflow/dags/weather_load.py
[2026-02-10T16:26:20.664+0000] {logging_mixin.py:188} INFO - [2026-02-10T16:26:20.661+0000] {override.py:1769} INFO - Created Permission View: can edit on DAG:weather_load_hw4
[2026-02-10T16:26:20.669+0000] {logging_mixin.py:188} INFO - [2026-02-10T16:26:20.669+0000] {override.py:1769} INFO - Created Permission View: can read on DAG:weather_load_hw4
[2026-02-10T16:26:20.672+0000] {logging_mixin.py:188} INFO - [2026-02-10T16:26:20.672+0000] {override.py:1769} INFO - Created Permission View: can delete on DAG:weather_load_hw4
[2026-02-10T16:26:20.673+0000] {logging_mixin.py:188} INFO - [2026-02-10T16:26:20.673+0000] {dag.py:3036} INFO - Sync 1 DAGs
[2026-02-10T16:26:20.685+0000] {logging_mixin.py:188} INFO - [2026-02-10T16:26:20.684+0000] {dag.py:3058} INFO - Creating ORM DAG for weather_load_hw4
[2026-02-10T16:26:20.685+0000] {logging_mixin.py:188} INFO - [2026-02-10T16:26:20.685+0000] {dag.py:3823} INFO - Setting next_dagrun for weather_load_hw4 to None, run_after=None
[2026-02-10T16:26:20.711+0000] {processor.py:183} INFO - Processing /opt/airflow/dags/weather_load.py took 3.643 seconds
[2026-02-10T16:26:51.916+0000] {processor.py:161} INFO - Started process (PID=196) to work on /opt/airflow/dags/weather_load.py
[2026-02-10T16:26:51.927+0000] {processor.py:830} INFO - Processing file /opt/airflow/dags/weather_load.py for tasks to queue
[2026-02-10T16:26:51.933+0000] {logging_mixin.py:188} INFO - [2026-02-10T16:26:51.930+0000] {dagbag.py:538} INFO - Filling up the DagBag from /opt/airflow/dags/weather_load.py
[2026-02-10T16:26:52.802+0000] {processor.py:840} INFO - DAG(s) 'weather_load_hw4' retrieved from /opt/airflow/dags/weather_load.py
[2026-02-10T16:26:52.958+0000] {logging_mixin.py:188} INFO - [2026-02-10T16:26:52.957+0000] {dag.py:3036} INFO - Sync 1 DAGs
[2026-02-10T16:26:52.977+0000] {logging_mixin.py:188} INFO - [2026-02-10T16:26:52.976+0000] {dag.py:3823} INFO - Setting next_dagrun for weather_load_hw4 to None, run_after=None
[2026-02-10T16:26:53.020+0000] {processor.py:183} INFO - Processing /opt/airflow/dags/weather_load.py took 1.140 seconds
[2026-02-10T16:27:23.570+0000] {processor.py:161} INFO - Started process (PID=202) to work on /opt/airflow/dags/weather_load.py
[2026-02-10T16:27:23.572+0000] {processor.py:830} INFO - Processing file /opt/airflow/dags/weather_load.py for tasks to queue
[2026-02-10T16:27:23.578+0000] {logging_mixin.py:188} INFO - [2026-02-10T16:27:23.574+0000] {dagbag.py:538} INFO - Filling up the DagBag from /opt/airflow/dags/weather_load.py
[2026-02-10T16:27:23.974+0000] {processor.py:840} INFO - DAG(s) 'weather_load_hw4' retrieved from /opt/airflow/dags/weather_load.py
[2026-02-10T16:27:24.012+0000] {logging_mixin.py:188} INFO - [2026-02-10T16:27:24.011+0000] {dag.py:3036} INFO - Sync 1 DAGs
[2026-02-10T16:27:24.032+0000] {logging_mixin.py:188} INFO - [2026-02-10T16:27:24.032+0000] {dag.py:3823} INFO - Setting next_dagrun for weather_load_hw4 to None, run_after=None
[2026-02-10T16:27:24.050+0000] {processor.py:183} INFO - Processing /opt/airflow/dags/weather_load.py took 0.490 seconds
[2026-02-10T16:27:54.560+0000] {processor.py:161} INFO - Started process (PID=209) to work on /opt/airflow/dags/weather_load.py
[2026-02-10T16:27:54.562+0000] {processor.py:830} INFO - Processing file /opt/airflow/dags/weather_load.py for tasks to queue
[2026-02-10T16:27:54.565+0000] {logging_mixin.py:188} INFO - [2026-02-10T16:27:54.564+0000] {dagbag.py:538} INFO - Filling up the DagBag from /opt/airflow/dags/weather_load.py
[2026-02-10T16:27:55.044+0000] {processor.py:840} INFO - DAG(s) 'weather_load_hw4' retrieved from /opt/airflow/dags/weather_load.py
[2026-02-10T16:27:55.095+0000] {logging_mixin.py:188} INFO - [2026-02-10T16:27:55.094+0000] {dag.py:3036} INFO - Sync 1 DAGs
[2026-02-10T16:27:55.109+0000] {logging_mixin.py:188} INFO - [2026-02-10T16:27:55.109+0000] {dag.py:3823} INFO - Setting next_dagrun for weather_load_hw4 to None, run_after=None
[2026-02-10T16:27:55.137+0000] {processor.py:183} INFO - Processing /opt/airflow/dags/weather_load.py took 0.583 seconds
[2026-02-10T16:28:25.341+0000] {processor.py:161} INFO - Started process (PID=221) to work on /opt/airflow/dags/weather_load.py
[2026-02-10T16:28:25.347+0000] {processor.py:830} INFO - Processing file /opt/airflow/dags/weather_load.py for tasks to queue
[2026-02-10T16:28:25.356+0000] {logging_mixin.py:188} INFO - [2026-02-10T16:28:25.351+0000] {dagbag.py:538} INFO - Filling up the DagBag from /opt/airflow/dags/weather_load.py
[2026-02-10T16:28:26.092+0000] {processor.py:840} INFO - DAG(s) 'weather_load_hw4' retrieved from /opt/airflow/dags/weather_load.py
[2026-02-10T16:28:26.236+0000] {logging_mixin.py:188} INFO - [2026-02-10T16:28:26.235+0000] {dag.py:3036} INFO - Sync 1 DAGs
[2026-02-10T16:28:26.285+0000] {logging_mixin.py:188} INFO - [2026-02-10T16:28:26.285+0000] {dag.py:3823} INFO - Setting next_dagrun for weather_load_hw4 to None, run_after=None
[2026-02-10T16:28:26.323+0000] {processor.py:183} INFO - Processing /opt/airflow/dags/weather_load.py took 1.001 seconds
[2026-02-10T16:28:57.337+0000] {processor.py:161} INFO - Started process (PID=227) to work on /opt/airflow/dags/weather_load.py
[2026-02-10T16:28:57.342+0000] {processor.py:830} INFO - Processing file /opt/airflow/dags/weather_load.py for tasks to queue
[2026-02-10T16:28:57.349+0000] {logging_mixin.py:188} INFO - [2026-02-10T16:28:57.346+0000] {dagbag.py:538} INFO - Filling up the DagBag from /opt/airflow/dags/weather_load.py
[2026-02-10T16:28:57.950+0000] {processor.py:840} INFO - DAG(s) 'weather_load_hw4' retrieved from /opt/airflow/dags/weather_load.py
[2026-02-10T16:28:58.038+0000] {logging_mixin.py:188} INFO - [2026-02-10T16:28:58.037+0000] {dag.py:3036} INFO - Sync 1 DAGs
[2026-02-10T16:28:58.061+0000] {logging_mixin.py:188} INFO - [2026-02-10T16:28:58.061+0000] {dag.py:3823} INFO - Setting next_dagrun for weather_load_hw4 to None, run_after=None
[2026-02-10T16:28:58.093+0000] {processor.py:183} INFO - Processing /opt/airflow/dags/weather_load.py took 0.781 seconds
[2026-02-10T16:29:28.858+0000] {processor.py:161} INFO - Started process (PID=233) to work on /opt/airflow/dags/weather_load.py
[2026-02-10T16:29:28.860+0000] {processor.py:830} INFO - Processing file /opt/airflow/dags/weather_load.py for tasks to queue
[2026-02-10T16:29:28.862+0000] {logging_mixin.py:188} INFO - [2026-02-10T16:29:28.861+0000] {dagbag.py:538} INFO - Filling up the DagBag from /opt/airflow/dags/weather_load.py
[2026-02-10T16:29:29.684+0000] {processor.py:840} INFO - DAG(s) 'weather_load_hw4' retrieved from /opt/airflow/dags/weather_load.py
[2026-02-10T16:29:29.825+0000] {logging_mixin.py:188} INFO - [2026-02-10T16:29:29.825+0000] {dag.py:3036} INFO - Sync 1 DAGs
[2026-02-10T16:29:29.851+0000] {logging_mixin.py:188} INFO - [2026-02-10T16:29:29.851+0000] {dag.py:3823} INFO - Setting next_dagrun for weather_load_hw4 to None, run_after=None
[2026-02-10T16:29:29.870+0000] {processor.py:183} INFO - Processing /opt/airflow/dags/weather_load.py took 1.021 seconds
[2026-02-10T16:30:01.015+0000] {processor.py:161} INFO - Started process (PID=239) to work on /opt/airflow/dags/weather_load.py
[2026-02-10T16:30:01.020+0000] {processor.py:830} INFO - Processing file /opt/airflow/dags/weather_load.py for tasks to queue
[2026-02-10T16:30:01.025+0000] {logging_mixin.py:188} INFO - [2026-02-10T16:30:01.022+0000] {dagbag.py:538} INFO - Filling up the DagBag from /opt/airflow/dags/weather_load.py
[2026-02-10T16:30:01.739+0000] {processor.py:840} INFO - DAG(s) 'weather_load_hw4' retrieved from /opt/airflow/dags/weather_load.py
[2026-02-10T16:30:01.795+0000] {logging_mixin.py:188} INFO - [2026-02-10T16:30:01.794+0000] {dag.py:3036} INFO - Sync 1 DAGs
[2026-02-10T16:30:01.827+0000] {logging_mixin.py:188} INFO - [2026-02-10T16:30:01.827+0000] {dag.py:3823} INFO - Setting next_dagrun for weather_load_hw4 to None, run_after=None
[2026-02-10T16:30:01.859+0000] {processor.py:183} INFO - Processing /opt/airflow/dags/weather_load.py took 0.893 seconds
[2026-02-10T16:30:25.826+0000] {processor.py:161} INFO - Started process (PID=245) to work on /opt/airflow/dags/weather_load.py
[2026-02-10T16:30:25.834+0000] {processor.py:830} INFO - Processing file /opt/airflow/dags/weather_load.py for tasks to queue
[2026-02-10T16:30:25.839+0000] {logging_mixin.py:188} INFO - [2026-02-10T16:30:25.837+0000] {dagbag.py:538} INFO - Filling up the DagBag from /opt/airflow/dags/weather_load.py
[2026-02-10T16:30:26.627+0000] {processor.py:840} INFO - DAG(s) 'weather_load_hw4' retrieved from /opt/airflow/dags/weather_load.py
[2026-02-10T16:30:27.047+0000] {logging_mixin.py:188} INFO - [2026-02-10T16:30:27.040+0000] {dag.py:3036} INFO - Sync 1 DAGs
[2026-02-10T16:30:27.068+0000] {logging_mixin.py:188} INFO - [2026-02-10T16:30:27.067+0000] {dag.py:3823} INFO - Setting next_dagrun for weather_load_hw4 to None, run_after=None
[2026-02-10T16:30:27.129+0000] {processor.py:183} INFO - Processing /opt/airflow/dags/weather_load.py took 1.327 seconds
[2026-02-10T16:30:57.450+0000] {processor.py:161} INFO - Started process (PID=251) to work on /opt/airflow/dags/weather_load.py
[2026-02-10T16:30:57.455+0000] {processor.py:830} INFO - Processing file /opt/airflow/dags/weather_load.py for tasks to queue
[2026-02-10T16:30:57.460+0000] {logging_mixin.py:188} INFO - [2026-02-10T16:30:57.458+0000] {dagbag.py:538} INFO - Filling up the DagBag from /opt/airflow/dags/weather_load.py
[2026-02-10T16:30:57.833+0000] {processor.py:840} INFO - DAG(s) 'weather_load_hw4' retrieved from /opt/airflow/dags/weather_load.py
[2026-02-10T16:30:57.885+0000] {logging_mixin.py:188} INFO - [2026-02-10T16:30:57.885+0000] {dag.py:3036} INFO - Sync 1 DAGs
[2026-02-10T16:30:57.894+0000] {logging_mixin.py:188} INFO - [2026-02-10T16:30:57.894+0000] {dag.py:3823} INFO - Setting next_dagrun for weather_load_hw4 to None, run_after=None
[2026-02-10T16:30:57.904+0000] {processor.py:183} INFO - Processing /opt/airflow/dags/weather_load.py took 0.467 seconds
[2026-02-10T16:31:28.191+0000] {processor.py:161} INFO - Started process (PID=257) to work on /opt/airflow/dags/weather_load.py
[2026-02-10T16:31:28.194+0000] {processor.py:830} INFO - Processing file /opt/airflow/dags/weather_load.py for tasks to queue
[2026-02-10T16:31:28.195+0000] {logging_mixin.py:188} INFO - [2026-02-10T16:31:28.195+0000] {dagbag.py:538} INFO - Filling up the DagBag from /opt/airflow/dags/weather_load.py
[2026-02-10T16:31:28.444+0000] {processor.py:840} INFO - DAG(s) 'weather_load_hw4' retrieved from /opt/airflow/dags/weather_load.py
[2026-02-10T16:31:28.470+0000] {logging_mixin.py:188} INFO - [2026-02-10T16:31:28.470+0000] {dag.py:3036} INFO - Sync 1 DAGs
[2026-02-10T16:31:28.480+0000] {logging_mixin.py:188} INFO - [2026-02-10T16:31:28.480+0000] {dag.py:3823} INFO - Setting next_dagrun for weather_load_hw4 to None, run_after=None
[2026-02-10T16:31:28.496+0000] {processor.py:183} INFO - Processing /opt/airflow/dags/weather_load.py took 0.318 seconds
[2026-02-10T16:31:58.584+0000] {processor.py:161} INFO - Started process (PID=263) to work on /opt/airflow/dags/weather_load.py
[2026-02-10T16:31:58.587+0000] {processor.py:830} INFO - Processing file /opt/airflow/dags/weather_load.py for tasks to queue
[2026-02-10T16:31:58.589+0000] {logging_mixin.py:188} INFO - [2026-02-10T16:31:58.588+0000] {dagbag.py:538} INFO - Filling up the DagBag from /opt/airflow/dags/weather_load.py
[2026-02-10T16:31:58.854+0000] {processor.py:840} INFO - DAG(s) 'weather_load_hw4' retrieved from /opt/airflow/dags/weather_load.py
[2026-02-10T16:31:58.882+0000] {logging_mixin.py:188} INFO - [2026-02-10T16:31:58.881+0000] {dag.py:3036} INFO - Sync 1 DAGs
[2026-02-10T16:31:58.896+0000] {logging_mixin.py:188} INFO - [2026-02-10T16:31:58.896+0000] {dag.py:3823} INFO - Setting next_dagrun for weather_load_hw4 to None, run_after=None
[2026-02-10T16:31:58.939+0000] {processor.py:183} INFO - Processing /opt/airflow/dags/weather_load.py took 0.368 seconds
[2026-02-10T16:32:29.615+0000] {processor.py:161} INFO - Started process (PID=269) to work on /opt/airflow/dags/weather_load.py
[2026-02-10T16:32:29.617+0000] {processor.py:830} INFO - Processing file /opt/airflow/dags/weather_load.py for tasks to queue
[2026-02-10T16:32:29.619+0000] {logging_mixin.py:188} INFO - [2026-02-10T16:32:29.618+0000] {dagbag.py:538} INFO - Filling up the DagBag from /opt/airflow/dags/weather_load.py
[2026-02-10T16:32:29.869+0000] {processor.py:840} INFO - DAG(s) 'weather_load_hw4' retrieved from /opt/airflow/dags/weather_load.py
[2026-02-10T16:32:29.904+0000] {logging_mixin.py:188} INFO - [2026-02-10T16:32:29.903+0000] {dag.py:3036} INFO - Sync 1 DAGs
[2026-02-10T16:32:29.920+0000] {logging_mixin.py:188} INFO - [2026-02-10T16:32:29.920+0000] {dag.py:3823} INFO - Setting next_dagrun for weather_load_hw4 to None, run_after=None
[2026-02-10T16:32:29.937+0000] {processor.py:183} INFO - Processing /opt/airflow/dags/weather_load.py took 0.335 seconds
[2026-02-10T16:33:00.111+0000] {processor.py:161} INFO - Started process (PID=275) to work on /opt/airflow/dags/weather_load.py
[2026-02-10T16:33:00.114+0000] {processor.py:830} INFO - Processing file /opt/airflow/dags/weather_load.py for tasks to queue
[2026-02-10T16:33:00.116+0000] {logging_mixin.py:188} INFO - [2026-02-10T16:33:00.115+0000] {dagbag.py:538} INFO - Filling up the DagBag from /opt/airflow/dags/weather_load.py
[2026-02-10T16:33:00.354+0000] {processor.py:840} INFO - DAG(s) 'weather_load_hw4' retrieved from /opt/airflow/dags/weather_load.py
[2026-02-10T16:33:00.387+0000] {logging_mixin.py:188} INFO - [2026-02-10T16:33:00.387+0000] {dag.py:3036} INFO - Sync 1 DAGs
[2026-02-10T16:33:00.402+0000] {logging_mixin.py:188} INFO - [2026-02-10T16:33:00.402+0000] {dag.py:3823} INFO - Setting next_dagrun for weather_load_hw4 to None, run_after=None
[2026-02-10T16:33:00.426+0000] {processor.py:183} INFO - Processing /opt/airflow/dags/weather_load.py took 0.323 seconds
[2026-02-10T16:33:30.770+0000] {processor.py:161} INFO - Started process (PID=281) to work on /opt/airflow/dags/weather_load.py
[2026-02-10T16:33:30.773+0000] {processor.py:830} INFO - Processing file /opt/airflow/dags/weather_load.py for tasks to queue
[2026-02-10T16:33:30.776+0000] {logging_mixin.py:188} INFO - [2026-02-10T16:33:30.774+0000] {dagbag.py:538} INFO - Filling up the DagBag from /opt/airflow/dags/weather_load.py
[2026-02-10T16:33:31.019+0000] {processor.py:840} INFO - DAG(s) 'weather_load_hw4' retrieved from /opt/airflow/dags/weather_load.py
[2026-02-10T16:33:31.046+0000] {logging_mixin.py:188} INFO - [2026-02-10T16:33:31.046+0000] {dag.py:3036} INFO - Sync 1 DAGs
[2026-02-10T16:33:31.054+0000] {logging_mixin.py:188} INFO - [2026-02-10T16:33:31.054+0000] {dag.py:3823} INFO - Setting next_dagrun for weather_load_hw4 to None, run_after=None
[2026-02-10T16:33:31.063+0000] {processor.py:183} INFO - Processing /opt/airflow/dags/weather_load.py took 0.306 seconds
[2026-02-10T16:34:01.189+0000] {processor.py:161} INFO - Started process (PID=287) to work on /opt/airflow/dags/weather_load.py
[2026-02-10T16:34:01.192+0000] {processor.py:830} INFO - Processing file /opt/airflow/dags/weather_load.py for tasks to queue
[2026-02-10T16:34:01.195+0000] {logging_mixin.py:188} INFO - [2026-02-10T16:34:01.193+0000] {dagbag.py:538} INFO - Filling up the DagBag from /opt/airflow/dags/weather_load.py
[2026-02-10T16:34:01.457+0000] {processor.py:840} INFO - DAG(s) 'weather_load_hw4' retrieved from /opt/airflow/dags/weather_load.py
[2026-02-10T16:34:01.487+0000] {logging_mixin.py:188} INFO - [2026-02-10T16:34:01.486+0000] {dag.py:3036} INFO - Sync 1 DAGs
[2026-02-10T16:34:01.495+0000] {logging_mixin.py:188} INFO - [2026-02-10T16:34:01.495+0000] {dag.py:3823} INFO - Setting next_dagrun for weather_load_hw4 to None, run_after=None
[2026-02-10T16:34:01.507+0000] {processor.py:183} INFO - Processing /opt/airflow/dags/weather_load.py took 0.327 seconds
[2026-02-10T16:34:32.093+0000] {processor.py:161} INFO - Started process (PID=293) to work on /opt/airflow/dags/weather_load.py
[2026-02-10T16:34:32.096+0000] {processor.py:830} INFO - Processing file /opt/airflow/dags/weather_load.py for tasks to queue
[2026-02-10T16:34:32.098+0000] {logging_mixin.py:188} INFO - [2026-02-10T16:34:32.098+0000] {dagbag.py:538} INFO - Filling up the DagBag from /opt/airflow/dags/weather_load.py
[2026-02-10T16:34:32.402+0000] {processor.py:840} INFO - DAG(s) 'weather_load_hw4' retrieved from /opt/airflow/dags/weather_load.py
[2026-02-10T16:34:32.467+0000] {logging_mixin.py:188} INFO - [2026-02-10T16:34:32.466+0000] {dag.py:3036} INFO - Sync 1 DAGs
[2026-02-10T16:34:32.490+0000] {logging_mixin.py:188} INFO - [2026-02-10T16:34:32.490+0000] {dag.py:3823} INFO - Setting next_dagrun for weather_load_hw4 to None, run_after=None
[2026-02-10T16:34:32.507+0000] {processor.py:183} INFO - Processing /opt/airflow/dags/weather_load.py took 0.421 seconds
[2026-02-10T16:35:02.888+0000] {processor.py:161} INFO - Started process (PID=299) to work on /opt/airflow/dags/weather_load.py
[2026-02-10T16:35:02.893+0000] {processor.py:830} INFO - Processing file /opt/airflow/dags/weather_load.py for tasks to queue
[2026-02-10T16:35:02.898+0000] {logging_mixin.py:188} INFO - [2026-02-10T16:35:02.895+0000] {dagbag.py:538} INFO - Filling up the DagBag from /opt/airflow/dags/weather_load.py
[2026-02-10T16:35:03.342+0000] {processor.py:840} INFO - DAG(s) 'weather_load_hw4' retrieved from /opt/airflow/dags/weather_load.py
[2026-02-10T16:35:03.429+0000] {logging_mixin.py:188} INFO - [2026-02-10T16:35:03.429+0000] {dag.py:3036} INFO - Sync 1 DAGs
[2026-02-10T16:35:03.443+0000] {logging_mixin.py:188} INFO - [2026-02-10T16:35:03.443+0000] {dag.py:3823} INFO - Setting next_dagrun for weather_load_hw4 to None, run_after=None
[2026-02-10T16:35:03.465+0000] {processor.py:183} INFO - Processing /opt/airflow/dags/weather_load.py took 0.595 seconds
[2026-02-10T16:35:33.884+0000] {processor.py:161} INFO - Started process (PID=305) to work on /opt/airflow/dags/weather_load.py
[2026-02-10T16:35:33.887+0000] {processor.py:830} INFO - Processing file /opt/airflow/dags/weather_load.py for tasks to queue
[2026-02-10T16:35:33.888+0000] {logging_mixin.py:188} INFO - [2026-02-10T16:35:33.888+0000] {dagbag.py:538} INFO - Filling up the DagBag from /opt/airflow/dags/weather_load.py
[2026-02-10T16:35:34.245+0000] {processor.py:840} INFO - DAG(s) 'weather_load_hw4' retrieved from /opt/airflow/dags/weather_load.py
[2026-02-10T16:35:34.285+0000] {logging_mixin.py:188} INFO - [2026-02-10T16:35:34.285+0000] {dag.py:3036} INFO - Sync 1 DAGs
[2026-02-10T16:35:34.297+0000] {logging_mixin.py:188} INFO - [2026-02-10T16:35:34.296+0000] {dag.py:3823} INFO - Setting next_dagrun for weather_load_hw4 to None, run_after=None
[2026-02-10T16:35:34.310+0000] {processor.py:183} INFO - Processing /opt/airflow/dags/weather_load.py took 0.435 seconds
[2026-02-10T16:36:04.707+0000] {processor.py:161} INFO - Started process (PID=311) to work on /opt/airflow/dags/weather_load.py
[2026-02-10T16:36:04.710+0000] {processor.py:830} INFO - Processing file /opt/airflow/dags/weather_load.py for tasks to queue
[2026-02-10T16:36:04.713+0000] {logging_mixin.py:188} INFO - [2026-02-10T16:36:04.711+0000] {dagbag.py:538} INFO - Filling up the DagBag from /opt/airflow/dags/weather_load.py
[2026-02-10T16:36:04.954+0000] {processor.py:840} INFO - DAG(s) 'weather_load_hw4' retrieved from /opt/airflow/dags/weather_load.py
[2026-02-10T16:36:04.984+0000] {logging_mixin.py:188} INFO - [2026-02-10T16:36:04.984+0000] {dag.py:3036} INFO - Sync 1 DAGs
[2026-02-10T16:36:04.993+0000] {logging_mixin.py:188} INFO - [2026-02-10T16:36:04.993+0000] {dag.py:3823} INFO - Setting next_dagrun for weather_load_hw4 to None, run_after=None
[2026-02-10T16:36:05.004+0000] {processor.py:183} INFO - Processing /opt/airflow/dags/weather_load.py took 0.304 seconds
[2026-02-10T16:36:35.273+0000] {processor.py:161} INFO - Started process (PID=317) to work on /opt/airflow/dags/weather_load.py
[2026-02-10T16:36:35.275+0000] {processor.py:830} INFO - Processing file /opt/airflow/dags/weather_load.py for tasks to queue
[2026-02-10T16:36:35.277+0000] {logging_mixin.py:188} INFO - [2026-02-10T16:36:35.276+0000] {dagbag.py:538} INFO - Filling up the DagBag from /opt/airflow/dags/weather_load.py
[2026-02-10T16:36:35.574+0000] {processor.py:840} INFO - DAG(s) 'weather_load_hw4' retrieved from /opt/airflow/dags/weather_load.py
[2026-02-10T16:36:35.613+0000] {logging_mixin.py:188} INFO - [2026-02-10T16:36:35.613+0000] {dag.py:3036} INFO - Sync 1 DAGs
[2026-02-10T16:36:35.621+0000] {logging_mixin.py:188} INFO - [2026-02-10T16:36:35.621+0000] {dag.py:3823} INFO - Setting next_dagrun for weather_load_hw4 to None, run_after=None
[2026-02-10T16:36:35.635+0000] {processor.py:183} INFO - Processing /opt/airflow/dags/weather_load.py took 0.372 seconds
[2026-02-10T16:37:06.013+0000] {processor.py:161} INFO - Started process (PID=323) to work on /opt/airflow/dags/weather_load.py
[2026-02-10T16:37:06.020+0000] {processor.py:830} INFO - Processing file /opt/airflow/dags/weather_load.py for tasks to queue
[2026-02-10T16:37:06.022+0000] {logging_mixin.py:188} INFO - [2026-02-10T16:37:06.021+0000] {dagbag.py:538} INFO - Filling up the DagBag from /opt/airflow/dags/weather_load.py
[2026-02-10T16:37:06.261+0000] {processor.py:840} INFO - DAG(s) 'weather_load_hw4' retrieved from /opt/airflow/dags/weather_load.py
[2026-02-10T16:37:06.294+0000] {logging_mixin.py:188} INFO - [2026-02-10T16:37:06.293+0000] {dag.py:3036} INFO - Sync 1 DAGs
[2026-02-10T16:37:06.305+0000] {logging_mixin.py:188} INFO - [2026-02-10T16:37:06.305+0000] {dag.py:3823} INFO - Setting next_dagrun for weather_load_hw4 to None, run_after=None
[2026-02-10T16:37:06.323+0000] {processor.py:183} INFO - Processing /opt/airflow/dags/weather_load.py took 0.321 seconds
[2026-02-10T16:37:36.699+0000] {processor.py:161} INFO - Started process (PID=329) to work on /opt/airflow/dags/weather_load.py
[2026-02-10T16:37:36.703+0000] {processor.py:830} INFO - Processing file /opt/airflow/dags/weather_load.py for tasks to queue
[2026-02-10T16:37:36.705+0000] {logging_mixin.py:188} INFO - [2026-02-10T16:37:36.704+0000] {dagbag.py:538} INFO - Filling up the DagBag from /opt/airflow/dags/weather_load.py
[2026-02-10T16:37:36.949+0000] {processor.py:840} INFO - DAG(s) 'weather_load_hw4' retrieved from /opt/airflow/dags/weather_load.py
[2026-02-10T16:37:36.974+0000] {logging_mixin.py:188} INFO - [2026-02-10T16:37:36.973+0000] {dag.py:3036} INFO - Sync 1 DAGs
[2026-02-10T16:37:36.982+0000] {logging_mixin.py:188} INFO - [2026-02-10T16:37:36.982+0000] {dag.py:3823} INFO - Setting next_dagrun for weather_load_hw4 to None, run_after=None
[2026-02-10T16:37:36.996+0000] {processor.py:183} INFO - Processing /opt/airflow/dags/weather_load.py took 0.315 seconds
[2026-02-10T16:38:07.422+0000] {processor.py:161} INFO - Started process (PID=335) to work on /opt/airflow/dags/weather_load.py
[2026-02-10T16:38:07.426+0000] {processor.py:830} INFO - Processing file /opt/airflow/dags/weather_load.py for tasks to queue
[2026-02-10T16:38:07.428+0000] {logging_mixin.py:188} INFO - [2026-02-10T16:38:07.427+0000] {dagbag.py:538} INFO - Filling up the DagBag from /opt/airflow/dags/weather_load.py
[2026-02-10T16:38:07.664+0000] {processor.py:840} INFO - DAG(s) 'weather_load_hw4' retrieved from /opt/airflow/dags/weather_load.py
[2026-02-10T16:38:07.693+0000] {logging_mixin.py:188} INFO - [2026-02-10T16:38:07.693+0000] {dag.py:3036} INFO - Sync 1 DAGs
[2026-02-10T16:38:07.702+0000] {logging_mixin.py:188} INFO - [2026-02-10T16:38:07.702+0000] {dag.py:3823} INFO - Setting next_dagrun for weather_load_hw4 to None, run_after=None
[2026-02-10T16:38:07.713+0000] {processor.py:183} INFO - Processing /opt/airflow/dags/weather_load.py took 0.299 seconds
[2026-02-10T16:38:37.948+0000] {processor.py:161} INFO - Started process (PID=341) to work on /opt/airflow/dags/weather_load.py
[2026-02-10T16:38:37.951+0000] {processor.py:830} INFO - Processing file /opt/airflow/dags/weather_load.py for tasks to queue
[2026-02-10T16:38:37.952+0000] {logging_mixin.py:188} INFO - [2026-02-10T16:38:37.952+0000] {dagbag.py:538} INFO - Filling up the DagBag from /opt/airflow/dags/weather_load.py
[2026-02-10T16:38:38.311+0000] {processor.py:840} INFO - DAG(s) 'weather_load_hw4' retrieved from /opt/airflow/dags/weather_load.py
[2026-02-10T16:38:38.400+0000] {logging_mixin.py:188} INFO - [2026-02-10T16:38:38.400+0000] {dag.py:3036} INFO - Sync 1 DAGs
[2026-02-10T16:38:38.416+0000] {logging_mixin.py:188} INFO - [2026-02-10T16:38:38.416+0000] {dag.py:3823} INFO - Setting next_dagrun for weather_load_hw4 to None, run_after=None
[2026-02-10T16:38:38.428+0000] {processor.py:183} INFO - Processing /opt/airflow/dags/weather_load.py took 0.489 seconds
[2026-02-10T16:39:09.145+0000] {processor.py:161} INFO - Started process (PID=347) to work on /opt/airflow/dags/weather_load.py
[2026-02-10T16:39:09.152+0000] {processor.py:830} INFO - Processing file /opt/airflow/dags/weather_load.py for tasks to queue
[2026-02-10T16:39:09.156+0000] {logging_mixin.py:188} INFO - [2026-02-10T16:39:09.154+0000] {dagbag.py:538} INFO - Filling up the DagBag from /opt/airflow/dags/weather_load.py
[2026-02-10T16:39:09.594+0000] {processor.py:840} INFO - DAG(s) 'weather_load_hw4' retrieved from /opt/airflow/dags/weather_load.py
[2026-02-10T16:39:09.633+0000] {logging_mixin.py:188} INFO - [2026-02-10T16:39:09.632+0000] {dag.py:3036} INFO - Sync 1 DAGs
[2026-02-10T16:39:09.652+0000] {logging_mixin.py:188} INFO - [2026-02-10T16:39:09.652+0000] {dag.py:3823} INFO - Setting next_dagrun for weather_load_hw4 to None, run_after=None
[2026-02-10T16:39:09.666+0000] {processor.py:183} INFO - Processing /opt/airflow/dags/weather_load.py took 0.538 seconds
[2026-02-10T16:39:40.245+0000] {processor.py:161} INFO - Started process (PID=353) to work on /opt/airflow/dags/weather_load.py
[2026-02-10T16:39:40.248+0000] {processor.py:830} INFO - Processing file /opt/airflow/dags/weather_load.py for tasks to queue
[2026-02-10T16:39:40.251+0000] {logging_mixin.py:188} INFO - [2026-02-10T16:39:40.250+0000] {dagbag.py:538} INFO - Filling up the DagBag from /opt/airflow/dags/weather_load.py
[2026-02-10T16:39:40.565+0000] {processor.py:840} INFO - DAG(s) 'weather_load_hw4' retrieved from /opt/airflow/dags/weather_load.py
[2026-02-10T16:39:40.604+0000] {logging_mixin.py:188} INFO - [2026-02-10T16:39:40.603+0000] {dag.py:3036} INFO - Sync 1 DAGs
[2026-02-10T16:39:40.616+0000] {logging_mixin.py:188} INFO - [2026-02-10T16:39:40.615+0000] {dag.py:3823} INFO - Setting next_dagrun for weather_load_hw4 to None, run_after=None
[2026-02-10T16:39:40.627+0000] {processor.py:183} INFO - Processing /opt/airflow/dags/weather_load.py took 0.396 seconds
[2026-02-10T16:39:50.874+0000] {processor.py:161} INFO - Started process (PID=359) to work on /opt/airflow/dags/weather_load.py
[2026-02-10T16:39:50.877+0000] {processor.py:830} INFO - Processing file /opt/airflow/dags/weather_load.py for tasks to queue
[2026-02-10T16:39:50.881+0000] {logging_mixin.py:188} INFO - [2026-02-10T16:39:50.879+0000] {dagbag.py:538} INFO - Filling up the DagBag from /opt/airflow/dags/weather_load.py
[2026-02-10T16:39:51.329+0000] {processor.py:840} INFO - DAG(s) 'weather_load_hw4' retrieved from /opt/airflow/dags/weather_load.py
[2026-02-10T16:39:51.391+0000] {logging_mixin.py:188} INFO - [2026-02-10T16:39:51.390+0000] {dag.py:3036} INFO - Sync 1 DAGs
[2026-02-10T16:39:51.408+0000] {logging_mixin.py:188} INFO - [2026-02-10T16:39:51.408+0000] {dag.py:3823} INFO - Setting next_dagrun for weather_load_hw4 to None, run_after=None
[2026-02-10T16:39:51.440+0000] {processor.py:183} INFO - Processing /opt/airflow/dags/weather_load.py took 0.577 seconds
[2026-02-10T16:40:22.225+0000] {processor.py:161} INFO - Started process (PID=365) to work on /opt/airflow/dags/weather_load.py
[2026-02-10T16:40:22.269+0000] {processor.py:830} INFO - Processing file /opt/airflow/dags/weather_load.py for tasks to queue
[2026-02-10T16:40:22.278+0000] {logging_mixin.py:188} INFO - [2026-02-10T16:40:22.273+0000] {dagbag.py:538} INFO - Filling up the DagBag from /opt/airflow/dags/weather_load.py
[2026-02-10T16:40:23.060+0000] {processor.py:840} INFO - DAG(s) 'weather_load_hw4' retrieved from /opt/airflow/dags/weather_load.py
[2026-02-10T16:40:23.130+0000] {logging_mixin.py:188} INFO - [2026-02-10T16:40:23.129+0000] {dag.py:3036} INFO - Sync 1 DAGs
[2026-02-10T16:40:23.145+0000] {logging_mixin.py:188} INFO - [2026-02-10T16:40:23.145+0000] {dag.py:3823} INFO - Setting next_dagrun for weather_load_hw4 to None, run_after=None
[2026-02-10T16:40:23.185+0000] {processor.py:183} INFO - Processing /opt/airflow/dags/weather_load.py took 1.039 seconds
[2026-02-10T16:40:54.152+0000] {processor.py:161} INFO - Started process (PID=371) to work on /opt/airflow/dags/weather_load.py
[2026-02-10T16:40:54.176+0000] {processor.py:830} INFO - Processing file /opt/airflow/dags/weather_load.py for tasks to queue
[2026-02-10T16:40:54.185+0000] {logging_mixin.py:188} INFO - [2026-02-10T16:40:54.184+0000] {dagbag.py:538} INFO - Filling up the DagBag from /opt/airflow/dags/weather_load.py
[2026-02-10T16:40:54.513+0000] {processor.py:840} INFO - DAG(s) 'weather_load_hw4' retrieved from /opt/airflow/dags/weather_load.py
[2026-02-10T16:40:54.555+0000] {logging_mixin.py:188} INFO - [2026-02-10T16:40:54.555+0000] {dag.py:3036} INFO - Sync 1 DAGs
[2026-02-10T16:40:54.565+0000] {logging_mixin.py:188} INFO - [2026-02-10T16:40:54.564+0000] {dag.py:3823} INFO - Setting next_dagrun for weather_load_hw4 to None, run_after=None
[2026-02-10T16:40:54.579+0000] {processor.py:183} INFO - Processing /opt/airflow/dags/weather_load.py took 0.447 seconds
[2026-02-10T16:41:24.717+0000] {processor.py:161} INFO - Started process (PID=377) to work on /opt/airflow/dags/weather_load.py
[2026-02-10T16:41:24.724+0000] {processor.py:830} INFO - Processing file /opt/airflow/dags/weather_load.py for tasks to queue
[2026-02-10T16:41:24.725+0000] {logging_mixin.py:188} INFO - [2026-02-10T16:41:24.724+0000] {dagbag.py:538} INFO - Filling up the DagBag from /opt/airflow/dags/weather_load.py
[2026-02-10T16:41:24.956+0000] {processor.py:840} INFO - DAG(s) 'weather_load_hw4' retrieved from /opt/airflow/dags/weather_load.py
[2026-02-10T16:41:24.994+0000] {logging_mixin.py:188} INFO - [2026-02-10T16:41:24.994+0000] {dag.py:3036} INFO - Sync 1 DAGs
[2026-02-10T16:41:25.006+0000] {logging_mixin.py:188} INFO - [2026-02-10T16:41:25.006+0000] {dag.py:3823} INFO - Setting next_dagrun for weather_load_hw4 to None, run_after=None
[2026-02-10T16:41:25.022+0000] {processor.py:183} INFO - Processing /opt/airflow/dags/weather_load.py took 0.318 seconds
[2026-02-10T16:41:55.492+0000] {processor.py:161} INFO - Started process (PID=383) to work on /opt/airflow/dags/weather_load.py
[2026-02-10T16:41:55.496+0000] {processor.py:830} INFO - Processing file /opt/airflow/dags/weather_load.py for tasks to queue
[2026-02-10T16:41:55.501+0000] {logging_mixin.py:188} INFO - [2026-02-10T16:41:55.499+0000] {dagbag.py:538} INFO - Filling up the DagBag from /opt/airflow/dags/weather_load.py
[2026-02-10T16:41:55.771+0000] {processor.py:840} INFO - DAG(s) 'weather_load_hw4' retrieved from /opt/airflow/dags/weather_load.py
[2026-02-10T16:41:55.810+0000] {logging_mixin.py:188} INFO - [2026-02-10T16:41:55.809+0000] {dag.py:3036} INFO - Sync 1 DAGs
[2026-02-10T16:41:55.825+0000] {logging_mixin.py:188} INFO - [2026-02-10T16:41:55.825+0000] {dag.py:3823} INFO - Setting next_dagrun for weather_load_hw4 to None, run_after=None
[2026-02-10T16:41:55.836+0000] {processor.py:183} INFO - Processing /opt/airflow/dags/weather_load.py took 0.367 seconds
[2026-02-10T16:42:26.167+0000] {processor.py:161} INFO - Started process (PID=389) to work on /opt/airflow/dags/weather_load.py
[2026-02-10T16:42:26.172+0000] {processor.py:830} INFO - Processing file /opt/airflow/dags/weather_load.py for tasks to queue
[2026-02-10T16:42:26.173+0000] {logging_mixin.py:188} INFO - [2026-02-10T16:42:26.172+0000] {dagbag.py:538} INFO - Filling up the DagBag from /opt/airflow/dags/weather_load.py
[2026-02-10T16:42:26.509+0000] {processor.py:840} INFO - DAG(s) 'weather_load_hw4' retrieved from /opt/airflow/dags/weather_load.py
[2026-02-10T16:42:26.876+0000] {logging_mixin.py:188} INFO - [2026-02-10T16:42:26.861+0000] {dag.py:3036} INFO - Sync 1 DAGs
[2026-02-10T16:42:26.949+0000] {logging_mixin.py:188} INFO - [2026-02-10T16:42:26.949+0000] {dag.py:3823} INFO - Setting next_dagrun for weather_load_hw4 to None, run_after=None
[2026-02-10T16:42:27.074+0000] {processor.py:183} INFO - Processing /opt/airflow/dags/weather_load.py took 0.956 seconds
[2026-02-10T16:42:58.066+0000] {processor.py:161} INFO - Started process (PID=395) to work on /opt/airflow/dags/weather_load.py
[2026-02-10T16:42:58.069+0000] {processor.py:830} INFO - Processing file /opt/airflow/dags/weather_load.py for tasks to queue
[2026-02-10T16:42:58.073+0000] {logging_mixin.py:188} INFO - [2026-02-10T16:42:58.072+0000] {dagbag.py:538} INFO - Filling up the DagBag from /opt/airflow/dags/weather_load.py
[2026-02-10T16:42:58.531+0000] {processor.py:840} INFO - DAG(s) 'weather_load_hw4' retrieved from /opt/airflow/dags/weather_load.py
[2026-02-10T16:42:58.575+0000] {logging_mixin.py:188} INFO - [2026-02-10T16:42:58.575+0000] {dag.py:3036} INFO - Sync 1 DAGs
[2026-02-10T16:42:58.587+0000] {logging_mixin.py:188} INFO - [2026-02-10T16:42:58.587+0000] {dag.py:3823} INFO - Setting next_dagrun for weather_load_hw4 to None, run_after=None
[2026-02-10T16:42:58.604+0000] {processor.py:183} INFO - Processing /opt/airflow/dags/weather_load.py took 0.563 seconds
[2026-02-10T16:43:29.608+0000] {processor.py:161} INFO - Started process (PID=401) to work on /opt/airflow/dags/weather_load.py
[2026-02-10T16:43:29.611+0000] {processor.py:830} INFO - Processing file /opt/airflow/dags/weather_load.py for tasks to queue
[2026-02-10T16:43:29.616+0000] {logging_mixin.py:188} INFO - [2026-02-10T16:43:29.613+0000] {dagbag.py:538} INFO - Filling up the DagBag from /opt/airflow/dags/weather_load.py
[2026-02-10T16:43:29.963+0000] {processor.py:840} INFO - DAG(s) 'weather_load_hw4' retrieved from /opt/airflow/dags/weather_load.py
[2026-02-10T16:43:29.999+0000] {logging_mixin.py:188} INFO - [2026-02-10T16:43:29.998+0000] {dag.py:3036} INFO - Sync 1 DAGs
[2026-02-10T16:43:30.015+0000] {logging_mixin.py:188} INFO - [2026-02-10T16:43:30.014+0000] {dag.py:3823} INFO - Setting next_dagrun for weather_load_hw4 to None, run_after=None
[2026-02-10T16:43:30.030+0000] {processor.py:183} INFO - Processing /opt/airflow/dags/weather_load.py took 0.437 seconds
[2026-02-10T16:44:00.388+0000] {processor.py:161} INFO - Started process (PID=407) to work on /opt/airflow/dags/weather_load.py
[2026-02-10T16:44:00.391+0000] {processor.py:830} INFO - Processing file /opt/airflow/dags/weather_load.py for tasks to queue
[2026-02-10T16:44:00.393+0000] {logging_mixin.py:188} INFO - [2026-02-10T16:44:00.392+0000] {dagbag.py:538} INFO - Filling up the DagBag from /opt/airflow/dags/weather_load.py
[2026-02-10T16:44:00.680+0000] {processor.py:840} INFO - DAG(s) 'weather_load_hw4' retrieved from /opt/airflow/dags/weather_load.py
[2026-02-10T16:44:00.713+0000] {logging_mixin.py:188} INFO - [2026-02-10T16:44:00.712+0000] {dag.py:3036} INFO - Sync 1 DAGs
[2026-02-10T16:44:00.725+0000] {logging_mixin.py:188} INFO - [2026-02-10T16:44:00.725+0000] {dag.py:3823} INFO - Setting next_dagrun for weather_load_hw4 to None, run_after=None
[2026-02-10T16:44:00.749+0000] {processor.py:183} INFO - Processing /opt/airflow/dags/weather_load.py took 0.371 seconds
