[2026-01-25T14:11:24.077+0000] {taskinstance.py:1956} INFO - Dependencies all met for dep_context=non-requeueable deps ti=<TaskInstance: flatten_data.check manual__2026-01-25T14:00:57.684748+00:00 [queued]>
[2026-01-25T14:11:24.085+0000] {taskinstance.py:1956} INFO - Dependencies all met for dep_context=requeueable deps ti=<TaskInstance: flatten_data.check manual__2026-01-25T14:00:57.684748+00:00 [queued]>
[2026-01-25T14:11:24.085+0000] {taskinstance.py:2170} INFO - Starting attempt 1 of 2
[2026-01-25T14:11:24.093+0000] {taskinstance.py:2191} INFO - Executing <Task(PostgresOperator): check> on 2026-01-25 14:00:57.684748+00:00
[2026-01-25T14:11:24.101+0000] {standard_task_runner.py:60} INFO - Started process 350 to run task
[2026-01-25T14:11:24.103+0000] {standard_task_runner.py:87} INFO - Running: ['***', 'tasks', 'run', 'flatten_data', 'check', 'manual__2026-01-25T14:00:57.684748+00:00', '--job-id', '11', '--raw', '--subdir', 'DAGS_FOLDER/flatten_dag.py', '--cfg-path', '/tmp/tmpqhyzga4p']
[2026-01-25T14:11:24.105+0000] {standard_task_runner.py:88} INFO - Job 11: Subtask check
[2026-01-25T14:11:24.129+0000] {logging_mixin.py:188} WARNING - /home/***/.local/lib/python3.11/site-packages/***/settings.py:194 DeprecationWarning: The sql_alchemy_conn option in [core] has been moved to the sql_alchemy_conn option in [database] - the old setting has been used, but please update your config.
[2026-01-25T14:11:24.162+0000] {task_command.py:423} INFO - Running <TaskInstance: flatten_data.check manual__2026-01-25T14:00:57.684748+00:00 [running]> on host dd5b6a24436d
[2026-01-25T14:11:24.206+0000] {taskinstance.py:2480} INFO - Exporting env vars: AIRFLOW_CTX_DAG_OWNER='student' AIRFLOW_CTX_DAG_ID='flatten_data' AIRFLOW_CTX_TASK_ID='check' AIRFLOW_CTX_EXECUTION_DATE='2026-01-25T14:00:57.684748+00:00' AIRFLOW_CTX_TRY_NUMBER='1' AIRFLOW_CTX_DAG_RUN_ID='manual__2026-01-25T14:00:57.684748+00:00'
[2026-01-25T14:11:24.206+0000] {sql.py:276} INFO - Executing: 
        SELECT 'Pets:' as type, COUNT(*) FROM flat_pets
        UNION ALL
        SELECT 'Foods:', COUNT(*) FROM flat_foods;
        
[2026-01-25T14:11:24.207+0000] {crypto.py:82} WARNING - empty cryptography key - values will not be stored encrypted.
[2026-01-25T14:11:24.207+0000] {base.py:83} INFO - Using connection ID 'postgres_data' for task execution.
[2026-01-25T14:11:24.212+0000] {base.py:83} INFO - Using connection ID 'postgres_data' for task execution.
[2026-01-25T14:11:24.217+0000] {sql.py:450} INFO - Running statement: 
        SELECT 'Pets:' as type, COUNT(*) FROM flat_pets
        UNION ALL
        SELECT 'Foods:', COUNT(*) FROM flat_foods;
        , parameters: None
[2026-01-25T14:11:24.218+0000] {sql.py:459} INFO - Rows affected: 2
[2026-01-25T14:11:24.232+0000] {taskinstance.py:1138} INFO - Marking task as SUCCESS. dag_id=flatten_data, task_id=check, execution_date=20260125T140057, start_date=20260125T141124, end_date=20260125T141124
[2026-01-25T14:11:24.242+0000] {local_task_job_runner.py:234} INFO - Task exited with return code 0
[2026-01-25T14:11:24.257+0000] {taskinstance.py:3280} INFO - 0 downstream tasks scheduled from follow-on schedule check
