[2026-01-25T13:58:52.403+0000] {processor.py:161} INFO - Started process (PID=176) to work on /opt/airflow/dags/flatten_dag.py
[2026-01-25T13:58:52.411+0000] {processor.py:830} INFO - Processing file /opt/airflow/dags/flatten_dag.py for tasks to queue
[2026-01-25T13:58:52.414+0000] {logging_mixin.py:188} INFO - [2026-01-25T13:58:52.413+0000] {dagbag.py:538} INFO - Filling up the DagBag from /opt/airflow/dags/flatten_dag.py
[2026-01-25T13:58:52.454+0000] {processor.py:840} INFO - DAG(s) 'flatten_data' retrieved from /opt/airflow/dags/flatten_dag.py
[2026-01-25T13:58:52.621+0000] {logging_mixin.py:188} INFO - [2026-01-25T13:58:52.620+0000] {override.py:1769} INFO - Created Permission View: can delete on DAG:flatten_data
[2026-01-25T13:58:52.627+0000] {logging_mixin.py:188} INFO - [2026-01-25T13:58:52.627+0000] {override.py:1769} INFO - Created Permission View: can read on DAG:flatten_data
[2026-01-25T13:58:52.630+0000] {logging_mixin.py:188} INFO - [2026-01-25T13:58:52.630+0000] {override.py:1769} INFO - Created Permission View: can edit on DAG:flatten_data
[2026-01-25T13:58:52.630+0000] {logging_mixin.py:188} INFO - [2026-01-25T13:58:52.630+0000] {dag.py:3036} INFO - Sync 1 DAGs
[2026-01-25T13:58:52.639+0000] {logging_mixin.py:188} INFO - [2026-01-25T13:58:52.639+0000] {dag.py:3058} INFO - Creating ORM DAG for flatten_data
[2026-01-25T13:58:52.641+0000] {logging_mixin.py:188} INFO - [2026-01-25T13:58:52.640+0000] {dag.py:3823} INFO - Setting next_dagrun for flatten_data to None, run_after=None
[2026-01-25T13:58:52.670+0000] {processor.py:183} INFO - Processing /opt/airflow/dags/flatten_dag.py took 0.289 seconds
[2026-01-25T13:59:22.870+0000] {processor.py:161} INFO - Started process (PID=195) to work on /opt/airflow/dags/flatten_dag.py
[2026-01-25T13:59:22.873+0000] {processor.py:830} INFO - Processing file /opt/airflow/dags/flatten_dag.py for tasks to queue
[2026-01-25T13:59:22.879+0000] {logging_mixin.py:188} INFO - [2026-01-25T13:59:22.874+0000] {dagbag.py:538} INFO - Filling up the DagBag from /opt/airflow/dags/flatten_dag.py
[2026-01-25T13:59:22.935+0000] {processor.py:840} INFO - DAG(s) 'flatten_data' retrieved from /opt/airflow/dags/flatten_dag.py
[2026-01-25T13:59:23.009+0000] {logging_mixin.py:188} INFO - [2026-01-25T13:59:23.009+0000] {dag.py:3036} INFO - Sync 1 DAGs
[2026-01-25T13:59:23.024+0000] {logging_mixin.py:188} INFO - [2026-01-25T13:59:23.024+0000] {dag.py:3823} INFO - Setting next_dagrun for flatten_data to None, run_after=None
[2026-01-25T13:59:23.097+0000] {processor.py:183} INFO - Processing /opt/airflow/dags/flatten_dag.py took 0.239 seconds
[2026-01-25T14:00:30.709+0000] {processor.py:161} INFO - Started process (PID=176) to work on /opt/airflow/dags/flatten_dag.py
[2026-01-25T14:00:30.712+0000] {processor.py:830} INFO - Processing file /opt/airflow/dags/flatten_dag.py for tasks to queue
[2026-01-25T14:00:30.714+0000] {logging_mixin.py:188} INFO - [2026-01-25T14:00:30.714+0000] {dagbag.py:538} INFO - Filling up the DagBag from /opt/airflow/dags/flatten_dag.py
[2026-01-25T14:00:30.741+0000] {processor.py:840} INFO - DAG(s) 'flatten_data' retrieved from /opt/airflow/dags/flatten_dag.py
[2026-01-25T14:00:30.974+0000] {logging_mixin.py:188} INFO - [2026-01-25T14:00:30.973+0000] {override.py:1769} INFO - Created Permission View: can read on DAG:flatten_data
[2026-01-25T14:00:30.980+0000] {logging_mixin.py:188} INFO - [2026-01-25T14:00:30.980+0000] {override.py:1769} INFO - Created Permission View: can edit on DAG:flatten_data
[2026-01-25T14:00:30.983+0000] {logging_mixin.py:188} INFO - [2026-01-25T14:00:30.982+0000] {override.py:1769} INFO - Created Permission View: can delete on DAG:flatten_data
[2026-01-25T14:00:30.983+0000] {logging_mixin.py:188} INFO - [2026-01-25T14:00:30.983+0000] {dag.py:3036} INFO - Sync 1 DAGs
[2026-01-25T14:00:30.996+0000] {logging_mixin.py:188} INFO - [2026-01-25T14:00:30.996+0000] {dag.py:3058} INFO - Creating ORM DAG for flatten_data
[2026-01-25T14:00:30.997+0000] {logging_mixin.py:188} INFO - [2026-01-25T14:00:30.997+0000] {dag.py:3823} INFO - Setting next_dagrun for flatten_data to None, run_after=None
[2026-01-25T14:00:31.047+0000] {processor.py:183} INFO - Processing /opt/airflow/dags/flatten_dag.py took 0.344 seconds
[2026-01-25T14:01:01.146+0000] {processor.py:161} INFO - Started process (PID=200) to work on /opt/airflow/dags/flatten_dag.py
[2026-01-25T14:01:01.148+0000] {processor.py:830} INFO - Processing file /opt/airflow/dags/flatten_dag.py for tasks to queue
[2026-01-25T14:01:01.150+0000] {logging_mixin.py:188} INFO - [2026-01-25T14:01:01.148+0000] {dagbag.py:538} INFO - Filling up the DagBag from /opt/airflow/dags/flatten_dag.py
[2026-01-25T14:01:01.189+0000] {processor.py:840} INFO - DAG(s) 'flatten_data' retrieved from /opt/airflow/dags/flatten_dag.py
[2026-01-25T14:01:01.227+0000] {logging_mixin.py:188} INFO - [2026-01-25T14:01:01.227+0000] {dag.py:3036} INFO - Sync 1 DAGs
[2026-01-25T14:01:01.238+0000] {logging_mixin.py:188} INFO - [2026-01-25T14:01:01.238+0000] {dag.py:3823} INFO - Setting next_dagrun for flatten_data to None, run_after=None
[2026-01-25T14:01:01.250+0000] {processor.py:183} INFO - Processing /opt/airflow/dags/flatten_dag.py took 0.114 seconds
[2026-01-25T14:01:31.601+0000] {processor.py:161} INFO - Started process (PID=205) to work on /opt/airflow/dags/flatten_dag.py
[2026-01-25T14:01:31.602+0000] {processor.py:830} INFO - Processing file /opt/airflow/dags/flatten_dag.py for tasks to queue
[2026-01-25T14:01:31.603+0000] {logging_mixin.py:188} INFO - [2026-01-25T14:01:31.603+0000] {dagbag.py:538} INFO - Filling up the DagBag from /opt/airflow/dags/flatten_dag.py
[2026-01-25T14:01:31.623+0000] {processor.py:840} INFO - DAG(s) 'flatten_data' retrieved from /opt/airflow/dags/flatten_dag.py
[2026-01-25T14:01:31.680+0000] {logging_mixin.py:188} INFO - [2026-01-25T14:01:31.679+0000] {dag.py:3036} INFO - Sync 1 DAGs
[2026-01-25T14:01:31.690+0000] {logging_mixin.py:188} INFO - [2026-01-25T14:01:31.690+0000] {dag.py:3823} INFO - Setting next_dagrun for flatten_data to None, run_after=None
[2026-01-25T14:01:31.703+0000] {processor.py:183} INFO - Processing /opt/airflow/dags/flatten_dag.py took 0.112 seconds
[2026-01-25T14:02:02.153+0000] {processor.py:161} INFO - Started process (PID=210) to work on /opt/airflow/dags/flatten_dag.py
[2026-01-25T14:02:02.155+0000] {processor.py:830} INFO - Processing file /opt/airflow/dags/flatten_dag.py for tasks to queue
[2026-01-25T14:02:02.157+0000] {logging_mixin.py:188} INFO - [2026-01-25T14:02:02.156+0000] {dagbag.py:538} INFO - Filling up the DagBag from /opt/airflow/dags/flatten_dag.py
[2026-01-25T14:02:02.181+0000] {processor.py:840} INFO - DAG(s) 'flatten_data' retrieved from /opt/airflow/dags/flatten_dag.py
[2026-01-25T14:02:02.230+0000] {logging_mixin.py:188} INFO - [2026-01-25T14:02:02.230+0000] {dag.py:3036} INFO - Sync 1 DAGs
[2026-01-25T14:02:02.244+0000] {logging_mixin.py:188} INFO - [2026-01-25T14:02:02.244+0000] {dag.py:3823} INFO - Setting next_dagrun for flatten_data to None, run_after=None
[2026-01-25T14:02:02.257+0000] {processor.py:183} INFO - Processing /opt/airflow/dags/flatten_dag.py took 0.114 seconds
[2026-01-25T14:02:32.609+0000] {processor.py:161} INFO - Started process (PID=215) to work on /opt/airflow/dags/flatten_dag.py
[2026-01-25T14:02:32.610+0000] {processor.py:830} INFO - Processing file /opt/airflow/dags/flatten_dag.py for tasks to queue
[2026-01-25T14:02:32.611+0000] {logging_mixin.py:188} INFO - [2026-01-25T14:02:32.611+0000] {dagbag.py:538} INFO - Filling up the DagBag from /opt/airflow/dags/flatten_dag.py
[2026-01-25T14:02:32.636+0000] {processor.py:840} INFO - DAG(s) 'flatten_data' retrieved from /opt/airflow/dags/flatten_dag.py
[2026-01-25T14:02:32.692+0000] {logging_mixin.py:188} INFO - [2026-01-25T14:02:32.691+0000] {dag.py:3036} INFO - Sync 1 DAGs
[2026-01-25T14:02:32.706+0000] {logging_mixin.py:188} INFO - [2026-01-25T14:02:32.706+0000] {dag.py:3823} INFO - Setting next_dagrun for flatten_data to None, run_after=None
[2026-01-25T14:02:32.723+0000] {processor.py:183} INFO - Processing /opt/airflow/dags/flatten_dag.py took 0.123 seconds
[2026-01-25T14:02:46.913+0000] {processor.py:161} INFO - Started process (PID=220) to work on /opt/airflow/dags/flatten_dag.py
[2026-01-25T14:02:46.916+0000] {processor.py:830} INFO - Processing file /opt/airflow/dags/flatten_dag.py for tasks to queue
[2026-01-25T14:02:46.921+0000] {logging_mixin.py:188} INFO - [2026-01-25T14:02:46.917+0000] {dagbag.py:538} INFO - Filling up the DagBag from /opt/airflow/dags/flatten_dag.py
[2026-01-25T14:02:46.959+0000] {processor.py:840} INFO - DAG(s) 'flatten_data' retrieved from /opt/airflow/dags/flatten_dag.py
[2026-01-25T14:02:47.262+0000] {logging_mixin.py:188} INFO - [2026-01-25T14:02:47.262+0000] {dag.py:3036} INFO - Sync 1 DAGs
[2026-01-25T14:02:47.274+0000] {logging_mixin.py:188} INFO - [2026-01-25T14:02:47.274+0000] {dag.py:3823} INFO - Setting next_dagrun for flatten_data to None, run_after=None
[2026-01-25T14:02:47.300+0000] {processor.py:183} INFO - Processing /opt/airflow/dags/flatten_dag.py took 0.397 seconds
[2026-01-25T14:02:54.072+0000] {processor.py:161} INFO - Started process (PID=225) to work on /opt/airflow/dags/flatten_dag.py
[2026-01-25T14:02:54.075+0000] {processor.py:830} INFO - Processing file /opt/airflow/dags/flatten_dag.py for tasks to queue
[2026-01-25T14:02:54.076+0000] {logging_mixin.py:188} INFO - [2026-01-25T14:02:54.075+0000] {dagbag.py:538} INFO - Filling up the DagBag from /opt/airflow/dags/flatten_dag.py
[2026-01-25T14:02:54.106+0000] {processor.py:840} INFO - DAG(s) 'flatten_data' retrieved from /opt/airflow/dags/flatten_dag.py
[2026-01-25T14:02:54.137+0000] {logging_mixin.py:188} INFO - [2026-01-25T14:02:54.137+0000] {dag.py:3036} INFO - Sync 1 DAGs
[2026-01-25T14:02:54.150+0000] {logging_mixin.py:188} INFO - [2026-01-25T14:02:54.150+0000] {dag.py:3823} INFO - Setting next_dagrun for flatten_data to None, run_after=None
[2026-01-25T14:02:54.178+0000] {processor.py:183} INFO - Processing /opt/airflow/dags/flatten_dag.py took 0.112 seconds
[2026-01-25T14:02:56.198+0000] {processor.py:161} INFO - Started process (PID=230) to work on /opt/airflow/dags/flatten_dag.py
[2026-01-25T14:02:56.201+0000] {processor.py:830} INFO - Processing file /opt/airflow/dags/flatten_dag.py for tasks to queue
[2026-01-25T14:02:56.203+0000] {logging_mixin.py:188} INFO - [2026-01-25T14:02:56.202+0000] {dagbag.py:538} INFO - Filling up the DagBag from /opt/airflow/dags/flatten_dag.py
[2026-01-25T14:02:56.229+0000] {processor.py:840} INFO - DAG(s) 'flatten_data' retrieved from /opt/airflow/dags/flatten_dag.py
[2026-01-25T14:02:56.245+0000] {logging_mixin.py:188} INFO - [2026-01-25T14:02:56.245+0000] {dag.py:3036} INFO - Sync 1 DAGs
[2026-01-25T14:02:56.263+0000] {logging_mixin.py:188} INFO - [2026-01-25T14:02:56.263+0000] {dag.py:3823} INFO - Setting next_dagrun for flatten_data to None, run_after=None
[2026-01-25T14:02:56.281+0000] {processor.py:183} INFO - Processing /opt/airflow/dags/flatten_dag.py took 0.092 seconds
[2026-01-25T14:03:00.427+0000] {processor.py:161} INFO - Started process (PID=235) to work on /opt/airflow/dags/flatten_dag.py
[2026-01-25T14:03:00.429+0000] {processor.py:830} INFO - Processing file /opt/airflow/dags/flatten_dag.py for tasks to queue
[2026-01-25T14:03:00.430+0000] {logging_mixin.py:188} INFO - [2026-01-25T14:03:00.429+0000] {dagbag.py:538} INFO - Filling up the DagBag from /opt/airflow/dags/flatten_dag.py
[2026-01-25T14:03:00.457+0000] {processor.py:840} INFO - DAG(s) 'flatten_data' retrieved from /opt/airflow/dags/flatten_dag.py
[2026-01-25T14:03:00.472+0000] {logging_mixin.py:188} INFO - [2026-01-25T14:03:00.471+0000] {dag.py:3036} INFO - Sync 1 DAGs
[2026-01-25T14:03:00.488+0000] {logging_mixin.py:188} INFO - [2026-01-25T14:03:00.488+0000] {dag.py:3823} INFO - Setting next_dagrun for flatten_data to None, run_after=None
[2026-01-25T14:03:00.514+0000] {processor.py:183} INFO - Processing /opt/airflow/dags/flatten_dag.py took 0.093 seconds
[2026-01-25T14:03:19.876+0000] {processor.py:161} INFO - Started process (PID=240) to work on /opt/airflow/dags/flatten_dag.py
[2026-01-25T14:03:19.879+0000] {processor.py:830} INFO - Processing file /opt/airflow/dags/flatten_dag.py for tasks to queue
[2026-01-25T14:03:19.880+0000] {logging_mixin.py:188} INFO - [2026-01-25T14:03:19.880+0000] {dagbag.py:538} INFO - Filling up the DagBag from /opt/airflow/dags/flatten_dag.py
[2026-01-25T14:03:19.932+0000] {processor.py:840} INFO - DAG(s) 'flatten_data' retrieved from /opt/airflow/dags/flatten_dag.py
[2026-01-25T14:03:20.124+0000] {logging_mixin.py:188} INFO - [2026-01-25T14:03:20.124+0000] {dag.py:3036} INFO - Sync 1 DAGs
[2026-01-25T14:03:20.138+0000] {logging_mixin.py:188} INFO - [2026-01-25T14:03:20.138+0000] {dag.py:3823} INFO - Setting next_dagrun for flatten_data to None, run_after=None
[2026-01-25T14:03:20.159+0000] {processor.py:183} INFO - Processing /opt/airflow/dags/flatten_dag.py took 0.294 seconds
[2026-01-25T14:03:50.656+0000] {processor.py:161} INFO - Started process (PID=249) to work on /opt/airflow/dags/flatten_dag.py
[2026-01-25T14:03:50.658+0000] {processor.py:830} INFO - Processing file /opt/airflow/dags/flatten_dag.py for tasks to queue
[2026-01-25T14:03:50.659+0000] {logging_mixin.py:188} INFO - [2026-01-25T14:03:50.659+0000] {dagbag.py:538} INFO - Filling up the DagBag from /opt/airflow/dags/flatten_dag.py
[2026-01-25T14:03:50.681+0000] {processor.py:840} INFO - DAG(s) 'flatten_data' retrieved from /opt/airflow/dags/flatten_dag.py
[2026-01-25T14:03:50.724+0000] {logging_mixin.py:188} INFO - [2026-01-25T14:03:50.724+0000] {dag.py:3036} INFO - Sync 1 DAGs
[2026-01-25T14:03:50.741+0000] {logging_mixin.py:188} INFO - [2026-01-25T14:03:50.741+0000] {dag.py:3823} INFO - Setting next_dagrun for flatten_data to None, run_after=None
[2026-01-25T14:03:50.755+0000] {processor.py:183} INFO - Processing /opt/airflow/dags/flatten_dag.py took 0.104 seconds
[2026-01-25T14:04:21.190+0000] {processor.py:161} INFO - Started process (PID=254) to work on /opt/airflow/dags/flatten_dag.py
[2026-01-25T14:04:21.193+0000] {processor.py:830} INFO - Processing file /opt/airflow/dags/flatten_dag.py for tasks to queue
[2026-01-25T14:04:21.195+0000] {logging_mixin.py:188} INFO - [2026-01-25T14:04:21.194+0000] {dagbag.py:538} INFO - Filling up the DagBag from /opt/airflow/dags/flatten_dag.py
[2026-01-25T14:04:21.227+0000] {processor.py:840} INFO - DAG(s) 'flatten_data' retrieved from /opt/airflow/dags/flatten_dag.py
[2026-01-25T14:04:21.274+0000] {logging_mixin.py:188} INFO - [2026-01-25T14:04:21.274+0000] {dag.py:3036} INFO - Sync 1 DAGs
[2026-01-25T14:04:21.288+0000] {logging_mixin.py:188} INFO - [2026-01-25T14:04:21.288+0000] {dag.py:3823} INFO - Setting next_dagrun for flatten_data to None, run_after=None
[2026-01-25T14:04:21.304+0000] {processor.py:183} INFO - Processing /opt/airflow/dags/flatten_dag.py took 0.122 seconds
[2026-01-25T14:04:51.736+0000] {processor.py:161} INFO - Started process (PID=259) to work on /opt/airflow/dags/flatten_dag.py
[2026-01-25T14:04:51.738+0000] {processor.py:830} INFO - Processing file /opt/airflow/dags/flatten_dag.py for tasks to queue
[2026-01-25T14:04:51.739+0000] {logging_mixin.py:188} INFO - [2026-01-25T14:04:51.738+0000] {dagbag.py:538} INFO - Filling up the DagBag from /opt/airflow/dags/flatten_dag.py
[2026-01-25T14:04:51.762+0000] {processor.py:840} INFO - DAG(s) 'flatten_data' retrieved from /opt/airflow/dags/flatten_dag.py
[2026-01-25T14:04:51.808+0000] {logging_mixin.py:188} INFO - [2026-01-25T14:04:51.808+0000] {dag.py:3036} INFO - Sync 1 DAGs
[2026-01-25T14:04:51.824+0000] {logging_mixin.py:188} INFO - [2026-01-25T14:04:51.824+0000] {dag.py:3823} INFO - Setting next_dagrun for flatten_data to None, run_after=None
[2026-01-25T14:04:51.843+0000] {processor.py:183} INFO - Processing /opt/airflow/dags/flatten_dag.py took 0.120 seconds
[2026-01-25T14:05:22.144+0000] {processor.py:161} INFO - Started process (PID=264) to work on /opt/airflow/dags/flatten_dag.py
[2026-01-25T14:05:22.147+0000] {processor.py:830} INFO - Processing file /opt/airflow/dags/flatten_dag.py for tasks to queue
[2026-01-25T14:05:22.149+0000] {logging_mixin.py:188} INFO - [2026-01-25T14:05:22.148+0000] {dagbag.py:538} INFO - Filling up the DagBag from /opt/airflow/dags/flatten_dag.py
[2026-01-25T14:05:22.176+0000] {processor.py:840} INFO - DAG(s) 'flatten_data' retrieved from /opt/airflow/dags/flatten_dag.py
[2026-01-25T14:05:22.217+0000] {logging_mixin.py:188} INFO - [2026-01-25T14:05:22.217+0000] {dag.py:3036} INFO - Sync 1 DAGs
[2026-01-25T14:05:22.229+0000] {logging_mixin.py:188} INFO - [2026-01-25T14:05:22.229+0000] {dag.py:3823} INFO - Setting next_dagrun for flatten_data to None, run_after=None
[2026-01-25T14:05:22.243+0000] {processor.py:183} INFO - Processing /opt/airflow/dags/flatten_dag.py took 0.109 seconds
[2026-01-25T14:05:52.618+0000] {processor.py:161} INFO - Started process (PID=269) to work on /opt/airflow/dags/flatten_dag.py
[2026-01-25T14:05:52.621+0000] {processor.py:830} INFO - Processing file /opt/airflow/dags/flatten_dag.py for tasks to queue
[2026-01-25T14:05:52.624+0000] {logging_mixin.py:188} INFO - [2026-01-25T14:05:52.622+0000] {dagbag.py:538} INFO - Filling up the DagBag from /opt/airflow/dags/flatten_dag.py
[2026-01-25T14:05:52.652+0000] {processor.py:840} INFO - DAG(s) 'flatten_data' retrieved from /opt/airflow/dags/flatten_dag.py
[2026-01-25T14:05:52.698+0000] {logging_mixin.py:188} INFO - [2026-01-25T14:05:52.698+0000] {dag.py:3036} INFO - Sync 1 DAGs
[2026-01-25T14:05:52.712+0000] {logging_mixin.py:188} INFO - [2026-01-25T14:05:52.712+0000] {dag.py:3823} INFO - Setting next_dagrun for flatten_data to None, run_after=None
[2026-01-25T14:05:52.726+0000] {processor.py:183} INFO - Processing /opt/airflow/dags/flatten_dag.py took 0.114 seconds
[2026-01-25T14:06:05.882+0000] {processor.py:161} INFO - Started process (PID=274) to work on /opt/airflow/dags/flatten_dag.py
[2026-01-25T14:06:05.885+0000] {processor.py:830} INFO - Processing file /opt/airflow/dags/flatten_dag.py for tasks to queue
[2026-01-25T14:06:05.887+0000] {logging_mixin.py:188} INFO - [2026-01-25T14:06:05.886+0000] {dagbag.py:538} INFO - Filling up the DagBag from /opt/airflow/dags/flatten_dag.py
[2026-01-25T14:06:05.920+0000] {processor.py:840} INFO - DAG(s) 'flatten_data' retrieved from /opt/airflow/dags/flatten_dag.py
[2026-01-25T14:06:06.067+0000] {logging_mixin.py:188} INFO - [2026-01-25T14:06:06.066+0000] {dag.py:3036} INFO - Sync 1 DAGs
[2026-01-25T14:06:06.076+0000] {logging_mixin.py:188} INFO - [2026-01-25T14:06:06.076+0000] {dag.py:3823} INFO - Setting next_dagrun for flatten_data to None, run_after=None
[2026-01-25T14:06:06.093+0000] {processor.py:183} INFO - Processing /opt/airflow/dags/flatten_dag.py took 0.217 seconds
[2026-01-25T14:06:14.070+0000] {processor.py:161} INFO - Started process (PID=279) to work on /opt/airflow/dags/flatten_dag.py
[2026-01-25T14:06:14.073+0000] {processor.py:830} INFO - Processing file /opt/airflow/dags/flatten_dag.py for tasks to queue
[2026-01-25T14:06:14.074+0000] {logging_mixin.py:188} INFO - [2026-01-25T14:06:14.074+0000] {dagbag.py:538} INFO - Filling up the DagBag from /opt/airflow/dags/flatten_dag.py
[2026-01-25T14:06:14.105+0000] {processor.py:840} INFO - DAG(s) 'flatten_data' retrieved from /opt/airflow/dags/flatten_dag.py
[2026-01-25T14:06:14.133+0000] {logging_mixin.py:188} INFO - [2026-01-25T14:06:14.133+0000] {dag.py:3036} INFO - Sync 1 DAGs
[2026-01-25T14:06:14.150+0000] {logging_mixin.py:188} INFO - [2026-01-25T14:06:14.149+0000] {dag.py:3823} INFO - Setting next_dagrun for flatten_data to None, run_after=None
[2026-01-25T14:06:14.169+0000] {processor.py:183} INFO - Processing /opt/airflow/dags/flatten_dag.py took 0.105 seconds
[2026-01-25T14:06:44.835+0000] {processor.py:161} INFO - Started process (PID=290) to work on /opt/airflow/dags/flatten_dag.py
[2026-01-25T14:06:44.838+0000] {processor.py:830} INFO - Processing file /opt/airflow/dags/flatten_dag.py for tasks to queue
[2026-01-25T14:06:44.841+0000] {logging_mixin.py:188} INFO - [2026-01-25T14:06:44.840+0000] {dagbag.py:538} INFO - Filling up the DagBag from /opt/airflow/dags/flatten_dag.py
[2026-01-25T14:06:44.872+0000] {processor.py:840} INFO - DAG(s) 'flatten_data' retrieved from /opt/airflow/dags/flatten_dag.py
[2026-01-25T14:06:44.926+0000] {logging_mixin.py:188} INFO - [2026-01-25T14:06:44.926+0000] {dag.py:3036} INFO - Sync 1 DAGs
[2026-01-25T14:06:44.935+0000] {logging_mixin.py:188} INFO - [2026-01-25T14:06:44.935+0000] {dag.py:3823} INFO - Setting next_dagrun for flatten_data to None, run_after=None
[2026-01-25T14:06:44.949+0000] {processor.py:183} INFO - Processing /opt/airflow/dags/flatten_dag.py took 0.124 seconds
[2026-01-25T14:07:15.450+0000] {processor.py:161} INFO - Started process (PID=295) to work on /opt/airflow/dags/flatten_dag.py
[2026-01-25T14:07:15.451+0000] {processor.py:830} INFO - Processing file /opt/airflow/dags/flatten_dag.py for tasks to queue
[2026-01-25T14:07:15.453+0000] {logging_mixin.py:188} INFO - [2026-01-25T14:07:15.452+0000] {dagbag.py:538} INFO - Filling up the DagBag from /opt/airflow/dags/flatten_dag.py
[2026-01-25T14:07:15.470+0000] {processor.py:840} INFO - DAG(s) 'flatten_data' retrieved from /opt/airflow/dags/flatten_dag.py
[2026-01-25T14:07:15.510+0000] {logging_mixin.py:188} INFO - [2026-01-25T14:07:15.509+0000] {dag.py:3036} INFO - Sync 1 DAGs
[2026-01-25T14:07:15.521+0000] {logging_mixin.py:188} INFO - [2026-01-25T14:07:15.521+0000] {dag.py:3823} INFO - Setting next_dagrun for flatten_data to None, run_after=None
[2026-01-25T14:07:15.534+0000] {processor.py:183} INFO - Processing /opt/airflow/dags/flatten_dag.py took 0.089 seconds
[2026-01-25T14:07:46.086+0000] {processor.py:161} INFO - Started process (PID=300) to work on /opt/airflow/dags/flatten_dag.py
[2026-01-25T14:07:46.094+0000] {processor.py:830} INFO - Processing file /opt/airflow/dags/flatten_dag.py for tasks to queue
[2026-01-25T14:07:46.095+0000] {logging_mixin.py:188} INFO - [2026-01-25T14:07:46.095+0000] {dagbag.py:538} INFO - Filling up the DagBag from /opt/airflow/dags/flatten_dag.py
[2026-01-25T14:07:46.122+0000] {processor.py:840} INFO - DAG(s) 'flatten_data' retrieved from /opt/airflow/dags/flatten_dag.py
[2026-01-25T14:07:46.184+0000] {logging_mixin.py:188} INFO - [2026-01-25T14:07:46.184+0000] {dag.py:3036} INFO - Sync 1 DAGs
[2026-01-25T14:07:46.212+0000] {logging_mixin.py:188} INFO - [2026-01-25T14:07:46.211+0000] {dag.py:3823} INFO - Setting next_dagrun for flatten_data to None, run_after=None
[2026-01-25T14:07:46.226+0000] {processor.py:183} INFO - Processing /opt/airflow/dags/flatten_dag.py took 0.168 seconds
[2026-01-25T14:08:16.646+0000] {processor.py:161} INFO - Started process (PID=305) to work on /opt/airflow/dags/flatten_dag.py
[2026-01-25T14:08:16.665+0000] {processor.py:830} INFO - Processing file /opt/airflow/dags/flatten_dag.py for tasks to queue
[2026-01-25T14:08:16.672+0000] {logging_mixin.py:188} INFO - [2026-01-25T14:08:16.668+0000] {dagbag.py:538} INFO - Filling up the DagBag from /opt/airflow/dags/flatten_dag.py
[2026-01-25T14:08:16.697+0000] {processor.py:840} INFO - DAG(s) 'flatten_data' retrieved from /opt/airflow/dags/flatten_dag.py
[2026-01-25T14:08:16.734+0000] {logging_mixin.py:188} INFO - [2026-01-25T14:08:16.734+0000] {dag.py:3036} INFO - Sync 1 DAGs
[2026-01-25T14:08:16.746+0000] {logging_mixin.py:188} INFO - [2026-01-25T14:08:16.746+0000] {dag.py:3823} INFO - Setting next_dagrun for flatten_data to None, run_after=None
[2026-01-25T14:08:16.763+0000] {processor.py:183} INFO - Processing /opt/airflow/dags/flatten_dag.py took 0.130 seconds
[2026-01-25T14:08:47.268+0000] {processor.py:161} INFO - Started process (PID=310) to work on /opt/airflow/dags/flatten_dag.py
[2026-01-25T14:08:47.277+0000] {processor.py:830} INFO - Processing file /opt/airflow/dags/flatten_dag.py for tasks to queue
[2026-01-25T14:08:47.279+0000] {logging_mixin.py:188} INFO - [2026-01-25T14:08:47.278+0000] {dagbag.py:538} INFO - Filling up the DagBag from /opt/airflow/dags/flatten_dag.py
[2026-01-25T14:08:47.303+0000] {processor.py:840} INFO - DAG(s) 'flatten_data' retrieved from /opt/airflow/dags/flatten_dag.py
[2026-01-25T14:08:47.337+0000] {logging_mixin.py:188} INFO - [2026-01-25T14:08:47.337+0000] {dag.py:3036} INFO - Sync 1 DAGs
[2026-01-25T14:08:47.352+0000] {logging_mixin.py:188} INFO - [2026-01-25T14:08:47.352+0000] {dag.py:3823} INFO - Setting next_dagrun for flatten_data to None, run_after=None
[2026-01-25T14:08:47.363+0000] {processor.py:183} INFO - Processing /opt/airflow/dags/flatten_dag.py took 0.101 seconds
[2026-01-25T14:09:17.837+0000] {processor.py:161} INFO - Started process (PID=315) to work on /opt/airflow/dags/flatten_dag.py
[2026-01-25T14:09:17.840+0000] {processor.py:830} INFO - Processing file /opt/airflow/dags/flatten_dag.py for tasks to queue
[2026-01-25T14:09:17.841+0000] {logging_mixin.py:188} INFO - [2026-01-25T14:09:17.840+0000] {dagbag.py:538} INFO - Filling up the DagBag from /opt/airflow/dags/flatten_dag.py
[2026-01-25T14:09:17.868+0000] {processor.py:840} INFO - DAG(s) 'flatten_data' retrieved from /opt/airflow/dags/flatten_dag.py
[2026-01-25T14:09:17.904+0000] {logging_mixin.py:188} INFO - [2026-01-25T14:09:17.904+0000] {dag.py:3036} INFO - Sync 1 DAGs
[2026-01-25T14:09:17.914+0000] {logging_mixin.py:188} INFO - [2026-01-25T14:09:17.914+0000] {dag.py:3823} INFO - Setting next_dagrun for flatten_data to None, run_after=None
[2026-01-25T14:09:17.926+0000] {processor.py:183} INFO - Processing /opt/airflow/dags/flatten_dag.py took 0.095 seconds
[2026-01-25T14:09:48.297+0000] {processor.py:161} INFO - Started process (PID=320) to work on /opt/airflow/dags/flatten_dag.py
[2026-01-25T14:09:48.300+0000] {processor.py:830} INFO - Processing file /opt/airflow/dags/flatten_dag.py for tasks to queue
[2026-01-25T14:09:48.302+0000] {logging_mixin.py:188} INFO - [2026-01-25T14:09:48.301+0000] {dagbag.py:538} INFO - Filling up the DagBag from /opt/airflow/dags/flatten_dag.py
[2026-01-25T14:09:48.328+0000] {processor.py:840} INFO - DAG(s) 'flatten_data' retrieved from /opt/airflow/dags/flatten_dag.py
[2026-01-25T14:09:48.365+0000] {logging_mixin.py:188} INFO - [2026-01-25T14:09:48.365+0000] {dag.py:3036} INFO - Sync 1 DAGs
[2026-01-25T14:09:48.380+0000] {logging_mixin.py:188} INFO - [2026-01-25T14:09:48.380+0000] {dag.py:3823} INFO - Setting next_dagrun for flatten_data to None, run_after=None
[2026-01-25T14:09:48.390+0000] {processor.py:183} INFO - Processing /opt/airflow/dags/flatten_dag.py took 0.098 seconds
[2026-01-25T14:10:18.755+0000] {processor.py:161} INFO - Started process (PID=325) to work on /opt/airflow/dags/flatten_dag.py
[2026-01-25T14:10:18.757+0000] {processor.py:830} INFO - Processing file /opt/airflow/dags/flatten_dag.py for tasks to queue
[2026-01-25T14:10:18.760+0000] {logging_mixin.py:188} INFO - [2026-01-25T14:10:18.759+0000] {dagbag.py:538} INFO - Filling up the DagBag from /opt/airflow/dags/flatten_dag.py
[2026-01-25T14:10:18.793+0000] {processor.py:840} INFO - DAG(s) 'flatten_data' retrieved from /opt/airflow/dags/flatten_dag.py
[2026-01-25T14:10:18.833+0000] {logging_mixin.py:188} INFO - [2026-01-25T14:10:18.833+0000] {dag.py:3036} INFO - Sync 1 DAGs
[2026-01-25T14:10:18.842+0000] {logging_mixin.py:188} INFO - [2026-01-25T14:10:18.842+0000] {dag.py:3823} INFO - Setting next_dagrun for flatten_data to None, run_after=None
[2026-01-25T14:10:18.853+0000] {processor.py:183} INFO - Processing /opt/airflow/dags/flatten_dag.py took 0.102 seconds
[2026-01-25T14:10:49.213+0000] {processor.py:161} INFO - Started process (PID=330) to work on /opt/airflow/dags/flatten_dag.py
[2026-01-25T14:10:49.217+0000] {processor.py:830} INFO - Processing file /opt/airflow/dags/flatten_dag.py for tasks to queue
[2026-01-25T14:10:49.220+0000] {logging_mixin.py:188} INFO - [2026-01-25T14:10:49.219+0000] {dagbag.py:538} INFO - Filling up the DagBag from /opt/airflow/dags/flatten_dag.py
[2026-01-25T14:10:49.249+0000] {processor.py:840} INFO - DAG(s) 'flatten_data' retrieved from /opt/airflow/dags/flatten_dag.py
[2026-01-25T14:10:49.285+0000] {logging_mixin.py:188} INFO - [2026-01-25T14:10:49.285+0000] {dag.py:3036} INFO - Sync 1 DAGs
[2026-01-25T14:10:49.295+0000] {logging_mixin.py:188} INFO - [2026-01-25T14:10:49.295+0000] {dag.py:3823} INFO - Setting next_dagrun for flatten_data to None, run_after=None
[2026-01-25T14:10:49.310+0000] {processor.py:183} INFO - Processing /opt/airflow/dags/flatten_dag.py took 0.109 seconds
[2026-01-25T14:10:58.376+0000] {processor.py:161} INFO - Started process (PID=335) to work on /opt/airflow/dags/flatten_dag.py
[2026-01-25T14:10:58.378+0000] {processor.py:830} INFO - Processing file /opt/airflow/dags/flatten_dag.py for tasks to queue
[2026-01-25T14:10:58.380+0000] {logging_mixin.py:188} INFO - [2026-01-25T14:10:58.379+0000] {dagbag.py:538} INFO - Filling up the DagBag from /opt/airflow/dags/flatten_dag.py
[2026-01-25T14:10:58.420+0000] {processor.py:840} INFO - DAG(s) 'flatten_data' retrieved from /opt/airflow/dags/flatten_dag.py
[2026-01-25T14:10:58.625+0000] {logging_mixin.py:188} INFO - [2026-01-25T14:10:58.624+0000] {dag.py:3036} INFO - Sync 1 DAGs
[2026-01-25T14:10:58.632+0000] {logging_mixin.py:188} INFO - [2026-01-25T14:10:58.632+0000] {dag.py:3823} INFO - Setting next_dagrun for flatten_data to None, run_after=None
[2026-01-25T14:10:58.648+0000] {processor.py:183} INFO - Processing /opt/airflow/dags/flatten_dag.py took 0.287 seconds
[2026-01-25T14:11:03.582+0000] {processor.py:161} INFO - Started process (PID=340) to work on /opt/airflow/dags/flatten_dag.py
[2026-01-25T14:11:03.584+0000] {processor.py:830} INFO - Processing file /opt/airflow/dags/flatten_dag.py for tasks to queue
[2026-01-25T14:11:03.587+0000] {logging_mixin.py:188} INFO - [2026-01-25T14:11:03.585+0000] {dagbag.py:538} INFO - Filling up the DagBag from /opt/airflow/dags/flatten_dag.py
[2026-01-25T14:11:03.636+0000] {processor.py:840} INFO - DAG(s) 'flatten_data' retrieved from /opt/airflow/dags/flatten_dag.py
[2026-01-25T14:11:03.691+0000] {logging_mixin.py:188} INFO - [2026-01-25T14:11:03.691+0000] {dag.py:3036} INFO - Sync 1 DAGs
[2026-01-25T14:11:03.723+0000] {logging_mixin.py:188} INFO - [2026-01-25T14:11:03.723+0000] {dag.py:3823} INFO - Setting next_dagrun for flatten_data to None, run_after=None
[2026-01-25T14:11:03.738+0000] {processor.py:183} INFO - Processing /opt/airflow/dags/flatten_dag.py took 0.163 seconds
[2026-01-25T14:11:34.396+0000] {processor.py:161} INFO - Started process (PID=351) to work on /opt/airflow/dags/flatten_dag.py
[2026-01-25T14:11:34.400+0000] {processor.py:830} INFO - Processing file /opt/airflow/dags/flatten_dag.py for tasks to queue
[2026-01-25T14:11:34.405+0000] {logging_mixin.py:188} INFO - [2026-01-25T14:11:34.400+0000] {dagbag.py:538} INFO - Filling up the DagBag from /opt/airflow/dags/flatten_dag.py
[2026-01-25T14:11:34.554+0000] {processor.py:840} INFO - DAG(s) 'flatten_data' retrieved from /opt/airflow/dags/flatten_dag.py
[2026-01-25T14:11:34.629+0000] {logging_mixin.py:188} INFO - [2026-01-25T14:11:34.629+0000] {dag.py:3036} INFO - Sync 1 DAGs
[2026-01-25T14:11:34.645+0000] {logging_mixin.py:188} INFO - [2026-01-25T14:11:34.645+0000] {dag.py:3823} INFO - Setting next_dagrun for flatten_data to None, run_after=None
[2026-01-25T14:11:34.663+0000] {processor.py:183} INFO - Processing /opt/airflow/dags/flatten_dag.py took 0.277 seconds
[2026-01-25T14:12:04.858+0000] {processor.py:161} INFO - Started process (PID=356) to work on /opt/airflow/dags/flatten_dag.py
[2026-01-25T14:12:04.864+0000] {processor.py:830} INFO - Processing file /opt/airflow/dags/flatten_dag.py for tasks to queue
[2026-01-25T14:12:04.866+0000] {logging_mixin.py:188} INFO - [2026-01-25T14:12:04.865+0000] {dagbag.py:538} INFO - Filling up the DagBag from /opt/airflow/dags/flatten_dag.py
[2026-01-25T14:12:04.894+0000] {processor.py:840} INFO - DAG(s) 'flatten_data' retrieved from /opt/airflow/dags/flatten_dag.py
[2026-01-25T14:12:04.941+0000] {logging_mixin.py:188} INFO - [2026-01-25T14:12:04.941+0000] {dag.py:3036} INFO - Sync 1 DAGs
[2026-01-25T14:12:04.952+0000] {logging_mixin.py:188} INFO - [2026-01-25T14:12:04.951+0000] {dag.py:3823} INFO - Setting next_dagrun for flatten_data to None, run_after=None
[2026-01-25T14:12:04.966+0000] {processor.py:183} INFO - Processing /opt/airflow/dags/flatten_dag.py took 0.116 seconds
[2026-01-25T14:12:35.342+0000] {processor.py:161} INFO - Started process (PID=361) to work on /opt/airflow/dags/flatten_dag.py
[2026-01-25T14:12:35.345+0000] {processor.py:830} INFO - Processing file /opt/airflow/dags/flatten_dag.py for tasks to queue
[2026-01-25T14:12:35.347+0000] {logging_mixin.py:188} INFO - [2026-01-25T14:12:35.346+0000] {dagbag.py:538} INFO - Filling up the DagBag from /opt/airflow/dags/flatten_dag.py
[2026-01-25T14:12:35.367+0000] {processor.py:840} INFO - DAG(s) 'flatten_data' retrieved from /opt/airflow/dags/flatten_dag.py
[2026-01-25T14:12:35.397+0000] {logging_mixin.py:188} INFO - [2026-01-25T14:12:35.397+0000] {dag.py:3036} INFO - Sync 1 DAGs
[2026-01-25T14:12:35.409+0000] {logging_mixin.py:188} INFO - [2026-01-25T14:12:35.409+0000] {dag.py:3823} INFO - Setting next_dagrun for flatten_data to None, run_after=None
[2026-01-25T14:12:35.420+0000] {processor.py:183} INFO - Processing /opt/airflow/dags/flatten_dag.py took 0.090 seconds
[2026-01-25T14:13:05.758+0000] {processor.py:161} INFO - Started process (PID=366) to work on /opt/airflow/dags/flatten_dag.py
[2026-01-25T14:13:05.763+0000] {processor.py:830} INFO - Processing file /opt/airflow/dags/flatten_dag.py for tasks to queue
[2026-01-25T14:13:05.765+0000] {logging_mixin.py:188} INFO - [2026-01-25T14:13:05.764+0000] {dagbag.py:538} INFO - Filling up the DagBag from /opt/airflow/dags/flatten_dag.py
[2026-01-25T14:13:05.784+0000] {processor.py:840} INFO - DAG(s) 'flatten_data' retrieved from /opt/airflow/dags/flatten_dag.py
[2026-01-25T14:13:05.814+0000] {logging_mixin.py:188} INFO - [2026-01-25T14:13:05.814+0000] {dag.py:3036} INFO - Sync 1 DAGs
[2026-01-25T14:13:05.822+0000] {logging_mixin.py:188} INFO - [2026-01-25T14:13:05.822+0000] {dag.py:3823} INFO - Setting next_dagrun for flatten_data to None, run_after=None
[2026-01-25T14:13:05.833+0000] {processor.py:183} INFO - Processing /opt/airflow/dags/flatten_dag.py took 0.089 seconds
[2026-01-25T14:13:12.167+0000] {processor.py:161} INFO - Started process (PID=371) to work on /opt/airflow/dags/flatten_dag.py
[2026-01-25T14:13:12.169+0000] {processor.py:830} INFO - Processing file /opt/airflow/dags/flatten_dag.py for tasks to queue
[2026-01-25T14:13:12.170+0000] {logging_mixin.py:188} INFO - [2026-01-25T14:13:12.169+0000] {dagbag.py:538} INFO - Filling up the DagBag from /opt/airflow/dags/flatten_dag.py
[2026-01-25T14:13:12.200+0000] {processor.py:840} INFO - DAG(s) 'flatten_data' retrieved from /opt/airflow/dags/flatten_dag.py
[2026-01-25T14:13:12.387+0000] {logging_mixin.py:188} INFO - [2026-01-25T14:13:12.387+0000] {dag.py:3036} INFO - Sync 1 DAGs
[2026-01-25T14:13:12.395+0000] {logging_mixin.py:188} INFO - [2026-01-25T14:13:12.395+0000] {dag.py:3823} INFO - Setting next_dagrun for flatten_data to None, run_after=None
[2026-01-25T14:13:12.412+0000] {processor.py:183} INFO - Processing /opt/airflow/dags/flatten_dag.py took 0.251 seconds
[2026-01-25T14:13:14.508+0000] {processor.py:161} INFO - Started process (PID=376) to work on /opt/airflow/dags/flatten_dag.py
[2026-01-25T14:13:14.512+0000] {processor.py:830} INFO - Processing file /opt/airflow/dags/flatten_dag.py for tasks to queue
[2026-01-25T14:13:14.514+0000] {logging_mixin.py:188} INFO - [2026-01-25T14:13:14.513+0000] {dagbag.py:538} INFO - Filling up the DagBag from /opt/airflow/dags/flatten_dag.py
[2026-01-25T14:13:14.550+0000] {processor.py:840} INFO - DAG(s) 'flatten_data' retrieved from /opt/airflow/dags/flatten_dag.py
[2026-01-25T14:13:14.598+0000] {logging_mixin.py:188} INFO - [2026-01-25T14:13:14.597+0000] {dag.py:3036} INFO - Sync 1 DAGs
[2026-01-25T14:13:14.619+0000] {logging_mixin.py:188} INFO - [2026-01-25T14:13:14.619+0000] {dag.py:3823} INFO - Setting next_dagrun for flatten_data to None, run_after=None
[2026-01-25T14:13:14.641+0000] {processor.py:183} INFO - Processing /opt/airflow/dags/flatten_dag.py took 0.140 seconds
[2026-01-25T14:13:45.268+0000] {processor.py:161} INFO - Started process (PID=387) to work on /opt/airflow/dags/flatten_dag.py
[2026-01-25T14:13:45.269+0000] {processor.py:830} INFO - Processing file /opt/airflow/dags/flatten_dag.py for tasks to queue
[2026-01-25T14:13:45.270+0000] {logging_mixin.py:188} INFO - [2026-01-25T14:13:45.269+0000] {dagbag.py:538} INFO - Filling up the DagBag from /opt/airflow/dags/flatten_dag.py
[2026-01-25T14:13:45.303+0000] {processor.py:840} INFO - DAG(s) 'flatten_data' retrieved from /opt/airflow/dags/flatten_dag.py
[2026-01-25T14:13:45.358+0000] {logging_mixin.py:188} INFO - [2026-01-25T14:13:45.358+0000] {dag.py:3036} INFO - Sync 1 DAGs
[2026-01-25T14:13:45.374+0000] {logging_mixin.py:188} INFO - [2026-01-25T14:13:45.374+0000] {dag.py:3823} INFO - Setting next_dagrun for flatten_data to None, run_after=None
[2026-01-25T14:13:45.385+0000] {processor.py:183} INFO - Processing /opt/airflow/dags/flatten_dag.py took 0.122 seconds
[2026-01-25T14:14:12.713+0000] {processor.py:161} INFO - Started process (PID=392) to work on /opt/airflow/dags/flatten_dag.py
[2026-01-25T14:14:12.716+0000] {processor.py:830} INFO - Processing file /opt/airflow/dags/flatten_dag.py for tasks to queue
[2026-01-25T14:14:12.717+0000] {logging_mixin.py:188} INFO - [2026-01-25T14:14:12.717+0000] {dagbag.py:538} INFO - Filling up the DagBag from /opt/airflow/dags/flatten_dag.py
[2026-01-25T14:14:12.767+0000] {processor.py:840} INFO - DAG(s) 'flatten_data' retrieved from /opt/airflow/dags/flatten_dag.py
[2026-01-25T14:14:12.895+0000] {logging_mixin.py:188} INFO - [2026-01-25T14:14:12.895+0000] {dag.py:3036} INFO - Sync 1 DAGs
[2026-01-25T14:14:12.911+0000] {logging_mixin.py:188} INFO - [2026-01-25T14:14:12.910+0000] {dag.py:3823} INFO - Setting next_dagrun for flatten_data to None, run_after=None
[2026-01-25T14:14:12.926+0000] {processor.py:183} INFO - Processing /opt/airflow/dags/flatten_dag.py took 0.222 seconds
[2026-01-25T14:14:43.275+0000] {processor.py:161} INFO - Started process (PID=397) to work on /opt/airflow/dags/flatten_dag.py
[2026-01-25T14:14:43.285+0000] {processor.py:830} INFO - Processing file /opt/airflow/dags/flatten_dag.py for tasks to queue
[2026-01-25T14:14:43.314+0000] {logging_mixin.py:188} INFO - [2026-01-25T14:14:43.309+0000] {dagbag.py:538} INFO - Filling up the DagBag from /opt/airflow/dags/flatten_dag.py
[2026-01-25T14:14:43.365+0000] {processor.py:840} INFO - DAG(s) 'flatten_data' retrieved from /opt/airflow/dags/flatten_dag.py
[2026-01-25T14:14:43.466+0000] {logging_mixin.py:188} INFO - [2026-01-25T14:14:43.466+0000] {dag.py:3036} INFO - Sync 1 DAGs
[2026-01-25T14:14:43.487+0000] {logging_mixin.py:188} INFO - [2026-01-25T14:14:43.486+0000] {dag.py:3823} INFO - Setting next_dagrun for flatten_data to None, run_after=None
[2026-01-25T14:14:43.506+0000] {processor.py:183} INFO - Processing /opt/airflow/dags/flatten_dag.py took 0.251 seconds
[2026-01-25T14:15:14.062+0000] {processor.py:161} INFO - Started process (PID=402) to work on /opt/airflow/dags/flatten_dag.py
[2026-01-25T14:15:14.065+0000] {processor.py:830} INFO - Processing file /opt/airflow/dags/flatten_dag.py for tasks to queue
[2026-01-25T14:15:14.066+0000] {logging_mixin.py:188} INFO - [2026-01-25T14:15:14.066+0000] {dagbag.py:538} INFO - Filling up the DagBag from /opt/airflow/dags/flatten_dag.py
[2026-01-25T14:15:14.094+0000] {processor.py:840} INFO - DAG(s) 'flatten_data' retrieved from /opt/airflow/dags/flatten_dag.py
[2026-01-25T14:15:14.142+0000] {logging_mixin.py:188} INFO - [2026-01-25T14:15:14.142+0000] {dag.py:3036} INFO - Sync 1 DAGs
[2026-01-25T14:15:14.165+0000] {logging_mixin.py:188} INFO - [2026-01-25T14:15:14.165+0000] {dag.py:3823} INFO - Setting next_dagrun for flatten_data to None, run_after=None
[2026-01-25T14:15:14.182+0000] {processor.py:183} INFO - Processing /opt/airflow/dags/flatten_dag.py took 0.127 seconds
[2026-01-25T14:15:44.595+0000] {processor.py:161} INFO - Started process (PID=407) to work on /opt/airflow/dags/flatten_dag.py
[2026-01-25T14:15:44.597+0000] {processor.py:830} INFO - Processing file /opt/airflow/dags/flatten_dag.py for tasks to queue
[2026-01-25T14:15:44.598+0000] {logging_mixin.py:188} INFO - [2026-01-25T14:15:44.597+0000] {dagbag.py:538} INFO - Filling up the DagBag from /opt/airflow/dags/flatten_dag.py
[2026-01-25T14:15:44.618+0000] {processor.py:840} INFO - DAG(s) 'flatten_data' retrieved from /opt/airflow/dags/flatten_dag.py
[2026-01-25T14:15:44.661+0000] {logging_mixin.py:188} INFO - [2026-01-25T14:15:44.661+0000] {dag.py:3036} INFO - Sync 1 DAGs
[2026-01-25T14:15:44.675+0000] {logging_mixin.py:188} INFO - [2026-01-25T14:15:44.675+0000] {dag.py:3823} INFO - Setting next_dagrun for flatten_data to None, run_after=None
[2026-01-25T14:15:44.704+0000] {processor.py:183} INFO - Processing /opt/airflow/dags/flatten_dag.py took 0.114 seconds
[2026-01-25T14:16:15.084+0000] {processor.py:161} INFO - Started process (PID=412) to work on /opt/airflow/dags/flatten_dag.py
[2026-01-25T14:16:15.088+0000] {processor.py:830} INFO - Processing file /opt/airflow/dags/flatten_dag.py for tasks to queue
[2026-01-25T14:16:15.090+0000] {logging_mixin.py:188} INFO - [2026-01-25T14:16:15.089+0000] {dagbag.py:538} INFO - Filling up the DagBag from /opt/airflow/dags/flatten_dag.py
[2026-01-25T14:16:15.113+0000] {processor.py:840} INFO - DAG(s) 'flatten_data' retrieved from /opt/airflow/dags/flatten_dag.py
[2026-01-25T14:16:15.152+0000] {logging_mixin.py:188} INFO - [2026-01-25T14:16:15.152+0000] {dag.py:3036} INFO - Sync 1 DAGs
[2026-01-25T14:16:15.164+0000] {logging_mixin.py:188} INFO - [2026-01-25T14:16:15.164+0000] {dag.py:3823} INFO - Setting next_dagrun for flatten_data to None, run_after=None
[2026-01-25T14:16:15.177+0000] {processor.py:183} INFO - Processing /opt/airflow/dags/flatten_dag.py took 0.100 seconds
[2026-01-25T14:16:45.615+0000] {processor.py:161} INFO - Started process (PID=417) to work on /opt/airflow/dags/flatten_dag.py
[2026-01-25T14:16:45.617+0000] {processor.py:830} INFO - Processing file /opt/airflow/dags/flatten_dag.py for tasks to queue
[2026-01-25T14:16:45.619+0000] {logging_mixin.py:188} INFO - [2026-01-25T14:16:45.618+0000] {dagbag.py:538} INFO - Filling up the DagBag from /opt/airflow/dags/flatten_dag.py
[2026-01-25T14:16:45.645+0000] {processor.py:840} INFO - DAG(s) 'flatten_data' retrieved from /opt/airflow/dags/flatten_dag.py
[2026-01-25T14:16:45.686+0000] {logging_mixin.py:188} INFO - [2026-01-25T14:16:45.685+0000] {dag.py:3036} INFO - Sync 1 DAGs
[2026-01-25T14:16:45.699+0000] {logging_mixin.py:188} INFO - [2026-01-25T14:16:45.699+0000] {dag.py:3823} INFO - Setting next_dagrun for flatten_data to None, run_after=None
[2026-01-25T14:16:45.715+0000] {processor.py:183} INFO - Processing /opt/airflow/dags/flatten_dag.py took 0.107 seconds
[2026-01-25T14:17:09.966+0000] {processor.py:161} INFO - Started process (PID=422) to work on /opt/airflow/dags/flatten_dag.py
[2026-01-25T14:17:09.969+0000] {processor.py:830} INFO - Processing file /opt/airflow/dags/flatten_dag.py for tasks to queue
[2026-01-25T14:17:09.969+0000] {logging_mixin.py:188} INFO - [2026-01-25T14:17:09.969+0000] {dagbag.py:538} INFO - Filling up the DagBag from /opt/airflow/dags/flatten_dag.py
[2026-01-25T14:17:09.992+0000] {processor.py:840} INFO - DAG(s) 'flatten_data' retrieved from /opt/airflow/dags/flatten_dag.py
[2026-01-25T14:17:10.109+0000] {logging_mixin.py:188} INFO - [2026-01-25T14:17:10.109+0000] {dag.py:3036} INFO - Sync 1 DAGs
[2026-01-25T14:17:10.123+0000] {logging_mixin.py:188} INFO - [2026-01-25T14:17:10.123+0000] {dag.py:3823} INFO - Setting next_dagrun for flatten_data to None, run_after=None
[2026-01-25T14:17:10.141+0000] {processor.py:183} INFO - Processing /opt/airflow/dags/flatten_dag.py took 0.179 seconds
[2026-01-25T14:17:40.579+0000] {processor.py:161} INFO - Started process (PID=431) to work on /opt/airflow/dags/flatten_dag.py
[2026-01-25T14:17:40.582+0000] {processor.py:830} INFO - Processing file /opt/airflow/dags/flatten_dag.py for tasks to queue
[2026-01-25T14:17:40.584+0000] {logging_mixin.py:188} INFO - [2026-01-25T14:17:40.583+0000] {dagbag.py:538} INFO - Filling up the DagBag from /opt/airflow/dags/flatten_dag.py
[2026-01-25T14:17:40.617+0000] {processor.py:840} INFO - DAG(s) 'flatten_data' retrieved from /opt/airflow/dags/flatten_dag.py
[2026-01-25T14:17:40.666+0000] {logging_mixin.py:188} INFO - [2026-01-25T14:17:40.666+0000] {dag.py:3036} INFO - Sync 1 DAGs
[2026-01-25T14:17:40.680+0000] {logging_mixin.py:188} INFO - [2026-01-25T14:17:40.680+0000] {dag.py:3823} INFO - Setting next_dagrun for flatten_data to None, run_after=None
[2026-01-25T14:17:40.698+0000] {processor.py:183} INFO - Processing /opt/airflow/dags/flatten_dag.py took 0.130 seconds
[2026-01-25T14:18:10.981+0000] {processor.py:161} INFO - Started process (PID=436) to work on /opt/airflow/dags/flatten_dag.py
[2026-01-25T14:18:10.988+0000] {processor.py:830} INFO - Processing file /opt/airflow/dags/flatten_dag.py for tasks to queue
[2026-01-25T14:18:10.992+0000] {logging_mixin.py:188} INFO - [2026-01-25T14:18:10.989+0000] {dagbag.py:538} INFO - Filling up the DagBag from /opt/airflow/dags/flatten_dag.py
[2026-01-25T14:18:11.019+0000] {processor.py:840} INFO - DAG(s) 'flatten_data' retrieved from /opt/airflow/dags/flatten_dag.py
[2026-01-25T14:18:11.057+0000] {logging_mixin.py:188} INFO - [2026-01-25T14:18:11.057+0000] {dag.py:3036} INFO - Sync 1 DAGs
[2026-01-25T14:18:11.065+0000] {logging_mixin.py:188} INFO - [2026-01-25T14:18:11.065+0000] {dag.py:3823} INFO - Setting next_dagrun for flatten_data to None, run_after=None
[2026-01-25T14:18:11.080+0000] {processor.py:183} INFO - Processing /opt/airflow/dags/flatten_dag.py took 0.105 seconds
[2026-01-25T14:18:41.379+0000] {processor.py:161} INFO - Started process (PID=441) to work on /opt/airflow/dags/flatten_dag.py
[2026-01-25T14:18:41.383+0000] {processor.py:830} INFO - Processing file /opt/airflow/dags/flatten_dag.py for tasks to queue
[2026-01-25T14:18:41.384+0000] {logging_mixin.py:188} INFO - [2026-01-25T14:18:41.383+0000] {dagbag.py:538} INFO - Filling up the DagBag from /opt/airflow/dags/flatten_dag.py
[2026-01-25T14:18:41.410+0000] {processor.py:840} INFO - DAG(s) 'flatten_data' retrieved from /opt/airflow/dags/flatten_dag.py
[2026-01-25T14:18:41.439+0000] {logging_mixin.py:188} INFO - [2026-01-25T14:18:41.439+0000] {dag.py:3036} INFO - Sync 1 DAGs
[2026-01-25T14:18:41.450+0000] {logging_mixin.py:188} INFO - [2026-01-25T14:18:41.450+0000] {dag.py:3823} INFO - Setting next_dagrun for flatten_data to None, run_after=None
[2026-01-25T14:18:41.464+0000] {processor.py:183} INFO - Processing /opt/airflow/dags/flatten_dag.py took 0.091 seconds
[2026-01-25T14:19:11.919+0000] {processor.py:161} INFO - Started process (PID=446) to work on /opt/airflow/dags/flatten_dag.py
[2026-01-25T14:19:11.921+0000] {processor.py:830} INFO - Processing file /opt/airflow/dags/flatten_dag.py for tasks to queue
[2026-01-25T14:19:11.922+0000] {logging_mixin.py:188} INFO - [2026-01-25T14:19:11.922+0000] {dagbag.py:538} INFO - Filling up the DagBag from /opt/airflow/dags/flatten_dag.py
[2026-01-25T14:19:11.947+0000] {processor.py:840} INFO - DAG(s) 'flatten_data' retrieved from /opt/airflow/dags/flatten_dag.py
[2026-01-25T14:19:11.989+0000] {logging_mixin.py:188} INFO - [2026-01-25T14:19:11.989+0000] {dag.py:3036} INFO - Sync 1 DAGs
[2026-01-25T14:19:11.998+0000] {logging_mixin.py:188} INFO - [2026-01-25T14:19:11.998+0000] {dag.py:3823} INFO - Setting next_dagrun for flatten_data to None, run_after=None
[2026-01-25T14:19:12.010+0000] {processor.py:183} INFO - Processing /opt/airflow/dags/flatten_dag.py took 0.102 seconds
[2026-01-25T14:19:42.385+0000] {processor.py:161} INFO - Started process (PID=451) to work on /opt/airflow/dags/flatten_dag.py
[2026-01-25T14:19:42.388+0000] {processor.py:830} INFO - Processing file /opt/airflow/dags/flatten_dag.py for tasks to queue
[2026-01-25T14:19:42.389+0000] {logging_mixin.py:188} INFO - [2026-01-25T14:19:42.389+0000] {dagbag.py:538} INFO - Filling up the DagBag from /opt/airflow/dags/flatten_dag.py
[2026-01-25T14:19:42.413+0000] {processor.py:840} INFO - DAG(s) 'flatten_data' retrieved from /opt/airflow/dags/flatten_dag.py
[2026-01-25T14:19:42.448+0000] {logging_mixin.py:188} INFO - [2026-01-25T14:19:42.448+0000] {dag.py:3036} INFO - Sync 1 DAGs
[2026-01-25T14:19:42.458+0000] {logging_mixin.py:188} INFO - [2026-01-25T14:19:42.458+0000] {dag.py:3823} INFO - Setting next_dagrun for flatten_data to None, run_after=None
[2026-01-25T14:19:42.474+0000] {processor.py:183} INFO - Processing /opt/airflow/dags/flatten_dag.py took 0.093 seconds
[2026-01-25T14:20:13.207+0000] {processor.py:161} INFO - Started process (PID=456) to work on /opt/airflow/dags/flatten_dag.py
[2026-01-25T14:20:13.210+0000] {processor.py:830} INFO - Processing file /opt/airflow/dags/flatten_dag.py for tasks to queue
[2026-01-25T14:20:13.212+0000] {logging_mixin.py:188} INFO - [2026-01-25T14:20:13.211+0000] {dagbag.py:538} INFO - Filling up the DagBag from /opt/airflow/dags/flatten_dag.py
[2026-01-25T14:20:13.233+0000] {processor.py:840} INFO - DAG(s) 'flatten_data' retrieved from /opt/airflow/dags/flatten_dag.py
[2026-01-25T14:20:13.265+0000] {logging_mixin.py:188} INFO - [2026-01-25T14:20:13.265+0000] {dag.py:3036} INFO - Sync 1 DAGs
[2026-01-25T14:20:13.282+0000] {logging_mixin.py:188} INFO - [2026-01-25T14:20:13.281+0000] {dag.py:3823} INFO - Setting next_dagrun for flatten_data to None, run_after=None
[2026-01-25T14:20:13.292+0000] {processor.py:183} INFO - Processing /opt/airflow/dags/flatten_dag.py took 0.090 seconds
[2026-01-25T14:20:43.612+0000] {processor.py:161} INFO - Started process (PID=461) to work on /opt/airflow/dags/flatten_dag.py
[2026-01-25T14:20:43.614+0000] {processor.py:830} INFO - Processing file /opt/airflow/dags/flatten_dag.py for tasks to queue
[2026-01-25T14:20:43.615+0000] {logging_mixin.py:188} INFO - [2026-01-25T14:20:43.615+0000] {dagbag.py:538} INFO - Filling up the DagBag from /opt/airflow/dags/flatten_dag.py
[2026-01-25T14:20:43.635+0000] {processor.py:840} INFO - DAG(s) 'flatten_data' retrieved from /opt/airflow/dags/flatten_dag.py
[2026-01-25T14:20:43.667+0000] {logging_mixin.py:188} INFO - [2026-01-25T14:20:43.667+0000] {dag.py:3036} INFO - Sync 1 DAGs
[2026-01-25T14:20:43.676+0000] {logging_mixin.py:188} INFO - [2026-01-25T14:20:43.676+0000] {dag.py:3823} INFO - Setting next_dagrun for flatten_data to None, run_after=None
[2026-01-25T14:20:43.686+0000] {processor.py:183} INFO - Processing /opt/airflow/dags/flatten_dag.py took 0.078 seconds
[2026-01-25T14:21:14.035+0000] {processor.py:161} INFO - Started process (PID=466) to work on /opt/airflow/dags/flatten_dag.py
[2026-01-25T14:21:14.038+0000] {processor.py:830} INFO - Processing file /opt/airflow/dags/flatten_dag.py for tasks to queue
[2026-01-25T14:21:14.040+0000] {logging_mixin.py:188} INFO - [2026-01-25T14:21:14.039+0000] {dagbag.py:538} INFO - Filling up the DagBag from /opt/airflow/dags/flatten_dag.py
[2026-01-25T14:21:14.062+0000] {processor.py:840} INFO - DAG(s) 'flatten_data' retrieved from /opt/airflow/dags/flatten_dag.py
[2026-01-25T14:21:14.091+0000] {logging_mixin.py:188} INFO - [2026-01-25T14:21:14.091+0000] {dag.py:3036} INFO - Sync 1 DAGs
[2026-01-25T14:21:14.100+0000] {logging_mixin.py:188} INFO - [2026-01-25T14:21:14.100+0000] {dag.py:3823} INFO - Setting next_dagrun for flatten_data to None, run_after=None
[2026-01-25T14:21:14.112+0000] {processor.py:183} INFO - Processing /opt/airflow/dags/flatten_dag.py took 0.083 seconds
[2026-01-25T14:21:44.474+0000] {processor.py:161} INFO - Started process (PID=471) to work on /opt/airflow/dags/flatten_dag.py
[2026-01-25T14:21:44.477+0000] {processor.py:830} INFO - Processing file /opt/airflow/dags/flatten_dag.py for tasks to queue
[2026-01-25T14:21:44.479+0000] {logging_mixin.py:188} INFO - [2026-01-25T14:21:44.478+0000] {dagbag.py:538} INFO - Filling up the DagBag from /opt/airflow/dags/flatten_dag.py
[2026-01-25T14:21:44.499+0000] {processor.py:840} INFO - DAG(s) 'flatten_data' retrieved from /opt/airflow/dags/flatten_dag.py
[2026-01-25T14:21:44.531+0000] {logging_mixin.py:188} INFO - [2026-01-25T14:21:44.531+0000] {dag.py:3036} INFO - Sync 1 DAGs
[2026-01-25T14:21:44.548+0000] {logging_mixin.py:188} INFO - [2026-01-25T14:21:44.547+0000] {dag.py:3823} INFO - Setting next_dagrun for flatten_data to None, run_after=None
[2026-01-25T14:21:44.560+0000] {processor.py:183} INFO - Processing /opt/airflow/dags/flatten_dag.py took 0.092 seconds
[2026-01-25T14:22:14.905+0000] {processor.py:161} INFO - Started process (PID=476) to work on /opt/airflow/dags/flatten_dag.py
[2026-01-25T14:22:14.914+0000] {processor.py:830} INFO - Processing file /opt/airflow/dags/flatten_dag.py for tasks to queue
[2026-01-25T14:22:14.916+0000] {logging_mixin.py:188} INFO - [2026-01-25T14:22:14.915+0000] {dagbag.py:538} INFO - Filling up the DagBag from /opt/airflow/dags/flatten_dag.py
[2026-01-25T14:22:14.935+0000] {processor.py:840} INFO - DAG(s) 'flatten_data' retrieved from /opt/airflow/dags/flatten_dag.py
[2026-01-25T14:22:14.963+0000] {logging_mixin.py:188} INFO - [2026-01-25T14:22:14.963+0000] {dag.py:3036} INFO - Sync 1 DAGs
[2026-01-25T14:22:14.974+0000] {logging_mixin.py:188} INFO - [2026-01-25T14:22:14.973+0000] {dag.py:3823} INFO - Setting next_dagrun for flatten_data to None, run_after=None
[2026-01-25T14:22:14.985+0000] {processor.py:183} INFO - Processing /opt/airflow/dags/flatten_dag.py took 0.086 seconds
[2026-01-25T14:22:45.362+0000] {processor.py:161} INFO - Started process (PID=481) to work on /opt/airflow/dags/flatten_dag.py
[2026-01-25T14:22:45.364+0000] {processor.py:830} INFO - Processing file /opt/airflow/dags/flatten_dag.py for tasks to queue
[2026-01-25T14:22:45.366+0000] {logging_mixin.py:188} INFO - [2026-01-25T14:22:45.366+0000] {dagbag.py:538} INFO - Filling up the DagBag from /opt/airflow/dags/flatten_dag.py
[2026-01-25T14:22:45.393+0000] {processor.py:840} INFO - DAG(s) 'flatten_data' retrieved from /opt/airflow/dags/flatten_dag.py
[2026-01-25T14:22:45.430+0000] {logging_mixin.py:188} INFO - [2026-01-25T14:22:45.430+0000] {dag.py:3036} INFO - Sync 1 DAGs
[2026-01-25T14:22:45.442+0000] {logging_mixin.py:188} INFO - [2026-01-25T14:22:45.442+0000] {dag.py:3823} INFO - Setting next_dagrun for flatten_data to None, run_after=None
[2026-01-25T14:22:45.460+0000] {processor.py:183} INFO - Processing /opt/airflow/dags/flatten_dag.py took 0.102 seconds
[2026-01-25T14:22:46.441+0000] {processor.py:161} INFO - Started process (PID=486) to work on /opt/airflow/dags/flatten_dag.py
[2026-01-25T14:22:46.445+0000] {processor.py:830} INFO - Processing file /opt/airflow/dags/flatten_dag.py for tasks to queue
[2026-01-25T14:22:46.447+0000] {logging_mixin.py:188} INFO - [2026-01-25T14:22:46.446+0000] {dagbag.py:538} INFO - Filling up the DagBag from /opt/airflow/dags/flatten_dag.py
[2026-01-25T14:22:46.469+0000] {processor.py:840} INFO - DAG(s) 'flatten_data' retrieved from /opt/airflow/dags/flatten_dag.py
[2026-01-25T14:22:46.628+0000] {logging_mixin.py:188} INFO - [2026-01-25T14:22:46.627+0000] {dag.py:3036} INFO - Sync 1 DAGs
[2026-01-25T14:22:46.645+0000] {logging_mixin.py:188} INFO - [2026-01-25T14:22:46.644+0000] {dag.py:3823} INFO - Setting next_dagrun for flatten_data to None, run_after=None
[2026-01-25T14:22:46.672+0000] {processor.py:183} INFO - Processing /opt/airflow/dags/flatten_dag.py took 0.240 seconds
[2026-01-25T14:23:05.759+0000] {processor.py:161} INFO - Started process (PID=491) to work on /opt/airflow/dags/flatten_dag.py
[2026-01-25T14:23:05.761+0000] {processor.py:830} INFO - Processing file /opt/airflow/dags/flatten_dag.py for tasks to queue
[2026-01-25T14:23:05.762+0000] {logging_mixin.py:188} INFO - [2026-01-25T14:23:05.761+0000] {dagbag.py:538} INFO - Filling up the DagBag from /opt/airflow/dags/flatten_dag.py
[2026-01-25T14:23:05.791+0000] {processor.py:840} INFO - DAG(s) 'flatten_data' retrieved from /opt/airflow/dags/flatten_dag.py
[2026-01-25T14:23:05.815+0000] {logging_mixin.py:188} INFO - [2026-01-25T14:23:05.815+0000] {dag.py:3036} INFO - Sync 1 DAGs
[2026-01-25T14:23:05.832+0000] {logging_mixin.py:188} INFO - [2026-01-25T14:23:05.832+0000] {dag.py:3823} INFO - Setting next_dagrun for flatten_data to None, run_after=None
[2026-01-25T14:23:05.846+0000] {processor.py:183} INFO - Processing /opt/airflow/dags/flatten_dag.py took 0.092 seconds
[2026-01-25T14:23:09.876+0000] {processor.py:161} INFO - Started process (PID=496) to work on /opt/airflow/dags/flatten_dag.py
[2026-01-25T14:23:09.879+0000] {processor.py:830} INFO - Processing file /opt/airflow/dags/flatten_dag.py for tasks to queue
[2026-01-25T14:23:09.881+0000] {logging_mixin.py:188} INFO - [2026-01-25T14:23:09.880+0000] {dagbag.py:538} INFO - Filling up the DagBag from /opt/airflow/dags/flatten_dag.py
[2026-01-25T14:23:09.948+0000] {processor.py:840} INFO - DAG(s) 'flatten_data' retrieved from /opt/airflow/dags/flatten_dag.py
[2026-01-25T14:23:09.971+0000] {logging_mixin.py:188} INFO - [2026-01-25T14:23:09.971+0000] {dag.py:3036} INFO - Sync 1 DAGs
[2026-01-25T14:23:09.982+0000] {logging_mixin.py:188} INFO - [2026-01-25T14:23:09.982+0000] {dag.py:3823} INFO - Setting next_dagrun for flatten_data to None, run_after=None
[2026-01-25T14:23:09.999+0000] {processor.py:183} INFO - Processing /opt/airflow/dags/flatten_dag.py took 0.134 seconds
[2026-01-25T14:23:23.229+0000] {processor.py:161} INFO - Started process (PID=501) to work on /opt/airflow/dags/flatten_dag.py
[2026-01-25T14:23:23.232+0000] {processor.py:830} INFO - Processing file /opt/airflow/dags/flatten_dag.py for tasks to queue
[2026-01-25T14:23:23.234+0000] {logging_mixin.py:188} INFO - [2026-01-25T14:23:23.233+0000] {dagbag.py:538} INFO - Filling up the DagBag from /opt/airflow/dags/flatten_dag.py
[2026-01-25T14:23:23.277+0000] {processor.py:840} INFO - DAG(s) 'flatten_data' retrieved from /opt/airflow/dags/flatten_dag.py
[2026-01-25T14:23:23.389+0000] {logging_mixin.py:188} INFO - [2026-01-25T14:23:23.389+0000] {dag.py:3036} INFO - Sync 1 DAGs
[2026-01-25T14:23:23.399+0000] {logging_mixin.py:188} INFO - [2026-01-25T14:23:23.399+0000] {dag.py:3823} INFO - Setting next_dagrun for flatten_data to None, run_after=None
[2026-01-25T14:23:23.415+0000] {processor.py:183} INFO - Processing /opt/airflow/dags/flatten_dag.py took 0.190 seconds
[2026-01-25T14:23:28.426+0000] {processor.py:161} INFO - Started process (PID=506) to work on /opt/airflow/dags/flatten_dag.py
[2026-01-25T14:23:28.428+0000] {processor.py:830} INFO - Processing file /opt/airflow/dags/flatten_dag.py for tasks to queue
[2026-01-25T14:23:28.430+0000] {logging_mixin.py:188} INFO - [2026-01-25T14:23:28.429+0000] {dagbag.py:538} INFO - Filling up the DagBag from /opt/airflow/dags/flatten_dag.py
[2026-01-25T14:23:28.466+0000] {processor.py:840} INFO - DAG(s) 'flatten_data' retrieved from /opt/airflow/dags/flatten_dag.py
[2026-01-25T14:23:28.492+0000] {logging_mixin.py:188} INFO - [2026-01-25T14:23:28.492+0000] {dag.py:3036} INFO - Sync 1 DAGs
[2026-01-25T14:23:28.508+0000] {logging_mixin.py:188} INFO - [2026-01-25T14:23:28.508+0000] {dag.py:3823} INFO - Setting next_dagrun for flatten_data to None, run_after=None
[2026-01-25T14:23:28.545+0000] {processor.py:183} INFO - Processing /opt/airflow/dags/flatten_dag.py took 0.131 seconds
[2026-01-25T14:23:33.593+0000] {processor.py:161} INFO - Started process (PID=511) to work on /opt/airflow/dags/flatten_dag.py
[2026-01-25T14:23:33.599+0000] {processor.py:830} INFO - Processing file /opt/airflow/dags/flatten_dag.py for tasks to queue
[2026-01-25T14:23:33.602+0000] {logging_mixin.py:188} INFO - [2026-01-25T14:23:33.601+0000] {dagbag.py:538} INFO - Filling up the DagBag from /opt/airflow/dags/flatten_dag.py
[2026-01-25T14:23:33.669+0000] {processor.py:840} INFO - DAG(s) 'flatten_data' retrieved from /opt/airflow/dags/flatten_dag.py
[2026-01-25T14:23:33.690+0000] {logging_mixin.py:188} INFO - [2026-01-25T14:23:33.690+0000] {dag.py:3036} INFO - Sync 1 DAGs
[2026-01-25T14:23:33.700+0000] {logging_mixin.py:188} INFO - [2026-01-25T14:23:33.700+0000] {dag.py:3823} INFO - Setting next_dagrun for flatten_data to None, run_after=None
[2026-01-25T14:23:33.715+0000] {processor.py:183} INFO - Processing /opt/airflow/dags/flatten_dag.py took 0.129 seconds
[2026-01-25T14:24:04.039+0000] {processor.py:161} INFO - Started process (PID=516) to work on /opt/airflow/dags/flatten_dag.py
[2026-01-25T14:24:04.041+0000] {processor.py:830} INFO - Processing file /opt/airflow/dags/flatten_dag.py for tasks to queue
[2026-01-25T14:24:04.043+0000] {logging_mixin.py:188} INFO - [2026-01-25T14:24:04.042+0000] {dagbag.py:538} INFO - Filling up the DagBag from /opt/airflow/dags/flatten_dag.py
[2026-01-25T14:24:04.077+0000] {processor.py:840} INFO - DAG(s) 'flatten_data' retrieved from /opt/airflow/dags/flatten_dag.py
[2026-01-25T14:24:04.113+0000] {logging_mixin.py:188} INFO - [2026-01-25T14:24:04.113+0000] {dag.py:3036} INFO - Sync 1 DAGs
[2026-01-25T14:24:04.122+0000] {logging_mixin.py:188} INFO - [2026-01-25T14:24:04.122+0000] {dag.py:3823} INFO - Setting next_dagrun for flatten_data to None, run_after=None
[2026-01-25T14:24:04.132+0000] {processor.py:183} INFO - Processing /opt/airflow/dags/flatten_dag.py took 0.101 seconds
[2026-01-25T14:24:34.503+0000] {processor.py:161} INFO - Started process (PID=521) to work on /opt/airflow/dags/flatten_dag.py
[2026-01-25T14:24:34.505+0000] {processor.py:830} INFO - Processing file /opt/airflow/dags/flatten_dag.py for tasks to queue
[2026-01-25T14:24:34.506+0000] {logging_mixin.py:188} INFO - [2026-01-25T14:24:34.506+0000] {dagbag.py:538} INFO - Filling up the DagBag from /opt/airflow/dags/flatten_dag.py
[2026-01-25T14:24:34.528+0000] {processor.py:840} INFO - DAG(s) 'flatten_data' retrieved from /opt/airflow/dags/flatten_dag.py
[2026-01-25T14:24:34.561+0000] {logging_mixin.py:188} INFO - [2026-01-25T14:24:34.561+0000] {dag.py:3036} INFO - Sync 1 DAGs
[2026-01-25T14:24:34.573+0000] {logging_mixin.py:188} INFO - [2026-01-25T14:24:34.573+0000] {dag.py:3823} INFO - Setting next_dagrun for flatten_data to None, run_after=None
[2026-01-25T14:24:34.585+0000] {processor.py:183} INFO - Processing /opt/airflow/dags/flatten_dag.py took 0.091 seconds
[2026-01-25T14:25:04.996+0000] {processor.py:161} INFO - Started process (PID=526) to work on /opt/airflow/dags/flatten_dag.py
[2026-01-25T14:25:05.003+0000] {processor.py:830} INFO - Processing file /opt/airflow/dags/flatten_dag.py for tasks to queue
[2026-01-25T14:25:05.004+0000] {logging_mixin.py:188} INFO - [2026-01-25T14:25:05.004+0000] {dagbag.py:538} INFO - Filling up the DagBag from /opt/airflow/dags/flatten_dag.py
[2026-01-25T14:25:05.026+0000] {processor.py:840} INFO - DAG(s) 'flatten_data' retrieved from /opt/airflow/dags/flatten_dag.py
[2026-01-25T14:25:05.060+0000] {logging_mixin.py:188} INFO - [2026-01-25T14:25:05.060+0000] {dag.py:3036} INFO - Sync 1 DAGs
[2026-01-25T14:25:05.073+0000] {logging_mixin.py:188} INFO - [2026-01-25T14:25:05.072+0000] {dag.py:3823} INFO - Setting next_dagrun for flatten_data to None, run_after=None
[2026-01-25T14:25:05.087+0000] {processor.py:183} INFO - Processing /opt/airflow/dags/flatten_dag.py took 0.097 seconds
[2026-01-25T14:25:35.574+0000] {processor.py:161} INFO - Started process (PID=531) to work on /opt/airflow/dags/flatten_dag.py
[2026-01-25T14:25:35.576+0000] {processor.py:830} INFO - Processing file /opt/airflow/dags/flatten_dag.py for tasks to queue
[2026-01-25T14:25:35.578+0000] {logging_mixin.py:188} INFO - [2026-01-25T14:25:35.577+0000] {dagbag.py:538} INFO - Filling up the DagBag from /opt/airflow/dags/flatten_dag.py
[2026-01-25T14:25:35.604+0000] {processor.py:840} INFO - DAG(s) 'flatten_data' retrieved from /opt/airflow/dags/flatten_dag.py
[2026-01-25T14:25:35.653+0000] {logging_mixin.py:188} INFO - [2026-01-25T14:25:35.653+0000] {dag.py:3036} INFO - Sync 1 DAGs
[2026-01-25T14:25:35.661+0000] {logging_mixin.py:188} INFO - [2026-01-25T14:25:35.661+0000] {dag.py:3823} INFO - Setting next_dagrun for flatten_data to None, run_after=None
[2026-01-25T14:25:35.673+0000] {processor.py:183} INFO - Processing /opt/airflow/dags/flatten_dag.py took 0.106 seconds
[2026-01-25T14:26:06.005+0000] {processor.py:161} INFO - Started process (PID=536) to work on /opt/airflow/dags/flatten_dag.py
[2026-01-25T14:26:06.008+0000] {processor.py:830} INFO - Processing file /opt/airflow/dags/flatten_dag.py for tasks to queue
[2026-01-25T14:26:06.011+0000] {logging_mixin.py:188} INFO - [2026-01-25T14:26:06.010+0000] {dagbag.py:538} INFO - Filling up the DagBag from /opt/airflow/dags/flatten_dag.py
[2026-01-25T14:26:06.038+0000] {processor.py:840} INFO - DAG(s) 'flatten_data' retrieved from /opt/airflow/dags/flatten_dag.py
[2026-01-25T14:26:06.074+0000] {logging_mixin.py:188} INFO - [2026-01-25T14:26:06.074+0000] {dag.py:3036} INFO - Sync 1 DAGs
[2026-01-25T14:26:06.092+0000] {logging_mixin.py:188} INFO - [2026-01-25T14:26:06.092+0000] {dag.py:3823} INFO - Setting next_dagrun for flatten_data to None, run_after=None
[2026-01-25T14:26:06.115+0000] {processor.py:183} INFO - Processing /opt/airflow/dags/flatten_dag.py took 0.118 seconds
