[2026-01-25T13:58:51.771+0000] {manager.py:469} INFO - Processing files using up to 2 processes at a time 
[2026-01-25T13:58:51.774+0000] {manager.py:470} INFO - Process each file at most once every 30 seconds
[2026-01-25T13:58:51.775+0000] {manager.py:471} INFO - Checking for new files in /opt/airflow/dags every 300 seconds
[2026-01-25T13:58:51.776+0000] {manager.py:738} INFO - Searching for files in /opt/airflow/dags
[2026-01-25T13:58:51.784+0000] {manager.py:741} INFO - There are 1 files in /opt/airflow/dags
[2026-01-25T13:58:52.472+0000] {manager.py:879} INFO - 
================================================================================
DAG File Processing Stats

File Path                           PID  Runtime      # DAGs    # Errors  Last Runtime    Last Run
--------------------------------  -----  ---------  --------  ----------  --------------  ----------
/opt/airflow/dags/flatten_dag.py    176  0.13s             0           0
================================================================================
[2026-01-25T13:59:22.842+0000] {manager.py:879} INFO - 
================================================================================
DAG File Processing Stats

File Path                           PID  Runtime      # DAGs    # Errors  Last Runtime    Last Run
--------------------------------  -----  ---------  --------  ----------  --------------  -------------------
/opt/airflow/dags/flatten_dag.py    195  0.04s             1           0  0.35s           2026-01-25T13:58:52
================================================================================
[2026-01-25T13:59:51.074+0000] {manager.py:451} INFO - Exiting gracefully upon receiving signal 15
[2026-01-25T14:00:30.190+0000] {manager.py:469} INFO - Processing files using up to 2 processes at a time 
[2026-01-25T14:00:30.191+0000] {manager.py:470} INFO - Process each file at most once every 30 seconds
[2026-01-25T14:00:30.192+0000] {manager.py:471} INFO - Checking for new files in /opt/airflow/dags every 300 seconds
[2026-01-25T14:00:30.193+0000] {manager.py:738} INFO - Searching for files in /opt/airflow/dags
[2026-01-25T14:00:30.201+0000] {manager.py:741} INFO - There are 1 files in /opt/airflow/dags
[2026-01-25T14:00:30.749+0000] {manager.py:879} INFO - 
================================================================================
DAG File Processing Stats

File Path                           PID  Runtime      # DAGs    # Errors  Last Runtime    Last Run
--------------------------------  -----  ---------  --------  ----------  --------------  ----------
/opt/airflow/dags/flatten_dag.py    176  0.10s             0           0
================================================================================
[2026-01-25T14:01:01.129+0000] {manager.py:879} INFO - 
================================================================================
DAG File Processing Stats

File Path                           PID  Runtime      # DAGs    # Errors  Last Runtime    Last Run
--------------------------------  -----  ---------  --------  ----------  --------------  -------------------
/opt/airflow/dags/flatten_dag.py    200  0.02s             1           0  0.41s           2026-01-25T14:00:31
================================================================================
[2026-01-25T14:01:31.583+0000] {manager.py:879} INFO - 
================================================================================
DAG File Processing Stats

File Path                           PID  Runtime      # DAGs    # Errors  Last Runtime    Last Run
--------------------------------  -----  ---------  --------  ----------  --------------  -------------------
/opt/airflow/dags/flatten_dag.py    205  0.06s             1           0  0.15s           2026-01-25T14:01:01
================================================================================
[2026-01-25T14:02:02.127+0000] {manager.py:879} INFO - 
================================================================================
DAG File Processing Stats

File Path                           PID  Runtime      # DAGs    # Errors  Last Runtime    Last Run
--------------------------------  -----  ---------  --------  ----------  --------------  -------------------
/opt/airflow/dags/flatten_dag.py    210  0.05s             1           0  0.19s           2026-01-25T14:01:31
================================================================================
[2026-01-25T14:02:32.590+0000] {manager.py:879} INFO - 
================================================================================
DAG File Processing Stats

File Path                           PID  Runtime      # DAGs    # Errors  Last Runtime    Last Run
--------------------------------  -----  ---------  --------  ----------  --------------  -------------------
/opt/airflow/dags/flatten_dag.py    215  0.04s             1           0  0.19s           2026-01-25T14:02:02
================================================================================
[2026-01-25T14:03:03.478+0000] {manager.py:879} INFO - 
================================================================================
DAG File Processing Stats

File Path                         PID    Runtime      # DAGs    # Errors  Last Runtime    Last Run
--------------------------------  -----  ---------  --------  ----------  --------------  -------------------
/opt/airflow/dags/flatten_dag.py                           1           0  0.18s           2026-01-25T14:03:00
================================================================================
[2026-01-25T14:03:34.164+0000] {manager.py:879} INFO - 
================================================================================
DAG File Processing Stats

File Path                         PID    Runtime      # DAGs    # Errors  Last Runtime    Last Run
--------------------------------  -----  ---------  --------  ----------  --------------  -------------------
/opt/airflow/dags/flatten_dag.py                           1           0  0.37s           2026-01-25T14:03:20
================================================================================
[2026-01-25T14:04:04.941+0000] {manager.py:879} INFO - 
================================================================================
DAG File Processing Stats

File Path                         PID    Runtime      # DAGs    # Errors  Last Runtime    Last Run
--------------------------------  -----  ---------  --------  ----------  --------------  -------------------
/opt/airflow/dags/flatten_dag.py                           1           0  0.16s           2026-01-25T14:03:50
================================================================================
[2026-01-25T14:04:35.351+0000] {manager.py:879} INFO - 
================================================================================
DAG File Processing Stats

File Path                         PID    Runtime      # DAGs    # Errors  Last Runtime    Last Run
--------------------------------  -----  ---------  --------  ----------  --------------  -------------------
/opt/airflow/dags/flatten_dag.py                           1           0  0.17s           2026-01-25T14:04:21
================================================================================
[2026-01-25T14:05:05.914+0000] {manager.py:879} INFO - 
================================================================================
DAG File Processing Stats

File Path                         PID    Runtime      # DAGs    # Errors  Last Runtime    Last Run
--------------------------------  -----  ---------  --------  ----------  --------------  -------------------
/opt/airflow/dags/flatten_dag.py                           1           0  0.19s           2026-01-25T14:04:51
================================================================================
[2026-01-25T14:05:30.248+0000] {manager.py:738} INFO - Searching for files in /opt/airflow/dags
[2026-01-25T14:05:30.271+0000] {manager.py:741} INFO - There are 1 files in /opt/airflow/dags
[2026-01-25T14:05:36.357+0000] {manager.py:879} INFO - 
================================================================================
DAG File Processing Stats

File Path                         PID    Runtime      # DAGs    # Errors  Last Runtime    Last Run
--------------------------------  -----  ---------  --------  ----------  --------------  -------------------
/opt/airflow/dags/flatten_dag.py                           1           0  0.16s           2026-01-25T14:05:22
================================================================================
[2026-01-25T14:06:06.887+0000] {manager.py:879} INFO - 
================================================================================
DAG File Processing Stats

File Path                         PID    Runtime      # DAGs    # Errors  Last Runtime    Last Run
--------------------------------  -----  ---------  --------  ----------  --------------  -------------------
/opt/airflow/dags/flatten_dag.py                           1           0  0.26s           2026-01-25T14:06:06
================================================================================
[2026-01-25T14:06:37.648+0000] {manager.py:879} INFO - 
================================================================================
DAG File Processing Stats

File Path                         PID    Runtime      # DAGs    # Errors  Last Runtime    Last Run
--------------------------------  -----  ---------  --------  ----------  --------------  -------------------
/opt/airflow/dags/flatten_dag.py                           1           0  0.19s           2026-01-25T14:06:14
================================================================================
[2026-01-25T14:07:08.250+0000] {manager.py:879} INFO - 
================================================================================
DAG File Processing Stats

File Path                         PID    Runtime      # DAGs    # Errors  Last Runtime    Last Run
--------------------------------  -----  ---------  --------  ----------  --------------  -------------------
/opt/airflow/dags/flatten_dag.py                           1           0  0.20s           2026-01-25T14:06:44
================================================================================
[2026-01-25T14:07:38.744+0000] {manager.py:879} INFO - 
================================================================================
DAG File Processing Stats

File Path                         PID    Runtime      # DAGs    # Errors  Last Runtime    Last Run
--------------------------------  -----  ---------  --------  ----------  --------------  -------------------
/opt/airflow/dags/flatten_dag.py                           1           0  0.17s           2026-01-25T14:07:15
================================================================================
[2026-01-25T14:08:09.498+0000] {manager.py:879} INFO - 
================================================================================
DAG File Processing Stats

File Path                         PID    Runtime      # DAGs    # Errors  Last Runtime    Last Run
--------------------------------  -----  ---------  --------  ----------  --------------  -------------------
/opt/airflow/dags/flatten_dag.py                           1           0  0.37s           2026-01-25T14:07:46
================================================================================
[2026-01-25T14:08:40.081+0000] {manager.py:879} INFO - 
================================================================================
DAG File Processing Stats

File Path                         PID    Runtime      # DAGs    # Errors  Last Runtime    Last Run
--------------------------------  -----  ---------  --------  ----------  --------------  -------------------
/opt/airflow/dags/flatten_dag.py                           1           0  0.19s           2026-01-25T14:08:16
================================================================================
[2026-01-25T14:09:10.660+0000] {manager.py:879} INFO - 
================================================================================
DAG File Processing Stats

File Path                         PID    Runtime      # DAGs    # Errors  Last Runtime    Last Run
--------------------------------  -----  ---------  --------  ----------  --------------  -------------------
/opt/airflow/dags/flatten_dag.py                           1           0  0.17s           2026-01-25T14:08:47
================================================================================
[2026-01-25T14:09:41.123+0000] {manager.py:879} INFO - 
================================================================================
DAG File Processing Stats

File Path                         PID    Runtime      # DAGs    # Errors  Last Runtime    Last Run
--------------------------------  -----  ---------  --------  ----------  --------------  -------------------
/opt/airflow/dags/flatten_dag.py                           1           0  0.16s           2026-01-25T14:09:17
================================================================================
[2026-01-25T14:10:11.578+0000] {manager.py:879} INFO - 
================================================================================
DAG File Processing Stats

File Path                         PID    Runtime      # DAGs    # Errors  Last Runtime    Last Run
--------------------------------  -----  ---------  --------  ----------  --------------  -------------------
/opt/airflow/dags/flatten_dag.py                           1           0  0.17s           2026-01-25T14:09:48
================================================================================
[2026-01-25T14:10:30.885+0000] {manager.py:738} INFO - Searching for files in /opt/airflow/dags
[2026-01-25T14:10:30.908+0000] {manager.py:741} INFO - There are 1 files in /opt/airflow/dags
[2026-01-25T14:10:42.064+0000] {manager.py:879} INFO - 
================================================================================
DAG File Processing Stats

File Path                         PID    Runtime      # DAGs    # Errors  Last Runtime    Last Run
--------------------------------  -----  ---------  --------  ----------  --------------  -------------------
/opt/airflow/dags/flatten_dag.py                           1           0  0.17s           2026-01-25T14:10:18
================================================================================
[2026-01-25T14:11:12.879+0000] {manager.py:879} INFO - 
================================================================================
DAG File Processing Stats

File Path                         PID    Runtime      # DAGs    # Errors  Last Runtime    Last Run
--------------------------------  -----  ---------  --------  ----------  --------------  -------------------
/opt/airflow/dags/flatten_dag.py                           1           0  0.19s           2026-01-25T14:11:03
================================================================================
[2026-01-25T14:11:43.521+0000] {manager.py:879} INFO - 
================================================================================
DAG File Processing Stats

File Path                         PID    Runtime      # DAGs    # Errors  Last Runtime    Last Run
--------------------------------  -----  ---------  --------  ----------  --------------  -------------------
/opt/airflow/dags/flatten_dag.py                           1           0  0.33s           2026-01-25T14:11:34
================================================================================
[2026-01-25T14:12:14.042+0000] {manager.py:879} INFO - 
================================================================================
DAG File Processing Stats

File Path                         PID    Runtime      # DAGs    # Errors  Last Runtime    Last Run
--------------------------------  -----  ---------  --------  ----------  --------------  -------------------
/opt/airflow/dags/flatten_dag.py                           1           0  0.16s           2026-01-25T14:12:04
================================================================================
[2026-01-25T14:12:44.424+0000] {manager.py:879} INFO - 
================================================================================
DAG File Processing Stats

File Path                         PID    Runtime      # DAGs    # Errors  Last Runtime    Last Run
--------------------------------  -----  ---------  --------  ----------  --------------  -------------------
/opt/airflow/dags/flatten_dag.py                           1           0  0.13s           2026-01-25T14:12:35
================================================================================
[2026-01-25T14:13:14.492+0000] {manager.py:879} INFO - 
================================================================================
DAG File Processing Stats

File Path                           PID  Runtime      # DAGs    # Errors  Last Runtime    Last Run
--------------------------------  -----  ---------  --------  ----------  --------------  -------------------
/opt/airflow/dags/flatten_dag.py    376  0.03s             1           0  0.35s           2026-01-25T14:13:12
================================================================================
[2026-01-25T14:13:45.247+0000] {manager.py:879} INFO - 
================================================================================
DAG File Processing Stats

File Path                           PID  Runtime      # DAGs    # Errors  Last Runtime    Last Run
--------------------------------  -----  ---------  --------  ----------  --------------  -------------------
/opt/airflow/dags/flatten_dag.py    387  0.03s             1           0  0.20s           2026-01-25T14:13:14
================================================================================
[2026-01-25T14:14:15.754+0000] {manager.py:879} INFO - 
================================================================================
DAG File Processing Stats

File Path                         PID    Runtime      # DAGs    # Errors  Last Runtime    Last Run
--------------------------------  -----  ---------  --------  ----------  --------------  -------------------
/opt/airflow/dags/flatten_dag.py                           1           0  0.29s           2026-01-25T14:14:12
================================================================================
[2026-01-25T14:14:46.404+0000] {manager.py:879} INFO - 
================================================================================
DAG File Processing Stats

File Path                         PID    Runtime      # DAGs    # Errors  Last Runtime    Last Run
--------------------------------  -----  ---------  --------  ----------  --------------  -------------------
/opt/airflow/dags/flatten_dag.py                           1           0  0.34s           2026-01-25T14:14:43
================================================================================
[2026-01-25T14:15:17.086+0000] {manager.py:879} INFO - 
================================================================================
DAG File Processing Stats

File Path                         PID    Runtime      # DAGs    # Errors  Last Runtime    Last Run
--------------------------------  -----  ---------  --------  ----------  --------------  -------------------
/opt/airflow/dags/flatten_dag.py                           1           0  0.20s           2026-01-25T14:15:14
================================================================================
[2026-01-25T14:15:31.265+0000] {manager.py:738} INFO - Searching for files in /opt/airflow/dags
[2026-01-25T14:15:31.275+0000] {manager.py:741} INFO - There are 1 files in /opt/airflow/dags
[2026-01-25T14:15:47.638+0000] {manager.py:879} INFO - 
================================================================================
DAG File Processing Stats

File Path                         PID    Runtime      # DAGs    # Errors  Last Runtime    Last Run
--------------------------------  -----  ---------  --------  ----------  --------------  -------------------
/opt/airflow/dags/flatten_dag.py                           1           0  0.19s           2026-01-25T14:15:44
================================================================================
[2026-01-25T14:16:18.126+0000] {manager.py:879} INFO - 
================================================================================
DAG File Processing Stats

File Path                         PID    Runtime      # DAGs    # Errors  Last Runtime    Last Run
--------------------------------  -----  ---------  --------  ----------  --------------  -------------------
/opt/airflow/dags/flatten_dag.py                           1           0  0.17s           2026-01-25T14:16:15
================================================================================
[2026-01-25T14:16:48.636+0000] {manager.py:879} INFO - 
================================================================================
DAG File Processing Stats

File Path                         PID    Runtime      # DAGs    # Errors  Last Runtime    Last Run
--------------------------------  -----  ---------  --------  ----------  --------------  -------------------
/opt/airflow/dags/flatten_dag.py                           1           0  0.17s           2026-01-25T14:16:45
================================================================================
[2026-01-25T14:17:19.163+0000] {manager.py:879} INFO - 
================================================================================
DAG File Processing Stats

File Path                         PID    Runtime      # DAGs    # Errors  Last Runtime    Last Run
--------------------------------  -----  ---------  --------  ----------  --------------  -------------------
/opt/airflow/dags/flatten_dag.py                           1           0  0.21s           2026-01-25T14:17:10
================================================================================
[2026-01-25T14:17:49.682+0000] {manager.py:879} INFO - 
================================================================================
DAG File Processing Stats

File Path                         PID    Runtime      # DAGs    # Errors  Last Runtime    Last Run
--------------------------------  -----  ---------  --------  ----------  --------------  -------------------
/opt/airflow/dags/flatten_dag.py                           1           0  0.18s           2026-01-25T14:17:40
================================================================================
[2026-01-25T14:18:20.090+0000] {manager.py:879} INFO - 
================================================================================
DAG File Processing Stats

File Path                         PID    Runtime      # DAGs    # Errors  Last Runtime    Last Run
--------------------------------  -----  ---------  --------  ----------  --------------  -------------------
/opt/airflow/dags/flatten_dag.py                           1           0  0.15s           2026-01-25T14:18:11
================================================================================
[2026-01-25T14:18:50.563+0000] {manager.py:879} INFO - 
================================================================================
DAG File Processing Stats

File Path                         PID    Runtime      # DAGs    # Errors  Last Runtime    Last Run
--------------------------------  -----  ---------  --------  ----------  --------------  -------------------
/opt/airflow/dags/flatten_dag.py                           1           0  0.14s           2026-01-25T14:18:41
================================================================================
[2026-01-25T14:19:21.023+0000] {manager.py:879} INFO - 
================================================================================
DAG File Processing Stats

File Path                         PID    Runtime      # DAGs    # Errors  Last Runtime    Last Run
--------------------------------  -----  ---------  --------  ----------  --------------  -------------------
/opt/airflow/dags/flatten_dag.py                           1           0  0.16s           2026-01-25T14:19:12
================================================================================
[2026-01-25T14:19:51.661+0000] {manager.py:879} INFO - 
================================================================================
DAG File Processing Stats

File Path                         PID    Runtime      # DAGs    # Errors  Last Runtime    Last Run
--------------------------------  -----  ---------  --------  ----------  --------------  -------------------
/opt/airflow/dags/flatten_dag.py                           1           0  0.13s           2026-01-25T14:19:42
================================================================================
[2026-01-25T14:20:22.310+0000] {manager.py:879} INFO - 
================================================================================
DAG File Processing Stats

File Path                         PID    Runtime      # DAGs    # Errors  Last Runtime    Last Run
--------------------------------  -----  ---------  --------  ----------  --------------  -------------------
/opt/airflow/dags/flatten_dag.py                           1           0  0.14s           2026-01-25T14:20:13
================================================================================
[2026-01-25T14:20:31.415+0000] {manager.py:738} INFO - Searching for files in /opt/airflow/dags
[2026-01-25T14:20:31.429+0000] {manager.py:741} INFO - There are 1 files in /opt/airflow/dags
[2026-01-25T14:20:52.704+0000] {manager.py:879} INFO - 
================================================================================
DAG File Processing Stats

File Path                         PID    Runtime      # DAGs    # Errors  Last Runtime    Last Run
--------------------------------  -----  ---------  --------  ----------  --------------  -------------------
/opt/airflow/dags/flatten_dag.py                           1           0  0.12s           2026-01-25T14:20:43
================================================================================
[2026-01-25T14:21:23.164+0000] {manager.py:879} INFO - 
================================================================================
DAG File Processing Stats

File Path                         PID    Runtime      # DAGs    # Errors  Last Runtime    Last Run
--------------------------------  -----  ---------  --------  ----------  --------------  -------------------
/opt/airflow/dags/flatten_dag.py                           1           0  0.13s           2026-01-25T14:21:14
================================================================================
[2026-01-25T14:21:53.571+0000] {manager.py:879} INFO - 
================================================================================
DAG File Processing Stats

File Path                         PID    Runtime      # DAGs    # Errors  Last Runtime    Last Run
--------------------------------  -----  ---------  --------  ----------  --------------  -------------------
/opt/airflow/dags/flatten_dag.py                           1           0  0.14s           2026-01-25T14:21:44
================================================================================
[2026-01-25T14:22:24.025+0000] {manager.py:879} INFO - 
================================================================================
DAG File Processing Stats

File Path                         PID    Runtime      # DAGs    # Errors  Last Runtime    Last Run
--------------------------------  -----  ---------  --------  ----------  --------------  -------------------
/opt/airflow/dags/flatten_dag.py                           1           0  0.13s           2026-01-25T14:22:14
================================================================================
[2026-01-25T14:22:54.600+0000] {manager.py:879} INFO - 
================================================================================
DAG File Processing Stats

File Path                         PID    Runtime      # DAGs    # Errors  Last Runtime    Last Run
--------------------------------  -----  ---------  --------  ----------  --------------  -------------------
/opt/airflow/dags/flatten_dag.py                           1           0  0.29s           2026-01-25T14:22:46
================================================================================
[2026-01-25T14:23:25.250+0000] {manager.py:879} INFO - 
================================================================================
DAG File Processing Stats

File Path                         PID    Runtime      # DAGs    # Errors  Last Runtime    Last Run
--------------------------------  -----  ---------  --------  ----------  --------------  -------------------
/opt/airflow/dags/flatten_dag.py                           1           0  0.29s           2026-01-25T14:23:23
================================================================================
[2026-01-25T14:23:55.893+0000] {manager.py:879} INFO - 
================================================================================
DAG File Processing Stats

File Path                         PID    Runtime      # DAGs    # Errors  Last Runtime    Last Run
--------------------------------  -----  ---------  --------  ----------  --------------  -------------------
/opt/airflow/dags/flatten_dag.py                           1           0  0.18s           2026-01-25T14:23:33
================================================================================
[2026-01-25T14:24:26.301+0000] {manager.py:879} INFO - 
================================================================================
DAG File Processing Stats

File Path                         PID    Runtime      # DAGs    # Errors  Last Runtime    Last Run
--------------------------------  -----  ---------  --------  ----------  --------------  -------------------
/opt/airflow/dags/flatten_dag.py                           1           0  0.16s           2026-01-25T14:24:04
================================================================================
[2026-01-25T14:24:56.800+0000] {manager.py:879} INFO - 
================================================================================
DAG File Processing Stats

File Path                         PID    Runtime      # DAGs    # Errors  Last Runtime    Last Run
--------------------------------  -----  ---------  --------  ----------  --------------  -------------------
/opt/airflow/dags/flatten_dag.py                           1           0  0.17s           2026-01-25T14:24:34
================================================================================
[2026-01-25T14:25:27.369+0000] {manager.py:879} INFO - 
================================================================================
DAG File Processing Stats

File Path                         PID    Runtime      # DAGs    # Errors  Last Runtime    Last Run
--------------------------------  -----  ---------  --------  ----------  --------------  -------------------
/opt/airflow/dags/flatten_dag.py                           1           0  0.15s           2026-01-25T14:25:05
================================================================================
[2026-01-25T14:25:31.415+0000] {manager.py:738} INFO - Searching for files in /opt/airflow/dags
[2026-01-25T14:25:31.426+0000] {manager.py:741} INFO - There are 1 files in /opt/airflow/dags
[2026-01-25T14:25:57.820+0000] {manager.py:879} INFO - 
================================================================================
DAG File Processing Stats

File Path                         PID    Runtime      # DAGs    # Errors  Last Runtime    Last Run
--------------------------------  -----  ---------  --------  ----------  --------------  -------------------
/opt/airflow/dags/flatten_dag.py                           1           0  0.18s           2026-01-25T14:25:35
================================================================================
[2026-01-25T14:26:20.137+0000] {manager.py:451} INFO - Exiting gracefully upon receiving signal 15
[2026-01-26T08:09:26.267+0000] {manager.py:469} INFO - Processing files using up to 2 processes at a time 
[2026-01-26T08:09:26.269+0000] {manager.py:470} INFO - Process each file at most once every 30 seconds
[2026-01-26T08:09:26.269+0000] {manager.py:471} INFO - Checking for new files in /opt/airflow/dags every 300 seconds
[2026-01-26T08:09:26.270+0000] {manager.py:738} INFO - Searching for files in /opt/airflow/dags
[2026-01-26T08:09:26.286+0000] {manager.py:741} INFO - There are 1 files in /opt/airflow/dags
[2026-01-26T08:09:27.335+0000] {manager.py:879} INFO - 
================================================================================
DAG File Processing Stats

File Path                           PID  Runtime      # DAGs    # Errors  Last Runtime    Last Run
--------------------------------  -----  ---------  --------  ----------  --------------  ----------
/opt/airflow/dags/flatten_dag.py    176  0.13s             0           0
================================================================================
[2026-01-26T08:09:57.522+0000] {manager.py:879} INFO - 
================================================================================
DAG File Processing Stats

File Path                         PID    Runtime      # DAGs    # Errors  Last Runtime    Last Run
--------------------------------  -----  ---------  --------  ----------  --------------  -------------------
/opt/airflow/dags/flatten_dag.py                           1           0  0.89s           2026-01-26T08:09:28
================================================================================
[2026-01-26T08:10:28.310+0000] {manager.py:879} INFO - 
================================================================================
DAG File Processing Stats

File Path                         PID    Runtime      # DAGs    # Errors  Last Runtime    Last Run
--------------------------------  -----  ---------  --------  ----------  --------------  -------------------
/opt/airflow/dags/flatten_dag.py                           1           0  0.69s           2026-01-26T08:09:59
================================================================================
[2026-01-26T08:10:58.743+0000] {manager.py:879} INFO - 
================================================================================
DAG File Processing Stats

File Path                         PID    Runtime      # DAGs    # Errors  Last Runtime    Last Run
--------------------------------  -----  ---------  --------  ----------  --------------  -------------------
/opt/airflow/dags/flatten_dag.py                           1           0  0.15s           2026-01-26T08:10:30
================================================================================
[2026-01-26T08:11:29.293+0000] {manager.py:879} INFO - 
================================================================================
DAG File Processing Stats

File Path                         PID    Runtime      # DAGs    # Errors  Last Runtime    Last Run
--------------------------------  -----  ---------  --------  ----------  --------------  -------------------
/opt/airflow/dags/flatten_dag.py                           1           0  0.09s           2026-01-26T08:11:00
================================================================================
[2026-01-26T08:11:59.708+0000] {manager.py:879} INFO - 
================================================================================
DAG File Processing Stats

File Path                         PID    Runtime      # DAGs    # Errors  Last Runtime    Last Run
--------------------------------  -----  ---------  --------  ----------  --------------  -------------------
/opt/airflow/dags/flatten_dag.py                           1           0  0.17s           2026-01-26T08:11:31
================================================================================
[2026-01-26T08:12:30.289+0000] {manager.py:879} INFO - 
================================================================================
DAG File Processing Stats

File Path                         PID    Runtime      # DAGs    # Errors  Last Runtime    Last Run
--------------------------------  -----  ---------  --------  ----------  --------------  -------------------
/opt/airflow/dags/flatten_dag.py                           1           0  0.11s           2026-01-26T08:12:01
================================================================================
[2026-01-26T08:13:01.165+0000] {manager.py:879} INFO - 
================================================================================
DAG File Processing Stats

File Path                         PID    Runtime      # DAGs    # Errors  Last Runtime    Last Run
--------------------------------  -----  ---------  --------  ----------  --------------  -------------------
/opt/airflow/dags/flatten_dag.py                           1           0  0.13s           2026-01-26T08:12:32
================================================================================
[2026-01-26T08:13:31.403+0000] {manager.py:879} INFO - 
================================================================================
DAG File Processing Stats

File Path                         PID    Runtime      # DAGs    # Errors  Last Runtime    Last Run
--------------------------------  -----  ---------  --------  ----------  --------------  -------------------
/opt/airflow/dags/flatten_dag.py                           1           0  0.26s           2026-01-26T08:13:03
================================================================================
[2026-01-26T08:14:02.083+0000] {manager.py:879} INFO - 
================================================================================
DAG File Processing Stats

File Path                         PID    Runtime      # DAGs    # Errors  Last Runtime    Last Run
--------------------------------  -----  ---------  --------  ----------  --------------  -------------------
/opt/airflow/dags/flatten_dag.py                           1           0  0.16s           2026-01-26T08:13:34
================================================================================
[2026-01-26T08:14:26.516+0000] {manager.py:738} INFO - Searching for files in /opt/airflow/dags
[2026-01-26T08:14:26.531+0000] {manager.py:741} INFO - There are 1 files in /opt/airflow/dags
[2026-01-26T08:14:32.668+0000] {manager.py:879} INFO - 
================================================================================
DAG File Processing Stats

File Path                         PID    Runtime      # DAGs    # Errors  Last Runtime    Last Run
--------------------------------  -----  ---------  --------  ----------  --------------  -------------------
/opt/airflow/dags/flatten_dag.py                           1           0  0.26s           2026-01-26T08:14:05
================================================================================
[2026-01-26T08:15:03.372+0000] {manager.py:879} INFO - 
================================================================================
DAG File Processing Stats

File Path                         PID    Runtime      # DAGs    # Errors  Last Runtime    Last Run
--------------------------------  -----  ---------  --------  ----------  --------------  -------------------
/opt/airflow/dags/flatten_dag.py                           1           0  0.32s           2026-01-26T08:14:36
================================================================================
[2026-01-26T08:15:34.170+0000] {manager.py:879} INFO - 
================================================================================
DAG File Processing Stats

File Path                         PID    Runtime      # DAGs    # Errors  Last Runtime    Last Run
--------------------------------  -----  ---------  --------  ----------  --------------  -------------------
/opt/airflow/dags/flatten_dag.py                           1           0  0.18s           2026-01-26T08:15:06
================================================================================
[2026-01-26T08:16:04.853+0000] {manager.py:879} INFO - 
================================================================================
DAG File Processing Stats

File Path                         PID    Runtime      # DAGs    # Errors  Last Runtime    Last Run
--------------------------------  -----  ---------  --------  ----------  --------------  -------------------
/opt/airflow/dags/flatten_dag.py                           1           0  0.17s           2026-01-26T08:15:37
================================================================================
[2026-01-26T08:16:35.549+0000] {manager.py:879} INFO - 
================================================================================
DAG File Processing Stats

File Path                         PID    Runtime      # DAGs    # Errors  Last Runtime    Last Run
--------------------------------  -----  ---------  --------  ----------  --------------  -------------------
/opt/airflow/dags/flatten_dag.py                           1           0  0.18s           2026-01-26T08:16:08
================================================================================
[2026-01-26T08:17:06.064+0000] {manager.py:879} INFO - 
================================================================================
DAG File Processing Stats

File Path                         PID    Runtime      # DAGs    # Errors  Last Runtime    Last Run
--------------------------------  -----  ---------  --------  ----------  --------------  -------------------
/opt/airflow/dags/flatten_dag.py                           1           0  0.13s           2026-01-26T08:16:38
================================================================================
[2026-01-26T08:17:36.910+0000] {manager.py:879} INFO - 
================================================================================
DAG File Processing Stats

File Path                         PID    Runtime      # DAGs    # Errors  Last Runtime    Last Run
--------------------------------  -----  ---------  --------  ----------  --------------  -------------------
/opt/airflow/dags/flatten_dag.py                           1           0  0.16s           2026-01-26T08:17:09
================================================================================
[2026-01-26T08:18:07.347+0000] {manager.py:879} INFO - 
================================================================================
DAG File Processing Stats

File Path                         PID    Runtime      # DAGs    # Errors  Last Runtime    Last Run
--------------------------------  -----  ---------  --------  ----------  --------------  -------------------
/opt/airflow/dags/flatten_dag.py                           1           0  0.16s           2026-01-26T08:17:40
================================================================================
[2026-01-26T08:18:37.573+0000] {manager.py:879} INFO - 
================================================================================
DAG File Processing Stats

File Path                         PID    Runtime      # DAGs    # Errors  Last Runtime    Last Run
--------------------------------  -----  ---------  --------  ----------  --------------  -------------------
/opt/airflow/dags/flatten_dag.py                           1           0  0.14s           2026-01-26T08:18:10
================================================================================
[2026-01-26T08:19:08.228+0000] {manager.py:879} INFO - 
================================================================================
DAG File Processing Stats

File Path                         PID    Runtime      # DAGs    # Errors  Last Runtime    Last Run
--------------------------------  -----  ---------  --------  ----------  --------------  -------------------
/opt/airflow/dags/flatten_dag.py                           1           0  0.14s           2026-01-26T08:18:40
================================================================================
[2026-01-26T08:19:26.554+0000] {manager.py:738} INFO - Searching for files in /opt/airflow/dags
[2026-01-26T08:19:26.567+0000] {manager.py:741} INFO - There are 1 files in /opt/airflow/dags
[2026-01-26T08:19:38.741+0000] {manager.py:879} INFO - 
================================================================================
DAG File Processing Stats

File Path                         PID    Runtime      # DAGs    # Errors  Last Runtime    Last Run
--------------------------------  -----  ---------  --------  ----------  --------------  -------------------
/opt/airflow/dags/flatten_dag.py                           1           0  0.22s           2026-01-26T08:19:11
================================================================================
[2026-01-26T08:20:09.473+0000] {manager.py:879} INFO - 
================================================================================
DAG File Processing Stats

File Path                         PID    Runtime      # DAGs    # Errors  Last Runtime    Last Run
--------------------------------  -----  ---------  --------  ----------  --------------  -------------------
/opt/airflow/dags/flatten_dag.py                           1           0  0.20s           2026-01-26T08:19:42
================================================================================
[2026-01-26T08:20:40.114+0000] {manager.py:879} INFO - 
================================================================================
DAG File Processing Stats

File Path                         PID    Runtime      # DAGs    # Errors  Last Runtime    Last Run
--------------------------------  -----  ---------  --------  ----------  --------------  -------------------
/opt/airflow/dags/flatten_dag.py                           1           0  0.15s           2026-01-26T08:20:12
================================================================================
[2026-01-26T08:21:10.736+0000] {manager.py:879} INFO - 
================================================================================
DAG File Processing Stats

File Path                         PID    Runtime      # DAGs    # Errors  Last Runtime    Last Run
--------------------------------  -----  ---------  --------  ----------  --------------  -------------------
/opt/airflow/dags/flatten_dag.py                           1           0  0.15s           2026-01-26T08:20:43
================================================================================
[2026-01-26T08:21:41.228+0000] {manager.py:879} INFO - 
================================================================================
DAG File Processing Stats

File Path                         PID    Runtime      # DAGs    # Errors  Last Runtime    Last Run
--------------------------------  -----  ---------  --------  ----------  --------------  -------------------
/opt/airflow/dags/flatten_dag.py                           1           0  0.26s           2026-01-26T08:21:14
================================================================================
[2026-01-26T08:22:11.636+0000] {manager.py:879} INFO - 
================================================================================
DAG File Processing Stats

File Path                         PID    Runtime      # DAGs    # Errors  Last Runtime    Last Run
--------------------------------  -----  ---------  --------  ----------  --------------  -------------------
/opt/airflow/dags/flatten_dag.py                           1           0  0.10s           2026-01-26T08:21:44
================================================================================
[2026-01-26T08:22:42.201+0000] {manager.py:879} INFO - 
================================================================================
DAG File Processing Stats

File Path                         PID    Runtime      # DAGs    # Errors  Last Runtime    Last Run
--------------------------------  -----  ---------  --------  ----------  --------------  -------------------
/opt/airflow/dags/flatten_dag.py                           1           0  0.14s           2026-01-26T08:22:14
================================================================================
[2026-01-26T08:23:12.584+0000] {manager.py:879} INFO - 
================================================================================
DAG File Processing Stats

File Path                         PID    Runtime      # DAGs    # Errors  Last Runtime    Last Run
--------------------------------  -----  ---------  --------  ----------  --------------  -------------------
/opt/airflow/dags/flatten_dag.py                           1           0  0.14s           2026-01-26T08:22:45
================================================================================
[2026-01-26T08:23:43.224+0000] {manager.py:879} INFO - 
================================================================================
DAG File Processing Stats

File Path                         PID    Runtime      # DAGs    # Errors  Last Runtime    Last Run
--------------------------------  -----  ---------  --------  ----------  --------------  -------------------
/opt/airflow/dags/flatten_dag.py                           1           0  0.16s           2026-01-26T08:23:15
================================================================================
[2026-01-26T08:24:13.883+0000] {manager.py:879} INFO - 
================================================================================
DAG File Processing Stats

File Path                         PID    Runtime      # DAGs    # Errors  Last Runtime    Last Run
--------------------------------  -----  ---------  --------  ----------  --------------  -------------------
/opt/airflow/dags/flatten_dag.py                           1           0  0.17s           2026-01-26T08:23:46
================================================================================
[2026-01-26T08:24:27.156+0000] {manager.py:738} INFO - Searching for files in /opt/airflow/dags
[2026-01-26T08:24:27.180+0000] {manager.py:741} INFO - There are 1 files in /opt/airflow/dags
[2026-01-26T08:24:44.577+0000] {manager.py:879} INFO - 
================================================================================
DAG File Processing Stats

File Path                         PID    Runtime      # DAGs    # Errors  Last Runtime    Last Run
--------------------------------  -----  ---------  --------  ----------  --------------  -------------------
/opt/airflow/dags/flatten_dag.py                           1           0  0.14s           2026-01-26T08:24:17
================================================================================
[2026-01-26T08:25:15.188+0000] {manager.py:879} INFO - 
================================================================================
DAG File Processing Stats

File Path                         PID    Runtime      # DAGs    # Errors  Last Runtime    Last Run
--------------------------------  -----  ---------  --------  ----------  --------------  -------------------
/opt/airflow/dags/flatten_dag.py                           1           0  0.63s           2026-01-26T08:24:48
================================================================================
[2026-01-26T08:25:46.057+0000] {manager.py:879} INFO - 
================================================================================
DAG File Processing Stats

File Path                         PID    Runtime      # DAGs    # Errors  Last Runtime    Last Run
--------------------------------  -----  ---------  --------  ----------  --------------  -------------------
/opt/airflow/dags/flatten_dag.py                           1           0  0.14s           2026-01-26T08:25:18
================================================================================
[2026-01-26T08:26:16.434+0000] {manager.py:879} INFO - 
================================================================================
DAG File Processing Stats

File Path                         PID    Runtime      # DAGs    # Errors  Last Runtime    Last Run
--------------------------------  -----  ---------  --------  ----------  --------------  -------------------
/opt/airflow/dags/flatten_dag.py                           1           0  0.80s           2026-01-26T08:26:06
================================================================================
[2026-01-26T08:26:46.512+0000] {manager.py:879} INFO - 
================================================================================
DAG File Processing Stats

File Path                         PID    Runtime      # DAGs    # Errors  Last Runtime    Last Run
--------------------------------  -----  ---------  --------  ----------  --------------  -------------------
/opt/airflow/dags/flatten_dag.py                           1           0  0.23s           2026-01-26T08:26:44
================================================================================
[2026-01-26T08:27:16.933+0000] {manager.py:879} INFO - 
================================================================================
DAG File Processing Stats

File Path                         PID    Runtime      # DAGs    # Errors  Last Runtime    Last Run
--------------------------------  -----  ---------  --------  ----------  --------------  -------------------
/opt/airflow/dags/flatten_dag.py                           1           0  0.28s           2026-01-26T08:27:15
================================================================================
[2026-01-26T08:27:47.429+0000] {manager.py:879} INFO - 
================================================================================
DAG File Processing Stats

File Path                         PID    Runtime      # DAGs    # Errors  Last Runtime    Last Run
--------------------------------  -----  ---------  --------  ----------  --------------  -------------------
/opt/airflow/dags/flatten_dag.py                           1           0  0.29s           2026-01-26T08:27:45
================================================================================
[2026-01-26T08:28:17.747+0000] {manager.py:879} INFO - 
================================================================================
DAG File Processing Stats

File Path                         PID    Runtime      # DAGs    # Errors  Last Runtime    Last Run
--------------------------------  -----  ---------  --------  ----------  --------------  -------------------
/opt/airflow/dags/flatten_dag.py                           1           0  0.28s           2026-01-26T08:28:15
================================================================================
