[2026-02-03T09:23:51.945+0000] {manager.py:469} INFO - Processing files using up to 2 processes at a time 
[2026-02-03T09:23:51.948+0000] {manager.py:470} INFO - Process each file at most once every 30 seconds
[2026-02-03T09:23:51.950+0000] {manager.py:471} INFO - Checking for new files in /opt/airflow/dags every 300 seconds
[2026-02-03T09:23:51.954+0000] {manager.py:738} INFO - Searching for files in /opt/airflow/dags
[2026-02-03T09:23:51.976+0000] {manager.py:741} INFO - There are 1 files in /opt/airflow/dags
[2026-02-03T09:23:52.427+0000] {manager.py:879} INFO - 
================================================================================
DAG File Processing Stats

File Path                           PID  Runtime      # DAGs    # Errors  Last Runtime    Last Run
--------------------------------  -----  ---------  --------  ----------  --------------  ----------
/opt/airflow/dags/weather_etl.py    175  0.08s             0           0
================================================================================
[2026-02-03T09:24:22.814+0000] {manager.py:879} INFO - 
================================================================================
DAG File Processing Stats

File Path                         PID    Runtime      # DAGs    # Errors  Last Runtime    Last Run
--------------------------------  -----  ---------  --------  ----------  --------------  -------------------
/opt/airflow/dags/weather_etl.py                           1           0  2.06s           2026-02-03T09:23:54
================================================================================
[2026-02-03T09:24:53.004+0000] {manager.py:879} INFO - 
================================================================================
DAG File Processing Stats

File Path                         PID    Runtime      # DAGs    # Errors  Last Runtime    Last Run
--------------------------------  -----  ---------  --------  ----------  --------------  -------------------
/opt/airflow/dags/weather_etl.py                           1           0  0.73s           2026-02-03T09:24:25
================================================================================
[2026-02-03T09:25:23.646+0000] {manager.py:879} INFO - 
================================================================================
DAG File Processing Stats

File Path                         PID    Runtime      # DAGs    # Errors  Last Runtime    Last Run
--------------------------------  -----  ---------  --------  ----------  --------------  -------------------
/opt/airflow/dags/weather_etl.py                           1           0  0.56s           2026-02-03T09:24:56
================================================================================
[2026-02-03T09:25:54.237+0000] {manager.py:879} INFO - 
================================================================================
DAG File Processing Stats

File Path                         PID    Runtime      # DAGs    # Errors  Last Runtime    Last Run
--------------------------------  -----  ---------  --------  ----------  --------------  -------------------
/opt/airflow/dags/weather_etl.py                           1           0  0.67s           2026-02-03T09:25:27
================================================================================
[2026-02-03T09:26:24.311+0000] {manager.py:879} INFO - 
================================================================================
DAG File Processing Stats

File Path                         PID    Runtime      # DAGs    # Errors  Last Runtime    Last Run
--------------------------------  -----  ---------  --------  ----------  --------------  -------------------
/opt/airflow/dags/weather_etl.py                           1           0  0.39s           2026-02-03T09:25:58
================================================================================
[2026-02-03T09:26:55.125+0000] {manager.py:879} INFO - 
================================================================================
DAG File Processing Stats

File Path                         PID    Runtime      # DAGs    # Errors  Last Runtime    Last Run
--------------------------------  -----  ---------  --------  ----------  --------------  -------------------
/opt/airflow/dags/weather_etl.py                           1           0  0.43s           2026-02-03T09:26:28
================================================================================
[2026-02-03T09:27:25.522+0000] {manager.py:879} INFO - 
================================================================================
DAG File Processing Stats

File Path                         PID    Runtime      # DAGs    # Errors  Last Runtime    Last Run
--------------------------------  -----  ---------  --------  ----------  --------------  -------------------
/opt/airflow/dags/weather_etl.py                           1           0  0.48s           2026-02-03T09:26:59
================================================================================
[2026-02-03T09:27:55.810+0000] {manager.py:879} INFO - 
================================================================================
DAG File Processing Stats

File Path                         PID    Runtime      # DAGs    # Errors  Last Runtime    Last Run
--------------------------------  -----  ---------  --------  ----------  --------------  -------------------
/opt/airflow/dags/weather_etl.py                           1           0  0.53s           2026-02-03T09:27:30
================================================================================
[2026-02-03T09:28:26.226+0000] {manager.py:879} INFO - 
================================================================================
DAG File Processing Stats

File Path                         PID    Runtime      # DAGs    # Errors  Last Runtime    Last Run
--------------------------------  -----  ---------  --------  ----------  --------------  -------------------
/opt/airflow/dags/weather_etl.py                           1           0  0.35s           2026-02-03T09:28:01
================================================================================
[2026-02-03T09:28:52.791+0000] {manager.py:738} INFO - Searching for files in /opt/airflow/dags
[2026-02-03T09:28:52.801+0000] {manager.py:741} INFO - There are 1 files in /opt/airflow/dags
[2026-02-03T09:28:56.941+0000] {manager.py:879} INFO - 
================================================================================
DAG File Processing Stats

File Path                         PID    Runtime      # DAGs    # Errors  Last Runtime    Last Run
--------------------------------  -----  ---------  --------  ----------  --------------  -------------------
/opt/airflow/dags/weather_etl.py                           1           0  0.37s           2026-02-03T09:28:31
================================================================================
[2026-02-03T09:29:27.878+0000] {manager.py:879} INFO - 
================================================================================
DAG File Processing Stats

File Path                         PID    Runtime      # DAGs    # Errors  Last Runtime    Last Run
--------------------------------  -----  ---------  --------  ----------  --------------  -------------------
/opt/airflow/dags/weather_etl.py                           1           0  0.53s           2026-02-03T09:29:02
================================================================================
[2026-02-03T09:29:58.214+0000] {manager.py:879} INFO - 
================================================================================
DAG File Processing Stats

File Path                         PID    Runtime      # DAGs    # Errors  Last Runtime    Last Run
--------------------------------  -----  ---------  --------  ----------  --------------  -------------------
/opt/airflow/dags/weather_etl.py                           1           0  0.68s           2026-02-03T09:29:33
================================================================================
[2026-02-03T09:30:28.515+0000] {manager.py:879} INFO - 
================================================================================
DAG File Processing Stats

File Path                         PID    Runtime      # DAGs    # Errors  Last Runtime    Last Run
--------------------------------  -----  ---------  --------  ----------  --------------  -------------------
/opt/airflow/dags/weather_etl.py                           1           0  1.00s           2026-02-03T09:30:24
================================================================================
[2026-02-03T09:30:59.447+0000] {manager.py:879} INFO - 
================================================================================
DAG File Processing Stats

File Path                         PID    Runtime      # DAGs    # Errors  Last Runtime    Last Run
--------------------------------  -----  ---------  --------  ----------  --------------  -------------------
/opt/airflow/dags/weather_etl.py                           1           0  0.33s           2026-02-03T09:30:55
================================================================================
[2026-02-03T09:31:30.199+0000] {manager.py:879} INFO - 
================================================================================
DAG File Processing Stats

File Path                         PID    Runtime      # DAGs    # Errors  Last Runtime    Last Run
--------------------------------  -----  ---------  --------  ----------  --------------  -------------------
/opt/airflow/dags/weather_etl.py                           1           0  1.45s           2026-02-03T09:31:22
================================================================================
