[2026-02-10T16:26:15.332+0000] {manager.py:469} INFO - Processing files using up to 2 processes at a time 
[2026-02-10T16:26:15.333+0000] {manager.py:470} INFO - Process each file at most once every 30 seconds
[2026-02-10T16:26:15.333+0000] {manager.py:471} INFO - Checking for new files in /opt/airflow/dags every 300 seconds
[2026-02-10T16:26:15.334+0000] {manager.py:738} INFO - Searching for files in /opt/airflow/dags
[2026-02-10T16:26:15.340+0000] {manager.py:741} INFO - There are 1 files in /opt/airflow/dags
[2026-02-10T16:26:17.157+0000] {manager.py:879} INFO - 
================================================================================
DAG File Processing Stats

File Path                            PID  Runtime      # DAGs    # Errors  Last Runtime    Last Run
---------------------------------  -----  ---------  --------  ----------  --------------  ----------
/opt/airflow/dags/weather_load.py    176  0.17s             0           0
================================================================================
[2026-02-10T16:26:47.930+0000] {manager.py:879} INFO - 
================================================================================
DAG File Processing Stats

File Path                          PID    Runtime      # DAGs    # Errors  Last Runtime    Last Run
---------------------------------  -----  ---------  --------  ----------  --------------  -------------------
/opt/airflow/dags/weather_load.py                           1           0  3.78s           2026-02-10T16:26:20
================================================================================
[2026-02-10T16:27:18.283+0000] {manager.py:879} INFO - 
================================================================================
DAG File Processing Stats

File Path                          PID    Runtime      # DAGs    # Errors  Last Runtime    Last Run
---------------------------------  -----  ---------  --------  ----------  --------------  -------------------
/opt/airflow/dags/weather_load.py                           1           0  1.38s           2026-02-10T16:26:53
================================================================================
[2026-02-10T16:27:48.376+0000] {manager.py:879} INFO - 
================================================================================
DAG File Processing Stats

File Path                          PID    Runtime      # DAGs    # Errors  Last Runtime    Last Run
---------------------------------  -----  ---------  --------  ----------  --------------  -------------------
/opt/airflow/dags/weather_load.py                           1           0  0.55s           2026-02-10T16:27:24
================================================================================
[2026-02-10T16:28:19.004+0000] {manager.py:879} INFO - 
================================================================================
DAG File Processing Stats

File Path                          PID    Runtime      # DAGs    # Errors  Last Runtime    Last Run
---------------------------------  -----  ---------  --------  ----------  --------------  -------------------
/opt/airflow/dags/weather_load.py                           1           0  0.66s           2026-02-10T16:27:55
================================================================================
[2026-02-10T16:28:49.932+0000] {manager.py:879} INFO - 
================================================================================
DAG File Processing Stats

File Path                          PID    Runtime      # DAGs    # Errors  Last Runtime    Last Run
---------------------------------  -----  ---------  --------  ----------  --------------  -------------------
/opt/airflow/dags/weather_load.py                           1           0  1.15s           2026-02-10T16:28:26
================================================================================
[2026-02-10T16:29:20.538+0000] {manager.py:879} INFO - 
================================================================================
DAG File Processing Stats

File Path                          PID    Runtime      # DAGs    # Errors  Last Runtime    Last Run
---------------------------------  -----  ---------  --------  ----------  --------------  -------------------
/opt/airflow/dags/weather_load.py                           1           0  0.94s           2026-02-10T16:28:58
================================================================================
[2026-02-10T16:29:50.683+0000] {manager.py:879} INFO - 
================================================================================
DAG File Processing Stats

File Path                          PID    Runtime      # DAGs    # Errors  Last Runtime    Last Run
---------------------------------  -----  ---------  --------  ----------  --------------  -------------------
/opt/airflow/dags/weather_load.py                           1           0  1.12s           2026-02-10T16:29:29
================================================================================
[2026-02-10T16:30:21.582+0000] {manager.py:879} INFO - 
================================================================================
DAG File Processing Stats

File Path                          PID    Runtime      # DAGs    # Errors  Last Runtime    Last Run
---------------------------------  -----  ---------  --------  ----------  --------------  -------------------
/opt/airflow/dags/weather_load.py                           1           0  1.03s           2026-02-10T16:30:01
================================================================================
[2026-02-10T16:30:52.302+0000] {manager.py:879} INFO - 
================================================================================
DAG File Processing Stats

File Path                          PID    Runtime      # DAGs    # Errors  Last Runtime    Last Run
---------------------------------  -----  ---------  --------  ----------  --------------  -------------------
/opt/airflow/dags/weather_load.py                           1           0  1.46s           2026-02-10T16:30:27
================================================================================
[2026-02-10T16:31:15.815+0000] {manager.py:738} INFO - Searching for files in /opt/airflow/dags
[2026-02-10T16:31:15.844+0000] {manager.py:741} INFO - There are 1 files in /opt/airflow/dags
[2026-02-10T16:31:23.029+0000] {manager.py:879} INFO - 
================================================================================
DAG File Processing Stats

File Path                          PID    Runtime      # DAGs    # Errors  Last Runtime    Last Run
---------------------------------  -----  ---------  --------  ----------  --------------  -------------------
/opt/airflow/dags/weather_load.py                           1           0  0.53s           2026-02-10T16:30:57
================================================================================
[2026-02-10T16:31:53.475+0000] {manager.py:879} INFO - 
================================================================================
DAG File Processing Stats

File Path                          PID    Runtime      # DAGs    # Errors  Last Runtime    Last Run
---------------------------------  -----  ---------  --------  ----------  --------------  -------------------
/opt/airflow/dags/weather_load.py                           1           0  0.38s           2026-02-10T16:31:28
================================================================================
[2026-02-10T16:32:24.463+0000] {manager.py:879} INFO - 
================================================================================
DAG File Processing Stats

File Path                          PID    Runtime      # DAGs    # Errors  Last Runtime    Last Run
---------------------------------  -----  ---------  --------  ----------  --------------  -------------------
/opt/airflow/dags/weather_load.py                           1           0  0.41s           2026-02-10T16:31:58
================================================================================
[2026-02-10T16:32:54.872+0000] {manager.py:879} INFO - 
================================================================================
DAG File Processing Stats

File Path                          PID    Runtime      # DAGs    # Errors  Last Runtime    Last Run
---------------------------------  -----  ---------  --------  ----------  --------------  -------------------
/opt/airflow/dags/weather_load.py                           1           0  0.40s           2026-02-10T16:32:29
================================================================================
[2026-02-10T16:33:25.636+0000] {manager.py:879} INFO - 
================================================================================
DAG File Processing Stats

File Path                          PID    Runtime      # DAGs    # Errors  Last Runtime    Last Run
---------------------------------  -----  ---------  --------  ----------  --------------  -------------------
/opt/airflow/dags/weather_load.py                           1           0  0.37s           2026-02-10T16:33:00
================================================================================
[2026-02-10T16:33:56.047+0000] {manager.py:879} INFO - 
================================================================================
DAG File Processing Stats

File Path                          PID    Runtime      # DAGs    # Errors  Last Runtime    Last Run
---------------------------------  -----  ---------  --------  ----------  --------------  -------------------
/opt/airflow/dags/weather_load.py                           1           0  0.36s           2026-02-10T16:33:31
================================================================================
[2026-02-10T16:34:26.940+0000] {manager.py:879} INFO - 
================================================================================
DAG File Processing Stats

File Path                          PID    Runtime      # DAGs    # Errors  Last Runtime    Last Run
---------------------------------  -----  ---------  --------  ----------  --------------  -------------------
/opt/airflow/dags/weather_load.py                           1           0  0.39s           2026-02-10T16:34:01
================================================================================
[2026-02-10T16:34:57.433+0000] {manager.py:879} INFO - 
================================================================================
DAG File Processing Stats

File Path                          PID    Runtime      # DAGs    # Errors  Last Runtime    Last Run
---------------------------------  -----  ---------  --------  ----------  --------------  -------------------
/opt/airflow/dags/weather_load.py                           1           0  0.48s           2026-02-10T16:34:32
================================================================================
[2026-02-10T16:35:27.766+0000] {manager.py:879} INFO - 
================================================================================
DAG File Processing Stats

File Path                          PID    Runtime      # DAGs    # Errors  Last Runtime    Last Run
---------------------------------  -----  ---------  --------  ----------  --------------  -------------------
/opt/airflow/dags/weather_load.py                           1           0  0.70s           2026-02-10T16:35:03
================================================================================
[2026-02-10T16:35:58.459+0000] {manager.py:879} INFO - 
================================================================================
DAG File Processing Stats

File Path                          PID    Runtime      # DAGs    # Errors  Last Runtime    Last Run
---------------------------------  -----  ---------  --------  ----------  --------------  -------------------
/opt/airflow/dags/weather_load.py                           1           0  0.48s           2026-02-10T16:35:34
================================================================================
[2026-02-10T16:36:15.884+0000] {manager.py:738} INFO - Searching for files in /opt/airflow/dags
[2026-02-10T16:36:15.896+0000] {manager.py:741} INFO - There are 1 files in /opt/airflow/dags
[2026-02-10T16:36:29.089+0000] {manager.py:879} INFO - 
================================================================================
DAG File Processing Stats

File Path                          PID    Runtime      # DAGs    # Errors  Last Runtime    Last Run
---------------------------------  -----  ---------  --------  ----------  --------------  -------------------
/opt/airflow/dags/weather_load.py                           1           0  0.36s           2026-02-10T16:36:05
================================================================================
[2026-02-10T16:36:59.536+0000] {manager.py:879} INFO - 
================================================================================
DAG File Processing Stats

File Path                          PID    Runtime      # DAGs    # Errors  Last Runtime    Last Run
---------------------------------  -----  ---------  --------  ----------  --------------  -------------------
/opt/airflow/dags/weather_load.py                           1           0  0.43s           2026-02-10T16:36:35
================================================================================
[2026-02-10T16:37:29.559+0000] {manager.py:879} INFO - 
================================================================================
DAG File Processing Stats

File Path                          PID    Runtime      # DAGs    # Errors  Last Runtime    Last Run
---------------------------------  -----  ---------  --------  ----------  --------------  -------------------
/opt/airflow/dags/weather_load.py                           1           0  0.38s           2026-02-10T16:37:06
================================================================================
[2026-02-10T16:38:00.253+0000] {manager.py:879} INFO - 
================================================================================
DAG File Processing Stats

File Path                          PID    Runtime      # DAGs    # Errors  Last Runtime    Last Run
---------------------------------  -----  ---------  --------  ----------  --------------  -------------------
/opt/airflow/dags/weather_load.py                           1           0  0.36s           2026-02-10T16:37:37
================================================================================
[2026-02-10T16:38:30.704+0000] {manager.py:879} INFO - 
================================================================================
DAG File Processing Stats

File Path                          PID    Runtime      # DAGs    # Errors  Last Runtime    Last Run
---------------------------------  -----  ---------  --------  ----------  --------------  -------------------
/opt/airflow/dags/weather_load.py                           1           0  0.35s           2026-02-10T16:38:07
================================================================================
[2026-02-10T16:39:00.817+0000] {manager.py:879} INFO - 
================================================================================
DAG File Processing Stats

File Path                          PID    Runtime      # DAGs    # Errors  Last Runtime    Last Run
---------------------------------  -----  ---------  --------  ----------  --------------  -------------------
/opt/airflow/dags/weather_load.py                           1           0  0.56s           2026-02-10T16:38:38
================================================================================
[2026-02-10T16:39:31.018+0000] {manager.py:879} INFO - 
================================================================================
DAG File Processing Stats

File Path                          PID    Runtime      # DAGs    # Errors  Last Runtime    Last Run
---------------------------------  -----  ---------  --------  ----------  --------------  -------------------
/opt/airflow/dags/weather_load.py                           1           0  0.63s           2026-02-10T16:39:09
================================================================================
[2026-02-10T16:40:01.635+0000] {manager.py:879} INFO - 
================================================================================
DAG File Processing Stats

File Path                          PID    Runtime      # DAGs    # Errors  Last Runtime    Last Run
---------------------------------  -----  ---------  --------  ----------  --------------  -------------------
/opt/airflow/dags/weather_load.py                           1           0  0.66s           2026-02-10T16:39:51
================================================================================
[2026-02-10T16:40:31.778+0000] {manager.py:879} INFO - 
================================================================================
DAG File Processing Stats

File Path                          PID    Runtime      # DAGs    # Errors  Last Runtime    Last Run
---------------------------------  -----  ---------  --------  ----------  --------------  -------------------
/opt/airflow/dags/weather_load.py                           1           0  1.26s           2026-02-10T16:40:23
================================================================================
[2026-02-10T16:41:02.317+0000] {manager.py:879} INFO - 
================================================================================
DAG File Processing Stats

File Path                          PID    Runtime      # DAGs    # Errors  Last Runtime    Last Run
---------------------------------  -----  ---------  --------  ----------  --------------  -------------------
/opt/airflow/dags/weather_load.py                           1           0  0.51s           2026-02-10T16:40:54
================================================================================
[2026-02-10T16:41:16.521+0000] {manager.py:738} INFO - Searching for files in /opt/airflow/dags
[2026-02-10T16:41:16.536+0000] {manager.py:741} INFO - There are 1 files in /opt/airflow/dags
[2026-02-10T16:41:32.931+0000] {manager.py:879} INFO - 
================================================================================
DAG File Processing Stats

File Path                          PID    Runtime      # DAGs    # Errors  Last Runtime    Last Run
---------------------------------  -----  ---------  --------  ----------  --------------  -------------------
/opt/airflow/dags/weather_load.py                           1           0  0.38s           2026-02-10T16:41:25
================================================================================
[2026-02-10T16:42:03.188+0000] {manager.py:879} INFO - 
================================================================================
DAG File Processing Stats

File Path                          PID    Runtime      # DAGs    # Errors  Last Runtime    Last Run
---------------------------------  -----  ---------  --------  ----------  --------------  -------------------
/opt/airflow/dags/weather_load.py                           1           0  0.45s           2026-02-10T16:41:55
================================================================================
[2026-02-10T16:42:33.470+0000] {manager.py:879} INFO - 
================================================================================
DAG File Processing Stats

File Path                          PID    Runtime      # DAGs    # Errors  Last Runtime    Last Run
---------------------------------  -----  ---------  --------  ----------  --------------  -------------------
/opt/airflow/dags/weather_load.py                           1           0  1.15s           2026-02-10T16:42:27
================================================================================
[2026-02-10T16:43:03.675+0000] {manager.py:879} INFO - 
================================================================================
DAG File Processing Stats

File Path                          PID    Runtime      # DAGs    # Errors  Last Runtime    Last Run
---------------------------------  -----  ---------  --------  ----------  --------------  -------------------
/opt/airflow/dags/weather_load.py                           1           0  0.65s           2026-02-10T16:42:58
================================================================================
[2026-02-10T16:43:34.077+0000] {manager.py:879} INFO - 
================================================================================
DAG File Processing Stats

File Path                          PID    Runtime      # DAGs    # Errors  Last Runtime    Last Run
---------------------------------  -----  ---------  --------  ----------  --------------  -------------------
/opt/airflow/dags/weather_load.py                           1           0  0.53s           2026-02-10T16:43:30
================================================================================
[2026-02-10T16:44:04.400+0000] {manager.py:879} INFO - 
================================================================================
DAG File Processing Stats

File Path                          PID    Runtime      # DAGs    # Errors  Last Runtime    Last Run
---------------------------------  -----  ---------  --------  ----------  --------------  -------------------
/opt/airflow/dags/weather_load.py                           1           0  0.43s           2026-02-10T16:44:00
================================================================================
