[2026-01-25T14:06:32.020+0000] {taskinstance.py:1956} INFO - Dependencies all met for dep_context=non-requeueable deps ti=<TaskInstance: flatten_data.check_results manual__2026-01-25T14:00:57.684748+00:00 [queued]>
[2026-01-25T14:06:32.024+0000] {taskinstance.py:1956} INFO - Dependencies all met for dep_context=requeueable deps ti=<TaskInstance: flatten_data.check_results manual__2026-01-25T14:00:57.684748+00:00 [queued]>
[2026-01-25T14:06:32.025+0000] {taskinstance.py:2170} INFO - Starting attempt 1 of 2
[2026-01-25T14:06:32.031+0000] {taskinstance.py:2191} INFO - Executing <Task(PostgresOperator): check_results> on 2026-01-25 14:00:57.684748+00:00
[2026-01-25T14:06:32.034+0000] {standard_task_runner.py:60} INFO - Started process 289 to run task
[2026-01-25T14:06:32.036+0000] {standard_task_runner.py:87} INFO - Running: ['***', 'tasks', 'run', 'flatten_data', 'check_results', 'manual__2026-01-25T14:00:57.684748+00:00', '--job-id', '8', '--raw', '--subdir', 'DAGS_FOLDER/flatten_dag.py', '--cfg-path', '/tmp/tmpbed2bmha']
[2026-01-25T14:06:32.040+0000] {standard_task_runner.py:88} INFO - Job 8: Subtask check_results
[2026-01-25T14:06:32.065+0000] {logging_mixin.py:188} WARNING - /home/***/.local/lib/python3.11/site-packages/***/settings.py:194 DeprecationWarning: The sql_alchemy_conn option in [core] has been moved to the sql_alchemy_conn option in [database] - the old setting has been used, but please update your config.
[2026-01-25T14:06:32.088+0000] {task_command.py:423} INFO - Running <TaskInstance: flatten_data.check_results manual__2026-01-25T14:00:57.684748+00:00 [running]> on host dd5b6a24436d
[2026-01-25T14:06:32.133+0000] {taskinstance.py:2480} INFO - Exporting env vars: AIRFLOW_CTX_DAG_OWNER='student' AIRFLOW_CTX_DAG_ID='flatten_data' AIRFLOW_CTX_TASK_ID='check_results' AIRFLOW_CTX_EXECUTION_DATE='2026-01-25T14:00:57.684748+00:00' AIRFLOW_CTX_TRY_NUMBER='1' AIRFLOW_CTX_DAG_RUN_ID='manual__2026-01-25T14:00:57.684748+00:00'
[2026-01-25T14:06:32.133+0000] {sql.py:276} INFO - Executing: 
        -- Проверяем данные
        SELECT '=== CHECKING DATA ===' as info;
        
        -- Сколько записей в сырых данных
        SELECT 'Raw XML length:' as type, LENGTH(xml_data) as length FROM raw_xml;
        
        -- Сколько food элементов в XML
        SELECT 'Food elements in XML:' as type, 
               array_length(xpath('//food', xml_data::xml), 1) as count 
        FROM raw_xml;
        
        -- Что извлеклось
        SELECT 'Extracted foods:' as type, COUNT(*) as count FROM flat_foods;
        
        -- Показываем первые 3 записи
        SELECT '=== FIRST 3 FOODS ===' as info;
        SELECT food_name, manufacturer, calories_total 
        FROM flat_foods 
        ORDER BY id 
        LIMIT 3;
        
[2026-01-25T14:06:32.134+0000] {crypto.py:82} WARNING - empty cryptography key - values will not be stored encrypted.
[2026-01-25T14:06:32.134+0000] {base.py:83} INFO - Using connection ID 'postgres_data' for task execution.
[2026-01-25T14:06:32.136+0000] {base.py:83} INFO - Using connection ID 'postgres_data' for task execution.
[2026-01-25T14:06:32.145+0000] {sql.py:450} INFO - Running statement: 
        -- Проверяем данные
        SELECT '=== CHECKING DATA ===' as info;
        
        -- Сколько записей в сырых данных
        SELECT 'Raw XML length:' as type, LENGTH(xml_data) as length FROM raw_xml;
        
        -- Сколько food элементов в XML
        SELECT 'Food elements in XML:' as type, 
               array_length(xpath('//food', xml_data::xml), 1) as count 
        FROM raw_xml;
        
        -- Что извлеклось
        SELECT 'Extracted foods:' as type, COUNT(*) as count FROM flat_foods;
        
        -- Показываем первые 3 записи
        SELECT '=== FIRST 3 FOODS ===' as info;
        SELECT food_name, manufacturer, calories_total 
        FROM flat_foods 
        ORDER BY id 
        LIMIT 3;
        , parameters: None
[2026-01-25T14:06:32.149+0000] {sql.py:459} INFO - Rows affected: 0
[2026-01-25T14:06:32.160+0000] {taskinstance.py:1138} INFO - Marking task as SUCCESS. dag_id=flatten_data, task_id=check_results, execution_date=20260125T140057, start_date=20260125T140632, end_date=20260125T140632
[2026-01-25T14:06:32.180+0000] {local_task_job_runner.py:234} INFO - Task exited with return code 0
[2026-01-25T14:06:32.190+0000] {taskinstance.py:3280} INFO - 0 downstream tasks scheduled from follow-on schedule check
